Using pre-set license
Built from 'HEAD' branch; Version is '2022.1.23f1c1 (46637c7592ee) revision 4612988'; Using compiler version '192829333'; Build Type 'Release'
OS: 'Windows 11  (10.0.22631) 64bit Enterprise' Language: 'zh' Physical Memory: 32581 MB
BatchMode: 1, IsHumanControllingUs: 0, StartBugReporterOnCrash: 0, Is64bit: 1, IsPro: 1

COMMAND LINE ARGUMENTS:
D:\Program Files\Unity3d Edition\Unity 2022.1.23f1c1\Editor\Unity.exe
-adb2
-batchMode
-noUpm
-name
AssetImportWorker0
-projectPath
E:/GitHub仓库/Cat/MaidcafeDemo
-logFile
Logs/AssetImportWorker0.log
-srvPort
9860
Successfully changed project path to: E:/GitHub仓库/Cat/MaidcafeDemo
E:/GitHub仓库/Cat/MaidcafeDemo
[UnityMemory] Configuration Parameters - Can be set up in boot.config
    "memorysetup-bucket-allocator-granularity=16"
    "memorysetup-bucket-allocator-bucket-count=8"
    "memorysetup-bucket-allocator-block-size=33554432"
    "memorysetup-bucket-allocator-block-count=8"
    "memorysetup-main-allocator-block-size=16777216"
    "memorysetup-thread-allocator-block-size=16777216"
    "memorysetup-gfx-main-allocator-block-size=16777216"
    "memorysetup-gfx-thread-allocator-block-size=16777216"
    "memorysetup-cache-allocator-block-size=4194304"
    "memorysetup-typetree-allocator-block-size=2097152"
    "memorysetup-profiler-bucket-allocator-granularity=16"
    "memorysetup-profiler-bucket-allocator-bucket-count=8"
    "memorysetup-profiler-bucket-allocator-block-size=33554432"
    "memorysetup-profiler-bucket-allocator-block-count=8"
    "memorysetup-profiler-allocator-block-size=16777216"
    "memorysetup-profiler-editor-allocator-block-size=1048576"
    "memorysetup-temp-allocator-size-main=16777216"
    "memorysetup-job-temp-allocator-block-size=2097152"
    "memorysetup-job-temp-allocator-block-size-background=1048576"
    "memorysetup-job-temp-allocator-reduction-small-platforms=262144"
    "memorysetup-temp-allocator-size-background-worker=32768"
    "memorysetup-temp-allocator-size-job-worker=262144"
    "memorysetup-temp-allocator-size-preload-manager=33554432"
    "memorysetup-temp-allocator-size-nav-mesh-worker=65536"
    "memorysetup-temp-allocator-size-audio-worker=65536"
    "memorysetup-temp-allocator-size-cloud-worker=32768"
    "memorysetup-temp-allocator-size-gi-baking-worker=262144"
    "memorysetup-temp-allocator-size-gfx=262144"
Refreshing native plugins compatible for Editor in 59.60 ms, found 3 plugins.
Preloading 0 native plugins for Editor in 0.00 ms.
Initialize engine version: 2022.1.23f1c1 (46637c7592ee)
[Subsystems] Discovering subsystems at path D:/Program Files/Unity3d Edition/Unity 2022.1.23f1c1/Editor/Data/Resources/UnitySubsystems
[Subsystems] Discovering subsystems at path E:/GitHub仓库/Cat/MaidcafeDemo/Assets
GfxDevice: creating device client; threaded=0; jobified=0
Direct3D:
    Version:  Direct3D 11.0 [level 11.1]
    Renderer: NVIDIA GeForce RTX 4070 Ti (ID=0x2782)
    Vendor:   NVIDIA
    VRAM:     11996 MB
    Driver:   32.0.15.5599
Initialize mono
Mono path[0] = 'D:/Program Files/Unity3d Edition/Unity 2022.1.23f1c1/Editor/Data/Managed'
Mono path[1] = 'D:/Program Files/Unity3d Edition/Unity 2022.1.23f1c1/Editor/Data/MonoBleedingEdge/lib/mono/unityjit-win32'
Mono config path = 'D:/Program Files/Unity3d Edition/Unity 2022.1.23f1c1/Editor/Data/MonoBleedingEdge/etc'
Using monoOptions --debugger-agent=transport=dt_socket,embedding=1,server=y,suspend=n,address=127.0.0.1:56644
Begin MonoManager ReloadAssembly
Registering precompiled unity dll's ...
Register platform support module: D:/Program Files/Unity3d Edition/Unity 2022.1.23f1c1/Editor/Data/PlaybackEngines/WindowsStandaloneSupport/UnityEditor.WindowsStandalone.Extensions.dll
Registered in 0.001187 seconds.
Native extension for WindowsStandalone target not found
Refreshing native plugins compatible for Editor in 49.58 ms, found 3 plugins.
Preloading 0 native plugins for Editor in 0.00 ms.
Mono: successfully reloaded assembly
- Completed reload, in  0.431 seconds
Domain Reload Profiling:
	ReloadAssembly (431ms)
		BeginReloadAssembly (50ms)
			ExecutionOrderSort (0ms)
			DisableScriptedObjects (0ms)
			BackupInstance (0ms)
			ReleaseScriptingObjects (0ms)
			CreateAndSetChildDomain (0ms)
		EndReloadAssembly (312ms)
			LoadAssemblies (50ms)
			RebuildTransferFunctionScriptingTraits (0ms)
			SetupTypeCache (89ms)
				TypeCache.Initialize (88ms)
					TypeCache.ScanAssembly (87ms)
				ResolveRequiredComponents (1ms)
			ReleaseScriptCaches (0ms)
			RebuildScriptCaches (18ms)
			SetupLoadedEditorAssemblies (167ms)
				LogAssemblyErrors (0ms)
				InitializePlatformSupportModulesInManaged (4ms)
				SetLoadedEditorAssemblies (5ms)
				RefreshPlugins (50ms)
				BeforeProcessingInitializeOnLoad (1ms)
				ProcessInitializeOnLoadAttributes (79ms)
				ProcessInitializeOnLoadMethodAttributes (28ms)
				AfterProcessingInitializeOnLoad (0ms)
				EditorAssembliesLoaded (0ms)
			ExecutionOrderSort2 (0ms)
			AwakeInstancesAfterBackupRestoration (0ms)
Platform modules already initialized, skipping
Registering precompiled user dll's ...
Registered in 0.004813 seconds.
Begin MonoManager ReloadAssembly
Native extension for WindowsStandalone target not found
Refreshing native plugins compatible for Editor in 49.13 ms, found 3 plugins.
Preloading 0 native plugins for Editor in 0.00 ms.
Package Manager log level set to [2]
[Package Manager] Server::EnsureServerProcessIsRunning -- launch failed, reason: Unity was launched with the -noUpm command-line argument
[Package Manager] UpmClient::Send -- Unable to send message (not connected to UPM process).
[Package Manager] Cannot connect to Unity Package Manager local server
Mono: successfully reloaded assembly
- Completed reload, in  1.481 seconds
Domain Reload Profiling:
	ReloadAssembly (1482ms)
		BeginReloadAssembly (65ms)
			ExecutionOrderSort (0ms)
			DisableScriptedObjects (3ms)
			BackupInstance (0ms)
			ReleaseScriptingObjects (0ms)
			CreateAndSetChildDomain (12ms)
		EndReloadAssembly (1344ms)
			LoadAssemblies (55ms)
			RebuildTransferFunctionScriptingTraits (0ms)
			SetupTypeCache (204ms)
				TypeCache.Initialize (181ms)
					TypeCache.ScanAssembly (178ms)
				ResolveRequiredComponents (23ms)
			ReleaseScriptCaches (0ms)
			RebuildScriptCaches (64ms)
			SetupLoadedEditorAssemblies (961ms)
				LogAssemblyErrors (0ms)
				InitializePlatformSupportModulesInManaged (2ms)
				SetLoadedEditorAssemblies (6ms)
				RefreshPlugins (49ms)
				BeforeProcessingInitializeOnLoad (46ms)
				ProcessInitializeOnLoadAttributes (814ms)
				ProcessInitializeOnLoadMethodAttributes (42ms)
				AfterProcessingInitializeOnLoad (3ms)
				EditorAssembliesLoaded (0ms)
			ExecutionOrderSort2 (0ms)
			AwakeInstancesAfterBackupRestoration (3ms)
Platform modules already initialized, skipping
========================================================================
Worker process is ready to serve import requests
Launched and connected shader compiler UnityShaderCompiler.exe after 0.03 seconds
Refreshing native plugins compatible for Editor in 0.83 ms, found 3 plugins.
Preloading 0 native plugins for Editor in 0.00 ms.
Unloading 3578 Unused Serialized files (Serialized files now loaded: 0)
Unloading 59 unused Assets / (59.9 KB). Loaded Objects now: 4024.
Memory consumption went from 0.54 GB to 0.54 GB.
Total: 5.452000 ms (FindLiveObjects: 0.200800 ms CreateObjectMapping: 0.056200 ms MarkObjects: 5.069800 ms  DeleteObjects: 0.123900 ms)

AssetImportParameters requested are different than current active one (requested -> active):
  custom:video-decoder-ogg-theora: a1e56fd34408186e4bbccfd4996cb3dc -> 
  custom:container-muxer-webm: aa71ff27fc2769a1b78a27578f13a17b -> 
  custom:container-demuxer-webm: 4f35f7cbe854078d1ac9338744f61a02 -> 
  custom:video-encoder-webm-vp8: eb34c28f22e8b96e1ab97ce403110664 -> 
  custom:video-codec-MediaFoundation-h265: 746d11721c4dcdbdad8f713fa42b33f4 -> 
  custom:audio-encoder-webm-vorbis: bf7c407c2cedff20999df2af8eb42d56 -> 
  custom:framework-win-MediaFoundation: 216162199b28c13a410421893ffa2e32 -> 
  custom:container-demuxer-ogg: 62fdf1f143b41e24485cea50d1cbac27 -> 
  custom:video-decoder-webm-vp8: 9c59270c3fd7afecdb556c50c9e8de78 -> 
  custom:audio-decoder-ogg-vorbis: bf7c407c2cedff20999df2af8eb42d56 -> 
========================================================================
Received Import Request.
  Time since last request: 252407.804221 seconds.
  path: Assets/Resources/Arts Resources/Tilemap/New_bg/earth01_12.asset
  artifactKey: Guid(84899afeff9d6e34587bdecb3b48cd1f) Importer(815301076,1909f56bfc062723c751e8b465ee728b)
Start importing Assets/Resources/Arts Resources/Tilemap/New_bg/earth01_12.asset using Guid(84899afeff9d6e34587bdecb3b48cd1f) Importer(815301076,1909f56bfc062723c751e8b465ee728b)  -> (artifact id: 'ff6f09d1b1d8ec1107b9492b8f924c87') in 0.057559 seconds 
========================================================================
Received Import Request.
  Time since last request: 0.000017 seconds.
  path: Assets/Resources/Arts Resources/Tilemap/New_bg/earth01_35.asset
  artifactKey: Guid(ac4aeba7bc7d05944ade1eb2fc6f3d36) Importer(815301076,1909f56bfc062723c751e8b465ee728b)
Start importing Assets/Resources/Arts Resources/Tilemap/New_bg/earth01_35.asset using Guid(ac4aeba7bc7d05944ade1eb2fc6f3d36) Importer(815301076,1909f56bfc062723c751e8b465ee728b)  -> (artifact id: '967d7eef2bd8b99cb8cdded74de1d879') in 0.010640 seconds 
========================================================================
Received Import Request.
  Time since last request: 0.000026 seconds.
  path: Assets/Resources/Arts Resources/Tilemap/New_bg/earth01_29.asset
  artifactKey: Guid(fa37477c9b5fc5240a4052483c1fa32e) Importer(815301076,1909f56bfc062723c751e8b465ee728b)
Start importing Assets/Resources/Arts Resources/Tilemap/New_bg/earth01_29.asset using Guid(fa37477c9b5fc5240a4052483c1fa32e) Importer(815301076,1909f56bfc062723c751e8b465ee728b)  -> (artifact id: '8e95edda8d84f2aae5e4796a2c403f6e') in 0.010557 seconds 
========================================================================
Received Import Request.
  Time since last request: 0.000017 seconds.
  path: Assets/Resources/Arts Resources/Tilemap/New_bg/earth01_7.asset
  artifactKey: Guid(9dd69cf309930af4bb048629e70de1c8) Importer(815301076,1909f56bfc062723c751e8b465ee728b)
Start importing Assets/Resources/Arts Resources/Tilemap/New_bg/earth01_7.asset using Guid(9dd69cf309930af4bb048629e70de1c8) Importer(815301076,1909f56bfc062723c751e8b465ee728b)  -> (artifact id: '3f4d188ef6568571dddfe801670c9484') in 0.010196 seconds 
========================================================================
Received Import Request.
  Time since last request: 0.000013 seconds.
  path: Assets/Resources/Arts Resources/Tilemap/New_bg/earth01_9.asset
  artifactKey: Guid(61c4d1e0ab9099a4bb570aa01b585032) Importer(815301076,1909f56bfc062723c751e8b465ee728b)
Start importing Assets/Resources/Arts Resources/Tilemap/New_bg/earth01_9.asset using Guid(61c4d1e0ab9099a4bb570aa01b585032) Importer(815301076,1909f56bfc062723c751e8b465ee728b)  -> (artifact id: '9bd28827af9ca94b25040dbee75a8d5e') in 0.009814 seconds 
========================================================================
Received Import Request.
  Time since last request: 0.000015 seconds.
  path: Assets/Resources/Arts Resources/Tilemap/New_bg/earth01_38.asset
  artifactKey: Guid(ae6beab73fd155447b075114b268d3f7) Importer(815301076,1909f56bfc062723c751e8b465ee728b)
Start importing Assets/Resources/Arts Resources/Tilemap/New_bg/earth01_38.asset using Guid(ae6beab73fd155447b075114b268d3f7) Importer(815301076,1909f56bfc062723c751e8b465ee728b)  -> (artifact id: '6b06b604b29fd88095fd27bfcbd424fb') in 0.009449 seconds 
========================================================================
Received Import Request.
  Time since last request: 0.000015 seconds.
  path: Assets/Resources/Arts Resources/Tilemap/New_bg/earth01_34.asset
  artifactKey: Guid(3b55da6413809204090de9f492ff3823) Importer(815301076,1909f56bfc062723c751e8b465ee728b)
Start importing Assets/Resources/Arts Resources/Tilemap/New_bg/earth01_34.asset using Guid(3b55da6413809204090de9f492ff3823) Importer(815301076,1909f56bfc062723c751e8b465ee728b)  -> (artifact id: 'af0a44b0dad1d340a023fce339c2b19a') in 0.009879 seconds 
========================================================================
Received Import Request.
  Time since last request: 0.000028 seconds.
  path: Assets/Resources/Arts Resources/Tilemap/New_bg/earth01_36.asset
  artifactKey: Guid(a8f07d3f79c600d429a8ab06b1008035) Importer(815301076,1909f56bfc062723c751e8b465ee728b)
Start importing Assets/Resources/Arts Resources/Tilemap/New_bg/earth01_36.asset using Guid(a8f07d3f79c600d429a8ab06b1008035) Importer(815301076,1909f56bfc062723c751e8b465ee728b)  -> (artifact id: 'd6758020e208bda3fb87b148b359463c') in 0.009665 seconds 
========================================================================
Received Import Request.
  Time since last request: 0.000030 seconds.
  path: Assets/Resources/Arts Resources/Tilemap/New_bg/earth01.png
  artifactKey: Guid(b73b79b33d98a57408c50def5a2e21b9) Importer(815301076,1909f56bfc062723c751e8b465ee728b)
Start importing Assets/Resources/Arts Resources/Tilemap/New_bg/earth01.png using Guid(b73b79b33d98a57408c50def5a2e21b9) Importer(815301076,1909f56bfc062723c751e8b465ee728b)  -> (artifact id: 'f1dec04c1cde8598cedaa4ca8d709723') in 0.135700 seconds 
========================================================================
Received Import Request.
  Time since last request: 0.000020 seconds.
  path: Assets/Resources/Arts Resources/Tilemap/New_bg/earth01_37.asset
  artifactKey: Guid(3858efd6d5fe202419cb2a4661121f80) Importer(815301076,1909f56bfc062723c751e8b465ee728b)
Start importing Assets/Resources/Arts Resources/Tilemap/New_bg/earth01_37.asset using Guid(3858efd6d5fe202419cb2a4661121f80) Importer(815301076,1909f56bfc062723c751e8b465ee728b)  -> (artifact id: 'fcd65432d556da58226068e35f8ab8f1') in 0.008780 seconds 
Editor requested this worker to shutdown with reason: Scaling down because of idle timeout
AssetImportWorkerClient::OnTransportError - code=2 error=End of file
AssetImportWorker is now disconnected from the server
Process exiting
Exiting without the bug reporter. Application will terminate with return code 0