Using pre-set license
Built from 'HEAD' branch; Version is '2022.1.23f1c1 (46637c7592ee) revision 4612988'; Using compiler version '192829333'; Build Type 'Release'
OS: 'Windows 11  (10.0.22631) 64bit Enterprise' Language: 'zh' Physical Memory: 32581 MB
BatchMode: 1, IsHumanControllingUs: 0, StartBugReporterOnCrash: 0, Is64bit: 1, IsPro: 1

COMMAND LINE ARGUMENTS:
D:\Program Files\Unity3d Edition\Unity 2022.1.23f1c1\Editor\Unity.exe
-adb2
-batchMode
-noUpm
-name
AssetImportWorker8
-projectPath
E:/GitHub仓库/Cat/MaidcafeDemo
-logFile
Logs/AssetImportWorker8.log
-srvPort
8348
Successfully changed project path to: E:/GitHub仓库/Cat/MaidcafeDemo
E:/GitHub仓库/Cat/MaidcafeDemo
[UnityMemory] Configuration Parameters - Can be set up in boot.config
    "memorysetup-bucket-allocator-granularity=16"
    "memorysetup-bucket-allocator-bucket-count=8"
    "memorysetup-bucket-allocator-block-size=33554432"
    "memorysetup-bucket-allocator-block-count=8"
    "memorysetup-main-allocator-block-size=16777216"
    "memorysetup-thread-allocator-block-size=16777216"
    "memorysetup-gfx-main-allocator-block-size=16777216"
    "memorysetup-gfx-thread-allocator-block-size=16777216"
    "memorysetup-cache-allocator-block-size=4194304"
    "memorysetup-typetree-allocator-block-size=2097152"
    "memorysetup-profiler-bucket-allocator-granularity=16"
    "memorysetup-profiler-bucket-allocator-bucket-count=8"
    "memorysetup-profiler-bucket-allocator-block-size=33554432"
    "memorysetup-profiler-bucket-allocator-block-count=8"
    "memorysetup-profiler-allocator-block-size=16777216"
    "memorysetup-profiler-editor-allocator-block-size=1048576"
    "memorysetup-temp-allocator-size-main=16777216"
    "memorysetup-job-temp-allocator-block-size=2097152"
    "memorysetup-job-temp-allocator-block-size-background=1048576"
    "memorysetup-job-temp-allocator-reduction-small-platforms=262144"
    "memorysetup-temp-allocator-size-background-worker=32768"
    "memorysetup-temp-allocator-size-job-worker=262144"
    "memorysetup-temp-allocator-size-preload-manager=33554432"
    "memorysetup-temp-allocator-size-nav-mesh-worker=65536"
    "memorysetup-temp-allocator-size-audio-worker=65536"
    "memorysetup-temp-allocator-size-cloud-worker=32768"
    "memorysetup-temp-allocator-size-gi-baking-worker=262144"
    "memorysetup-temp-allocator-size-gfx=262144"
Refreshing native plugins compatible for Editor in 52.41 ms, found 3 plugins.
Preloading 0 native plugins for Editor in 0.00 ms.
Initialize engine version: 2022.1.23f1c1 (46637c7592ee)
[Subsystems] Discovering subsystems at path D:/Program Files/Unity3d Edition/Unity 2022.1.23f1c1/Editor/Data/Resources/UnitySubsystems
[Subsystems] Discovering subsystems at path E:/GitHub仓库/Cat/MaidcafeDemo/Assets
GfxDevice: creating device client; threaded=0; jobified=0
Direct3D:
    Version:  Direct3D 11.0 [level 11.1]
    Renderer: NVIDIA GeForce RTX 4070 Ti (ID=0x2782)
    Vendor:   NVIDIA
    VRAM:     11996 MB
    Driver:   32.0.15.5599
Initialize mono
Mono path[0] = 'D:/Program Files/Unity3d Edition/Unity 2022.1.23f1c1/Editor/Data/Managed'
Mono path[1] = 'D:/Program Files/Unity3d Edition/Unity 2022.1.23f1c1/Editor/Data/MonoBleedingEdge/lib/mono/unityjit-win32'
Mono config path = 'D:/Program Files/Unity3d Edition/Unity 2022.1.23f1c1/Editor/Data/MonoBleedingEdge/etc'
Using monoOptions --debugger-agent=transport=dt_socket,embedding=1,server=y,suspend=n,address=127.0.0.1:56908
Begin MonoManager ReloadAssembly
Registering precompiled unity dll's ...
Register platform support module: D:/Program Files/Unity3d Edition/Unity 2022.1.23f1c1/Editor/Data/PlaybackEngines/WindowsStandaloneSupport/UnityEditor.WindowsStandalone.Extensions.dll
Registered in 0.001205 seconds.
Native extension for WindowsStandalone target not found
Refreshing native plugins compatible for Editor in 46.99 ms, found 3 plugins.
Preloading 0 native plugins for Editor in 0.00 ms.
Mono: successfully reloaded assembly
- Completed reload, in  0.379 seconds
Domain Reload Profiling:
	ReloadAssembly (379ms)
		BeginReloadAssembly (43ms)
			ExecutionOrderSort (0ms)
			DisableScriptedObjects (0ms)
			BackupInstance (0ms)
			ReleaseScriptingObjects (0ms)
			CreateAndSetChildDomain (0ms)
		EndReloadAssembly (275ms)
			LoadAssemblies (42ms)
			RebuildTransferFunctionScriptingTraits (0ms)
			SetupTypeCache (63ms)
				TypeCache.Initialize (63ms)
					TypeCache.ScanAssembly (62ms)
				ResolveRequiredComponents (0ms)
			ReleaseScriptCaches (0ms)
			RebuildScriptCaches (16ms)
			SetupLoadedEditorAssemblies (163ms)
				LogAssemblyErrors (0ms)
				InitializePlatformSupportModulesInManaged (4ms)
				SetLoadedEditorAssemblies (4ms)
				RefreshPlugins (47ms)
				BeforeProcessingInitializeOnLoad (1ms)
				ProcessInitializeOnLoadAttributes (80ms)
				ProcessInitializeOnLoadMethodAttributes (26ms)
				AfterProcessingInitializeOnLoad (0ms)
				EditorAssembliesLoaded (0ms)
			ExecutionOrderSort2 (0ms)
			AwakeInstancesAfterBackupRestoration (0ms)
Platform modules already initialized, skipping
Registering precompiled user dll's ...
Registered in 0.005061 seconds.
Begin MonoManager ReloadAssembly
Native extension for WindowsStandalone target not found
Refreshing native plugins compatible for Editor in 44.99 ms, found 3 plugins.
Preloading 0 native plugins for Editor in 0.00 ms.
Package Manager log level set to [2]
[Package Manager] Server::EnsureServerProcessIsRunning -- launch failed, reason: Unity was launched with the -noUpm command-line argument
[Package Manager] UpmClient::Send -- Unable to send message (not connected to UPM process).
[Package Manager] Cannot connect to Unity Package Manager local server
Mono: successfully reloaded assembly
- Completed reload, in  1.183 seconds
Domain Reload Profiling:
	ReloadAssembly (1184ms)
		BeginReloadAssembly (66ms)
			ExecutionOrderSort (0ms)
			DisableScriptedObjects (3ms)
			BackupInstance (0ms)
			ReleaseScriptingObjects (0ms)
			CreateAndSetChildDomain (12ms)
		EndReloadAssembly (1050ms)
			LoadAssemblies (45ms)
			RebuildTransferFunctionScriptingTraits (0ms)
			SetupTypeCache (124ms)
				TypeCache.Initialize (117ms)
					TypeCache.ScanAssembly (115ms)
				ResolveRequiredComponents (7ms)
			ReleaseScriptCaches (0ms)
			RebuildScriptCaches (41ms)
			SetupLoadedEditorAssemblies (805ms)
				LogAssemblyErrors (0ms)
				InitializePlatformSupportModulesInManaged (2ms)
				SetLoadedEditorAssemblies (4ms)
				RefreshPlugins (45ms)
				BeforeProcessingInitializeOnLoad (39ms)
				ProcessInitializeOnLoadAttributes (672ms)
				ProcessInitializeOnLoadMethodAttributes (40ms)
				AfterProcessingInitializeOnLoad (4ms)
				EditorAssembliesLoaded (0ms)
			ExecutionOrderSort2 (0ms)
			AwakeInstancesAfterBackupRestoration (4ms)
Platform modules already initialized, skipping
========================================================================
Worker process is ready to serve import requests
Launched and connected shader compiler UnityShaderCompiler.exe after 0.02 seconds
Refreshing native plugins compatible for Editor in 0.58 ms, found 3 plugins.
Preloading 0 native plugins for Editor in 0.00 ms.
Unloading 3578 Unused Serialized files (Serialized files now loaded: 0)
Unloading 59 unused Assets / (59.9 KB). Loaded Objects now: 4024.
Memory consumption went from 0.54 GB to 0.54 GB.
Total: 4.039800 ms (FindLiveObjects: 0.157800 ms CreateObjectMapping: 0.044700 ms MarkObjects: 3.732100 ms  DeleteObjects: 0.104200 ms)

AssetImportParameters requested are different than current active one (requested -> active):
  custom:video-decoder-ogg-theora: a1e56fd34408186e4bbccfd4996cb3dc -> 
  custom:container-muxer-webm: aa71ff27fc2769a1b78a27578f13a17b -> 
  custom:container-demuxer-webm: 4f35f7cbe854078d1ac9338744f61a02 -> 
  custom:video-encoder-webm-vp8: eb34c28f22e8b96e1ab97ce403110664 -> 
  custom:video-codec-MediaFoundation-h265: 746d11721c4dcdbdad8f713fa42b33f4 -> 
  custom:audio-encoder-webm-vorbis: bf7c407c2cedff20999df2af8eb42d56 -> 
  custom:framework-win-MediaFoundation: 216162199b28c13a410421893ffa2e32 -> 
  custom:container-demuxer-ogg: 62fdf1f143b41e24485cea50d1cbac27 -> 
  custom:video-decoder-webm-vp8: 9c59270c3fd7afecdb556c50c9e8de78 -> 
  custom:audio-decoder-ogg-vorbis: bf7c407c2cedff20999df2af8eb42d56 -> 
========================================================================
Received Import Request.
  Time since last request: 308151.158831 seconds.
  path: Assets/Plugin/Fungus/Resources/Sprites/HandPointer.png
  artifactKey: Guid(22eb050bacf8c401ca8503e24bff3570) Importer(815301076,1909f56bfc062723c751e8b465ee728b)
Start importing Assets/Plugin/Fungus/Resources/Sprites/HandPointer.png using Guid(22eb050bacf8c401ca8503e24bff3570) Importer(815301076,1909f56bfc062723c751e8b465ee728b)  -> (artifact id: '7447e3e42281b23a3b455ce5dab882b3') in 0.041292 seconds 
========================================================================
Received Import Request.
  Time since last request: 23.649369 seconds.
  path: Assets/Plugin/Fungus/Thirdparty/FungusLua/Resources/Prefabs/InfoText.prefab
  artifactKey: Guid(d6f174e740b5040c68466fb971c4cec2) Importer(815301076,1909f56bfc062723c751e8b465ee728b)
Start importing Assets/Plugin/Fungus/Thirdparty/FungusLua/Resources/Prefabs/InfoText.prefab using Guid(d6f174e740b5040c68466fb971c4cec2) Importer(815301076,1909f56bfc062723c751e8b465ee728b)  -> (artifact id: '1e2e38b8c57923a326069d3c9081a466') in 0.014513 seconds 
========================================================================
Received Import Request.
  Time since last request: 8.525458 seconds.
  path: Assets/Resources/Atlas/力量手套.png
  artifactKey: Guid(00ec689683b57f94bbc5c731f501ffd3) Importer(815301076,1909f56bfc062723c751e8b465ee728b)
Start importing Assets/Resources/Atlas/力量手套.png using Guid(00ec689683b57f94bbc5c731f501ffd3) Importer(815301076,1909f56bfc062723c751e8b465ee728b)  -> (artifact id: '2232109036c2fa3c31d4b7cd428cce41') in 0.033079 seconds 
========================================================================
Received Import Request.
  Time since last request: 25.679258 seconds.
  path: Assets/Resources/Prefabs/Image.prefab
  artifactKey: Guid(3d6dbd8ec6a21c846b451be27bf37d35) Importer(815301076,1909f56bfc062723c751e8b465ee728b)
Start importing Assets/Resources/Prefabs/Image.prefab using Guid(3d6dbd8ec6a21c846b451be27bf37d35) Importer(815301076,1909f56bfc062723c751e8b465ee728b)  -> (artifact id: 'dfb3f986e18d1d95836658fcbd13ba0e') in 0.012160 seconds 
========================================================================
Received Import Request.
  Time since last request: 1.022018 seconds.
  path: Assets/Resources/Prefabs/Characters/Customer1.prefab
  artifactKey: Guid(b558ff719111caf46886c1fd027fd19c) Importer(815301076,1909f56bfc062723c751e8b465ee728b)
Start importing Assets/Resources/Prefabs/Characters/Customer1.prefab using Guid(b558ff719111caf46886c1fd027fd19c) Importer(815301076,1909f56bfc062723c751e8b465ee728b)  -> (artifact id: '50a2f5dba78cc5c64333f6f4c8ac7b9e') in 0.031081 seconds 
========================================================================
Received Import Request.
  Time since last request: 0.000017 seconds.
  path: Assets/Resources/Prefabs/Characters/Waiter3.prefab
  artifactKey: Guid(892494154ae49d14fbf67d1257096464) Importer(815301076,1909f56bfc062723c751e8b465ee728b)
Start importing Assets/Resources/Prefabs/Characters/Waiter3.prefab using Guid(892494154ae49d14fbf67d1257096464) Importer(815301076,1909f56bfc062723c751e8b465ee728b)  -> (artifact id: '66ba3a5b6b8c6644c2ec45c7048f9168') in 0.014646 seconds 
========================================================================
Received Import Request.
  Time since last request: 0.000017 seconds.
  path: Assets/Resources/Prefabs/Characters/Waiter2.prefab
  artifactKey: Guid(049c0e28056452e47a841a343ea49c6d) Importer(815301076,1909f56bfc062723c751e8b465ee728b)
Start importing Assets/Resources/Prefabs/Characters/Waiter2.prefab using Guid(049c0e28056452e47a841a343ea49c6d) Importer(815301076,1909f56bfc062723c751e8b465ee728b)  -> (artifact id: 'ff66d853ffeb15203cb5ceb0a525e0ea') in 0.013089 seconds 
========================================================================
Received Import Request.
  Time since last request: 0.867769 seconds.
  path: Assets/Resources/Prefabs/Events/BusinessEvents.prefab
  artifactKey: Guid(fce650aa9eb46fe4e84658603be5f003) Importer(815301076,1909f56bfc062723c751e8b465ee728b)
Start importing Assets/Resources/Prefabs/Events/BusinessEvents.prefab using Guid(fce650aa9eb46fe4e84658603be5f003) Importer(815301076,1909f56bfc062723c751e8b465ee728b)  -> (artifact id: 'b671a8d1fbd3721cd640f48cb42cdbe9') in 0.009946 seconds 
========================================================================
Received Import Request.
  Time since last request: 1.292353 seconds.
  path: Assets/Resources/Prefabs/General/Button1.prefab
  artifactKey: Guid(67ca6af5da7d95640854f76bf91b69cc) Importer(815301076,1909f56bfc062723c751e8b465ee728b)
Start importing Assets/Resources/Prefabs/General/Button1.prefab using Guid(67ca6af5da7d95640854f76bf91b69cc) Importer(815301076,1909f56bfc062723c751e8b465ee728b)  -> (artifact id: 'fec45864753365cc3d1956e1c9d8d850') in 0.009551 seconds 
========================================================================
Received Import Request.
  Time since last request: 0.000016 seconds.
  path: Assets/Resources/Prefabs/General/Scroll View.prefab
  artifactKey: Guid(e54b709a33ded0c4eaac7ed6209a8f49) Importer(815301076,1909f56bfc062723c751e8b465ee728b)
Start importing Assets/Resources/Prefabs/General/Scroll View.prefab using Guid(e54b709a33ded0c4eaac7ed6209a8f49) Importer(815301076,1909f56bfc062723c751e8b465ee728b)  -> (artifact id: '447fadfca462138423d5d2391c65e606') in 0.009800 seconds 
========================================================================
Received Import Request.
  Time since last request: 0.420801 seconds.
  path: Assets/Resources/Prefabs/Items/BusinessStreet_001_Normal_Day_01.prefab
  artifactKey: Guid(bf2d6c090e46fe6469178b1b72a18f3e) Importer(815301076,1909f56bfc062723c751e8b465ee728b)
Start importing Assets/Resources/Prefabs/Items/BusinessStreet_001_Normal_Day_01.prefab using Guid(bf2d6c090e46fe6469178b1b72a18f3e) Importer(815301076,1909f56bfc062723c751e8b465ee728b)  -> (artifact id: '0449c352244bfd49fc42dd0436a5e06e') in 0.037045 seconds 
========================================================================
Received Import Request.
  Time since last request: 0.000019 seconds.
  path: Assets/Resources/Prefabs/Items/Pastry.prefab
  artifactKey: Guid(2752ce97997575a40be596cd33a45560) Importer(815301076,1909f56bfc062723c751e8b465ee728b)
Start importing Assets/Resources/Prefabs/Items/Pastry.prefab using Guid(2752ce97997575a40be596cd33a45560) Importer(815301076,1909f56bfc062723c751e8b465ee728b)  -> (artifact id: 'd7fd61de64369eee22b33b8b116695cb') in 0.006277 seconds 
========================================================================
Received Import Request.
  Time since last request: 0.409945 seconds.
  path: Assets/Resources/Prefabs/Items/DIYItems/冰箱.prefab
  artifactKey: Guid(7f0d1903da6b2f047aaedd63666e998d) Importer(815301076,1909f56bfc062723c751e8b465ee728b)
Start importing Assets/Resources/Prefabs/Items/DIYItems/冰箱.prefab using Guid(7f0d1903da6b2f047aaedd63666e998d) Importer(815301076,1909f56bfc062723c751e8b465ee728b)  -> (artifact id: '11fee21a5da153aed317b110c62d18b4') in 0.009561 seconds 
========================================================================
Received Import Request.
  Time since last request: 0.000018 seconds.
  path: Assets/Resources/Prefabs/Items/DIYItems/空调.prefab
  artifactKey: Guid(75965f946cba19a459d50396c7adc455) Importer(815301076,1909f56bfc062723c751e8b465ee728b)
Start importing Assets/Resources/Prefabs/Items/DIYItems/空调.prefab using Guid(75965f946cba19a459d50396c7adc455) Importer(815301076,1909f56bfc062723c751e8b465ee728b)  -> (artifact id: '1834329a789cab7ddbc53afaa051fdd3') in 0.011907 seconds 
========================================================================
Received Import Request.
  Time since last request: 0.000018 seconds.
  path: Assets/Resources/Prefabs/Items/DIYItems/电视机.prefab
  artifactKey: Guid(2c7ad80173965604da5819a2071d0bfe) Importer(815301076,1909f56bfc062723c751e8b465ee728b)
Start importing Assets/Resources/Prefabs/Items/DIYItems/电视机.prefab using Guid(2c7ad80173965604da5819a2071d0bfe) Importer(815301076,1909f56bfc062723c751e8b465ee728b)  -> (artifact id: 'c54fa0445b35960721326839f2d320eb') in 0.009916 seconds 
========================================================================
Received Import Request.
  Time since last request: 0.000017 seconds.
  path: Assets/Resources/Prefabs/Items/DIYItems/装饰图1.prefab
  artifactKey: Guid(f62061859c136ee48b5e9261e5ccc44e) Importer(815301076,1909f56bfc062723c751e8b465ee728b)
Start importing Assets/Resources/Prefabs/Items/DIYItems/装饰图1.prefab using Guid(f62061859c136ee48b5e9261e5ccc44e) Importer(815301076,1909f56bfc062723c751e8b465ee728b)  -> (artifact id: 'f26b9bf127eb7f89cc73b0848fbe2f9e') in 0.010187 seconds 
========================================================================
Received Import Request.
  Time since last request: 0.709931 seconds.
  path: Assets/Resources/Prefabs/Scene/BackGround.prefab
  artifactKey: Guid(7c13794a5af036d4f8ef097a62bed0db) Importer(815301076,1909f56bfc062723c751e8b465ee728b)
Start importing Assets/Resources/Prefabs/Scene/BackGround.prefab using Guid(7c13794a5af036d4f8ef097a62bed0db) Importer(815301076,1909f56bfc062723c751e8b465ee728b)  -> (artifact id: '42ced5b751acae43b3bc1e4eb0266317') in 0.010154 seconds 
========================================================================
Received Import Request.
  Time since last request: 0.488177 seconds.
  path: Assets/Resources/Prefabs/UIWnd/AdjustCommodityWnd.prefab
  artifactKey: Guid(0a9a8ae9008153b4cbbccb7ed7b27959) Importer(815301076,1909f56bfc062723c751e8b465ee728b)
Start importing Assets/Resources/Prefabs/UIWnd/AdjustCommodityWnd.prefab using Guid(0a9a8ae9008153b4cbbccb7ed7b27959) Importer(815301076,1909f56bfc062723c751e8b465ee728b)  -> (artifact id: 'de1519e986fbe72c1e93b89797d273ba') in 0.011937 seconds 
========================================================================
Received Import Request.
  Time since last request: 0.000024 seconds.
  path: Assets/Resources/Prefabs/UIWnd/CustomerInfor.prefab
  artifactKey: Guid(693f9baabfdb7fb4a8c13e680a915a78) Importer(815301076,1909f56bfc062723c751e8b465ee728b)
Start importing Assets/Resources/Prefabs/UIWnd/CustomerInfor.prefab using Guid(693f9baabfdb7fb4a8c13e680a915a78) Importer(815301076,1909f56bfc062723c751e8b465ee728b)  -> (artifact id: 'b5c742758a8a18adb737ed93df554d46') in 0.008179 seconds 
========================================================================
Received Import Request.
  Time since last request: 0.000023 seconds.
  path: Assets/Resources/Prefabs/UIWnd/BuyWnd.prefab
  artifactKey: Guid(377280cf64ea6024888cc639308a8c01) Importer(815301076,1909f56bfc062723c751e8b465ee728b)
Start importing Assets/Resources/Prefabs/UIWnd/BuyWnd.prefab using Guid(377280cf64ea6024888cc639308a8c01) Importer(815301076,1909f56bfc062723c751e8b465ee728b)  -> (artifact id: 'f0288bd4fb6384479c17a652e3510b02') in 0.010663 seconds 
========================================================================
Received Import Request.
  Time since last request: 0.000018 seconds.
  path: Assets/Resources/Prefabs/UIWnd/CoffeeWnd.prefab
  artifactKey: Guid(a424e9fba40cc7a4a8176a68937f010b) Importer(815301076,1909f56bfc062723c751e8b465ee728b)
Start importing Assets/Resources/Prefabs/UIWnd/CoffeeWnd.prefab using Guid(a424e9fba40cc7a4a8176a68937f010b) Importer(815301076,1909f56bfc062723c751e8b465ee728b)  -> (artifact id: '93bc896c79862d82a512f529d9bc6302') in 0.007853 seconds 
========================================================================
Received Import Request.
  Time since last request: 11.877058 seconds.
  path: Assets/Scenes/Village.unity
  artifactKey: Guid(b2421eceb42cf04458648fe8fab0904f) Importer(815301076,1909f56bfc062723c751e8b465ee728b)
Start importing Assets/Scenes/Village.unity using Guid(b2421eceb42cf04458648fe8fab0904f) Importer(815301076,1909f56bfc062723c751e8b465ee728b)  -> (artifact id: '0cdac57ba2d4e7f31e88a1aa98cf2c4c') in 0.004870 seconds 
========================================================================
Received Prepare
Registering precompiled user dll's ...
Registered in 0.004451 seconds.
Begin MonoManager ReloadAssembly
Native extension for WindowsStandalone target not found
Refreshing native plugins compatible for Editor in 0.55 ms, found 3 plugins.
Preloading 0 native plugins for Editor in 0.00 ms.
[Package Manager] Server::EnsureServerProcessIsRunning -- launch failed, reason: Unity was launched with the -noUpm command-line argument
[Package Manager] UpmClient::Send -- Unable to send message (not connected to UPM process).
[Package Manager] Cannot connect to Unity Package Manager local server
Mono: successfully reloaded assembly
- Completed reload, in  1.085 seconds
Domain Reload Profiling:
	ReloadAssembly (1085ms)
		BeginReloadAssembly (89ms)
			ExecutionOrderSort (0ms)
			DisableScriptedObjects (3ms)
			BackupInstance (0ms)
			ReleaseScriptingObjects (0ms)
			CreateAndSetChildDomain (31ms)
		EndReloadAssembly (947ms)
			LoadAssemblies (41ms)
			RebuildTransferFunctionScriptingTraits (0ms)
			SetupTypeCache (110ms)
				TypeCache.Initialize (104ms)
					TypeCache.ScanAssembly (101ms)
				ResolveRequiredComponents (6ms)
			ReleaseScriptCaches (1ms)
			RebuildScriptCaches (38ms)
			SetupLoadedEditorAssemblies (726ms)
				LogAssemblyErrors (0ms)
				InitializePlatformSupportModulesInManaged (6ms)
				SetLoadedEditorAssemblies (3ms)
				RefreshPlugins (1ms)
				BeforeProcessingInitializeOnLoad (47ms)
				ProcessInitializeOnLoadAttributes (628ms)
				ProcessInitializeOnLoadMethodAttributes (37ms)
				AfterProcessingInitializeOnLoad (3ms)
				EditorAssembliesLoaded (0ms)
			ExecutionOrderSort2 (0ms)
			AwakeInstancesAfterBackupRestoration (4ms)
Platform modules already initialized, skipping
Refreshing native plugins compatible for Editor in 2.35 ms, found 3 plugins.
Preloading 0 native plugins for Editor in 0.00 ms.
Unloading 3558 Unused Serialized files (Serialized files now loaded: 0)
Unloading 50 unused Assets / (36.0 KB). Loaded Objects now: 4041.
Memory consumption went from 0.54 GB to 0.54 GB.
Total: 3.644300 ms (FindLiveObjects: 0.148600 ms CreateObjectMapping: 0.043000 ms MarkObjects: 3.421600 ms  DeleteObjects: 0.030300 ms)

AssetImportParameters requested are different than current active one (requested -> active):
  custom:video-decoder-ogg-theora: a1e56fd34408186e4bbccfd4996cb3dc -> 
  custom:container-muxer-webm: aa71ff27fc2769a1b78a27578f13a17b -> 
  custom:container-demuxer-webm: 4f35f7cbe854078d1ac9338744f61a02 -> 
  custom:video-encoder-webm-vp8: eb34c28f22e8b96e1ab97ce403110664 -> 
  custom:video-codec-MediaFoundation-h265: 746d11721c4dcdbdad8f713fa42b33f4 -> 
  custom:audio-encoder-webm-vorbis: bf7c407c2cedff20999df2af8eb42d56 -> 
  custom:framework-win-MediaFoundation: 216162199b28c13a410421893ffa2e32 -> 
  custom:container-demuxer-ogg: 62fdf1f143b41e24485cea50d1cbac27 -> 
  custom:video-decoder-webm-vp8: 9c59270c3fd7afecdb556c50c9e8de78 -> 
  custom:audio-decoder-ogg-vorbis: bf7c407c2cedff20999df2af8eb42d56 -> 
========================================================================
Received Import Request.
  Time since last request: 279.883505 seconds.
  path: Assets/Scenes/Village.unity
  artifactKey: Guid(b2421eceb42cf04458648fe8fab0904f) Importer(815301076,1909f56bfc062723c751e8b465ee728b)
Start importing Assets/Scenes/Village.unity using Guid(b2421eceb42cf04458648fe8fab0904f) Importer(815301076,1909f56bfc062723c751e8b465ee728b)  -> (artifact id: '8fade44caf7140ee96f44c12bb5164ba') in 0.002373 seconds 
========================================================================
Received Prepare
Registering precompiled user dll's ...
Registered in 0.004249 seconds.
Begin MonoManager ReloadAssembly
Native extension for WindowsStandalone target not found
Refreshing native plugins compatible for Editor in 0.54 ms, found 3 plugins.
Preloading 0 native plugins for Editor in 0.00 ms.
[Package Manager] Server::EnsureServerProcessIsRunning -- launch failed, reason: Unity was launched with the -noUpm command-line argument
[Package Manager] UpmClient::Send -- Unable to send message (not connected to UPM process).
[Package Manager] Cannot connect to Unity Package Manager local server
Mono: successfully reloaded assembly
- Completed reload, in  1.084 seconds
Domain Reload Profiling:
	ReloadAssembly (1084ms)
		BeginReloadAssembly (87ms)
			ExecutionOrderSort (0ms)
			DisableScriptedObjects (4ms)
			BackupInstance (0ms)
			ReleaseScriptingObjects (0ms)
			CreateAndSetChildDomain (31ms)
		EndReloadAssembly (947ms)
			LoadAssemblies (43ms)
			RebuildTransferFunctionScriptingTraits (0ms)
			SetupTypeCache (111ms)
				TypeCache.Initialize (105ms)
					TypeCache.ScanAssembly (102ms)
				ResolveRequiredComponents (6ms)
			ReleaseScriptCaches (2ms)
			RebuildScriptCaches (38ms)
			SetupLoadedEditorAssemblies (726ms)
				LogAssemblyErrors (0ms)
				InitializePlatformSupportModulesInManaged (6ms)
				SetLoadedEditorAssemblies (3ms)
				RefreshPlugins (1ms)
				BeforeProcessingInitializeOnLoad (48ms)
				ProcessInitializeOnLoadAttributes (626ms)
				ProcessInitializeOnLoadMethodAttributes (38ms)
				AfterProcessingInitializeOnLoad (4ms)
				EditorAssembliesLoaded (0ms)
			ExecutionOrderSort2 (0ms)
			AwakeInstancesAfterBackupRestoration (4ms)
Platform modules already initialized, skipping
Refreshing native plugins compatible for Editor in 2.77 ms, found 3 plugins.
Preloading 0 native plugins for Editor in 0.00 ms.
Unloading 3558 Unused Serialized files (Serialized files now loaded: 0)
Unloading 47 unused Assets / (33.7 KB). Loaded Objects now: 4044.
Memory consumption went from 0.54 GB to 0.54 GB.
Total: 3.958500 ms (FindLiveObjects: 0.134800 ms CreateObjectMapping: 0.040500 ms MarkObjects: 3.761100 ms  DeleteObjects: 0.021300 ms)

AssetImportParameters requested are different than current active one (requested -> active):
  custom:video-decoder-ogg-theora: a1e56fd34408186e4bbccfd4996cb3dc -> 
  custom:container-muxer-webm: aa71ff27fc2769a1b78a27578f13a17b -> 
  custom:container-demuxer-webm: 4f35f7cbe854078d1ac9338744f61a02 -> 
  custom:video-encoder-webm-vp8: eb34c28f22e8b96e1ab97ce403110664 -> 
  custom:video-codec-MediaFoundation-h265: 746d11721c4dcdbdad8f713fa42b33f4 -> 
  custom:audio-encoder-webm-vorbis: bf7c407c2cedff20999df2af8eb42d56 -> 
  custom:framework-win-MediaFoundation: 216162199b28c13a410421893ffa2e32 -> 
  custom:container-demuxer-ogg: 62fdf1f143b41e24485cea50d1cbac27 -> 
  custom:video-decoder-webm-vp8: 9c59270c3fd7afecdb556c50c9e8de78 -> 
  custom:audio-decoder-ogg-vorbis: bf7c407c2cedff20999df2af8eb42d56 -> 
========================================================================
Received Prepare
Registering precompiled user dll's ...
Registered in 0.004261 seconds.
Begin MonoManager ReloadAssembly
Native extension for WindowsStandalone target not found
Refreshing native plugins compatible for Editor in 0.58 ms, found 3 plugins.
Preloading 0 native plugins for Editor in 0.00 ms.
[Package Manager] Server::EnsureServerProcessIsRunning -- launch failed, reason: Unity was launched with the -noUpm command-line argument
[Package Manager] UpmClient::Send -- Unable to send message (not connected to UPM process).
[Package Manager] Cannot connect to Unity Package Manager local server
Mono: successfully reloaded assembly
- Completed reload, in  1.089 seconds
Domain Reload Profiling:
	ReloadAssembly (1089ms)
		BeginReloadAssembly (84ms)
			ExecutionOrderSort (0ms)
			DisableScriptedObjects (3ms)
			BackupInstance (0ms)
			ReleaseScriptingObjects (0ms)
			CreateAndSetChildDomain (31ms)
		EndReloadAssembly (954ms)
			LoadAssemblies (41ms)
			RebuildTransferFunctionScriptingTraits (0ms)
			SetupTypeCache (111ms)
				TypeCache.Initialize (104ms)
					TypeCache.ScanAssembly (102ms)
				ResolveRequiredComponents (6ms)
			ReleaseScriptCaches (2ms)
			RebuildScriptCaches (44ms)
			SetupLoadedEditorAssemblies (729ms)
				LogAssemblyErrors (0ms)
				InitializePlatformSupportModulesInManaged (13ms)
				SetLoadedEditorAssemblies (7ms)
				RefreshPlugins (1ms)
				BeforeProcessingInitializeOnLoad (37ms)
				ProcessInitializeOnLoadAttributes (630ms)
				ProcessInitializeOnLoadMethodAttributes (38ms)
				AfterProcessingInitializeOnLoad (3ms)
				EditorAssembliesLoaded (0ms)
			ExecutionOrderSort2 (0ms)
			AwakeInstancesAfterBackupRestoration (4ms)
Platform modules already initialized, skipping
Refreshing native plugins compatible for Editor in 2.69 ms, found 3 plugins.
Preloading 0 native plugins for Editor in 0.00 ms.
Unloading 3558 Unused Serialized files (Serialized files now loaded: 0)
Unloading 47 unused Assets / (33.7 KB). Loaded Objects now: 4047.
Memory consumption went from 0.54 GB to 0.54 GB.
Total: 3.869800 ms (FindLiveObjects: 0.146900 ms CreateObjectMapping: 0.051200 ms MarkObjects: 3.648400 ms  DeleteObjects: 0.022500 ms)

AssetImportParameters requested are different than current active one (requested -> active):
  custom:video-decoder-ogg-theora: a1e56fd34408186e4bbccfd4996cb3dc -> 
  custom:container-muxer-webm: aa71ff27fc2769a1b78a27578f13a17b -> 
  custom:container-demuxer-webm: 4f35f7cbe854078d1ac9338744f61a02 -> 
  custom:video-encoder-webm-vp8: eb34c28f22e8b96e1ab97ce403110664 -> 
  custom:video-codec-MediaFoundation-h265: 746d11721c4dcdbdad8f713fa42b33f4 -> 
  custom:audio-encoder-webm-vorbis: bf7c407c2cedff20999df2af8eb42d56 -> 
  custom:framework-win-MediaFoundation: 216162199b28c13a410421893ffa2e32 -> 
  custom:container-demuxer-ogg: 62fdf1f143b41e24485cea50d1cbac27 -> 
  custom:video-decoder-webm-vp8: 9c59270c3fd7afecdb556c50c9e8de78 -> 
  custom:audio-decoder-ogg-vorbis: bf7c407c2cedff20999df2af8eb42d56 -> 
========================================================================
Received Import Request.
  Time since last request: 1178.192745 seconds.
  path: Assets/Resources/Atlas/Character
  artifactKey: Guid(6b90b184277d7e446a324ba8e4a3bee0) Importer(815301076,1909f56bfc062723c751e8b465ee728b)
Start importing Assets/Resources/Atlas/Character using Guid(6b90b184277d7e446a324ba8e4a3bee0) Importer(815301076,1909f56bfc062723c751e8b465ee728b)  -> (artifact id: '9f32f4a28b0055dae61744a33f7ca7a8') in 0.002444 seconds 
========================================================================
Received Import Request.
  Time since last request: 42.543278 seconds.
  path: Assets/Resources/Prefabs/Items/DIYItems/装饰图5.prefab
  artifactKey: Guid(8ae975aa08bcacf4a8d4caf01d18290b) Importer(815301076,1909f56bfc062723c751e8b465ee728b)
Start importing Assets/Resources/Prefabs/Items/DIYItems/装饰图5.prefab using Guid(8ae975aa08bcacf4a8d4caf01d18290b) Importer(815301076,1909f56bfc062723c751e8b465ee728b)  -> (artifact id: '6f8fe47ca00df36c476f1c5e1f72a2ff') in 0.047783 seconds 
========================================================================
Received Import Request.
  Time since last request: 17.174145 seconds.
  path: Assets/Scenes/Village.unity
  artifactKey: Guid(b2421eceb42cf04458648fe8fab0904f) Importer(815301076,1909f56bfc062723c751e8b465ee728b)
Start importing Assets/Scenes/Village.unity using Guid(b2421eceb42cf04458648fe8fab0904f) Importer(815301076,1909f56bfc062723c751e8b465ee728b)  -> (artifact id: '2998e3d910905556486b5188081e73dc') in 0.001727 seconds 
========================================================================
Received Import Request.
  Time since last request: 168.822403 seconds.
  path: Assets/Sprites/Scenes/电器街/便利店1_0001_塑料储物盒.png
  artifactKey: Guid(88198aeaff0f3f04b92c600ba76f406b) Importer(815301076,1909f56bfc062723c751e8b465ee728b)
Start importing Assets/Sprites/Scenes/电器街/便利店1_0001_塑料储物盒.png using Guid(88198aeaff0f3f04b92c600ba76f406b) Importer(815301076,1909f56bfc062723c751e8b465ee728b)  -> (artifact id: '51d461c3127329d4ac6b4da0b8c031e7') in 0.026397 seconds 
========================================================================
Received Import Request.
  Time since last request: 0.000020 seconds.
  path: Assets/Sprites/Scenes/电器街/便利店1_0004_花.png
  artifactKey: Guid(23a4a65014ce81d46aac40fecf0a2f72) Importer(815301076,1909f56bfc062723c751e8b465ee728b)
Start importing Assets/Sprites/Scenes/电器街/便利店1_0004_花.png using Guid(23a4a65014ce81d46aac40fecf0a2f72) Importer(815301076,1909f56bfc062723c751e8b465ee728b)  -> (artifact id: '92726b36650097e87c997afae47c76d6') in 0.014567 seconds 
========================================================================
Received Import Request.
  Time since last request: 0.000019 seconds.
  path: Assets/Sprites/Scenes/电器街/便利店1_0007_门框3.png
  artifactKey: Guid(4aebb0a36e8b86141acac57fed9d4baa) Importer(815301076,1909f56bfc062723c751e8b465ee728b)
Start importing Assets/Sprites/Scenes/电器街/便利店1_0007_门框3.png using Guid(4aebb0a36e8b86141acac57fed9d4baa) Importer(815301076,1909f56bfc062723c751e8b465ee728b)  -> (artifact id: '0e1031901823e32cfbfbf3a9fcd7c331') in 0.030666 seconds 
========================================================================
Received Import Request.
  Time since last request: 0.000017 seconds.
  path: Assets/Sprites/Scenes/电器街/便利店1_0010_图层-6.png
  artifactKey: Guid(eea69d33c96a2f3469f0e39a75d7886a) Importer(815301076,1909f56bfc062723c751e8b465ee728b)
Start importing Assets/Sprites/Scenes/电器街/便利店1_0010_图层-6.png using Guid(eea69d33c96a2f3469f0e39a75d7886a) Importer(815301076,1909f56bfc062723c751e8b465ee728b)  -> (artifact id: '85dcbe83bf839f8809654dbf4c88089a') in 0.020700 seconds 
========================================================================
Received Import Request.
  Time since last request: 0.000017 seconds.
  path: Assets/Sprites/Scenes/电器街/便利店1_0009_门框5.png
  artifactKey: Guid(0d569a6eec1f88e4ab92b4f4ca101524) Importer(815301076,1909f56bfc062723c751e8b465ee728b)
Start importing Assets/Sprites/Scenes/电器街/便利店1_0009_门框5.png using Guid(0d569a6eec1f88e4ab92b4f4ca101524) Importer(815301076,1909f56bfc062723c751e8b465ee728b)  -> (artifact id: 'cfa05b2c55b51a44dc3ebd23d452daac') in 0.021754 seconds 
========================================================================
Received Import Request.
  Time since last request: 0.000024 seconds.
  path: Assets/Sprites/Scenes/电器街/便利店1_0013_房间内部.png
  artifactKey: Guid(137b5316dbee1374fae61af21764d373) Importer(815301076,1909f56bfc062723c751e8b465ee728b)
Start importing Assets/Sprites/Scenes/电器街/便利店1_0013_房间内部.png using Guid(137b5316dbee1374fae61af21764d373) Importer(815301076,1909f56bfc062723c751e8b465ee728b)  -> (artifact id: '7bbd72f0c1839c810b94a5a071484de3') in 0.017702 seconds 
========================================================================
Received Import Request.
  Time since last request: 0.000016 seconds.
  path: Assets/Sprites/Scenes/电器街/便利店1_0008_门框4.png
  artifactKey: Guid(b09d92e21f52f264e8cde994924c2146) Importer(815301076,1909f56bfc062723c751e8b465ee728b)
Start importing Assets/Sprites/Scenes/电器街/便利店1_0008_门框4.png using Guid(b09d92e21f52f264e8cde994924c2146) Importer(815301076,1909f56bfc062723c751e8b465ee728b)  -> (artifact id: 'b16ba6e7140aaba8eebdef75899c0003') in 0.021534 seconds 
========================================================================
Received Import Request.
  Time since last request: 4.318868 seconds.
  path: Assets/Sprites/Scenes/电器街/场景-室外-电器街-白天-切图_0000_地面.png
  artifactKey: Guid(24dbc9a7f79ce89478df73dfd65e79b4) Importer(815301076,1909f56bfc062723c751e8b465ee728b)
Start importing Assets/Sprites/Scenes/电器街/场景-室外-电器街-白天-切图_0000_地面.png using Guid(24dbc9a7f79ce89478df73dfd65e79b4) Importer(815301076,1909f56bfc062723c751e8b465ee728b)  -> (artifact id: '20de73218835b3bc80e27e31e54827b0') in 0.022156 seconds 
========================================================================
Received Import Request.
  Time since last request: 0.000017 seconds.
  path: Assets/Sprites/Scenes/电器街/场景-室外-电器街-白天-切图_0007_指示牌2.png
  artifactKey: Guid(1e55125cab47e364289fff2419c493df) Importer(815301076,1909f56bfc062723c751e8b465ee728b)
Start importing Assets/Sprites/Scenes/电器街/场景-室外-电器街-白天-切图_0007_指示牌2.png using Guid(1e55125cab47e364289fff2419c493df) Importer(815301076,1909f56bfc062723c751e8b465ee728b)  -> (artifact id: 'e2e36b0d99b713f23a41b2e52616882a') in 0.019652 seconds 
========================================================================
Received Import Request.
  Time since last request: 0.000016 seconds.
  path: Assets/Sprites/Scenes/电器街/场景-室外-电器街-白天-切图_0006_警示标示-.png
  artifactKey: Guid(3e517f4d941807446a17e9eb4213e5b2) Importer(815301076,1909f56bfc062723c751e8b465ee728b)
Start importing Assets/Sprites/Scenes/电器街/场景-室外-电器街-白天-切图_0006_警示标示-.png using Guid(3e517f4d941807446a17e9eb4213e5b2) Importer(815301076,1909f56bfc062723c751e8b465ee728b)  -> (artifact id: '559d0ded6260f78dde8a1d03bd9ac0a1') in 0.019862 seconds 
========================================================================
Received Import Request.
  Time since last request: 0.000022 seconds.
  path: Assets/Sprites/Scenes/电器街/场景-室外-电器街-白天-切图_0005_路灯.png
  artifactKey: Guid(253d443a6fe42fb4cb014be1b658c78b) Importer(815301076,1909f56bfc062723c751e8b465ee728b)
Start importing Assets/Sprites/Scenes/电器街/场景-室外-电器街-白天-切图_0005_路灯.png using Guid(253d443a6fe42fb4cb014be1b658c78b) Importer(815301076,1909f56bfc062723c751e8b465ee728b)  -> (artifact id: 'aafd499ab4fba1e653b5f55d8c0178d3') in 0.017209 seconds 
========================================================================
Received Import Request.
  Time since last request: 0.467719 seconds.
  path: Assets/Sprites/Scenes/电器街/场景-室外-电器街-白天-切图_0011_日暮桥.png
  artifactKey: Guid(4990602af06fc1045b6ba4d54755a491) Importer(815301076,1909f56bfc062723c751e8b465ee728b)
Start importing Assets/Sprites/Scenes/电器街/场景-室外-电器街-白天-切图_0011_日暮桥.png using Guid(4990602af06fc1045b6ba4d54755a491) Importer(815301076,1909f56bfc062723c751e8b465ee728b)  -> (artifact id: '786e654bab72fd0b1c39999e5a31d946') in 0.022990 seconds 
========================================================================
Received Import Request.
  Time since last request: 0.000016 seconds.
  path: Assets/Sprites/Scenes/电器街2/场景-室外-电器街2-白天-樱花树.png
  artifactKey: Guid(4f09bde8f3c91304fb7f2b62255c51c2) Importer(815301076,1909f56bfc062723c751e8b465ee728b)
Start importing Assets/Sprites/Scenes/电器街2/场景-室外-电器街2-白天-樱花树.png using Guid(4f09bde8f3c91304fb7f2b62255c51c2) Importer(815301076,1909f56bfc062723c751e8b465ee728b)  -> (artifact id: '78bf3227d4d13e7ea8a3ba3bf05c9542') in 0.015635 seconds 
========================================================================
Received Import Request.
  Time since last request: 0.000018 seconds.
  path: Assets/Sprites/Scenes/电器街2/场景-室外-电器街2-白天_0003_远景1.png
  artifactKey: Guid(7b15d634a428df6458e91f486d142519) Importer(815301076,1909f56bfc062723c751e8b465ee728b)
Start importing Assets/Sprites/Scenes/电器街2/场景-室外-电器街2-白天_0003_远景1.png using Guid(7b15d634a428df6458e91f486d142519) Importer(815301076,1909f56bfc062723c751e8b465ee728b)  -> (artifact id: 'f21e6c5f5a007b8092b796e59ad8923d') in 0.026045 seconds 
========================================================================
Received Import Request.
  Time since last request: 0.000019 seconds.
  path: Assets/Sprites/Scenes/电器街/场景-室外-电器街-白天-切图_0019_樱花树.png
  artifactKey: Guid(c1c2c2b54cd32314a8b046fd891129e5) Importer(815301076,1909f56bfc062723c751e8b465ee728b)
Start importing Assets/Sprites/Scenes/电器街/场景-室外-电器街-白天-切图_0019_樱花树.png using Guid(c1c2c2b54cd32314a8b046fd891129e5) Importer(815301076,1909f56bfc062723c751e8b465ee728b)  -> (artifact id: 'ed14a83e8defea94da02b3eff2fc0e02') in 0.017921 seconds 
========================================================================
Received Import Request.
  Time since last request: 0.000015 seconds.
  path: Assets/Sprites/Scenes/场景特效/场景动画-电影院-广告牌/场景动画-电影院-广告牌1_0002_3.png
  artifactKey: Guid(e68871b8c78e636428bfb313ccad3100) Importer(815301076,1909f56bfc062723c751e8b465ee728b)
Start importing Assets/Sprites/Scenes/场景特效/场景动画-电影院-广告牌/场景动画-电影院-广告牌1_0002_3.png using Guid(e68871b8c78e636428bfb313ccad3100) Importer(815301076,1909f56bfc062723c751e8b465ee728b)  -> (artifact id: 'ec6abc42c1705184cbbca57515b9a7ea') in 0.012101 seconds 
========================================================================
Received Import Request.
  Time since last request: 0.000018 seconds.
  path: Assets/Sprites/Scenes/场景特效/场景动画-电影院-广告牌/场景动画-电影院-广告牌1_0003_4.png
  artifactKey: Guid(c044e919a5df2034e87d1247262cb6d5) Importer(815301076,1909f56bfc062723c751e8b465ee728b)
Start importing Assets/Sprites/Scenes/场景特效/场景动画-电影院-广告牌/场景动画-电影院-广告牌1_0003_4.png using Guid(c044e919a5df2034e87d1247262cb6d5) Importer(815301076,1909f56bfc062723c751e8b465ee728b)  -> (artifact id: '827eff618db273e5339d383b607d3cd4') in 0.013196 seconds 
========================================================================
Received Import Request.
  Time since last request: 0.000016 seconds.
  path: Assets/Sprites/Scenes/场景特效/场景动画-爆米花机/场景动画-爆米花机_0003_4.png
  artifactKey: Guid(347e0f366ba462243b9908d067affaec) Importer(815301076,1909f56bfc062723c751e8b465ee728b)
Start importing Assets/Sprites/Scenes/场景特效/场景动画-爆米花机/场景动画-爆米花机_0003_4.png using Guid(347e0f366ba462243b9908d067affaec) Importer(815301076,1909f56bfc062723c751e8b465ee728b)  -> (artifact id: 'fbb5cd9ce000e1bbf7e3264f2b87c551') in 0.012983 seconds 
========================================================================
Received Import Request.
  Time since last request: 0.000019 seconds.
  path: Assets/Sprites/Scenes/场景特效/场景动画-爆米花机/场景动画-爆米花机_0001_2.png
  artifactKey: Guid(af78c9088ad191145bca6103d518749d) Importer(815301076,1909f56bfc062723c751e8b465ee728b)
Start importing Assets/Sprites/Scenes/场景特效/场景动画-爆米花机/场景动画-爆米花机_0001_2.png using Guid(af78c9088ad191145bca6103d518749d) Importer(815301076,1909f56bfc062723c751e8b465ee728b)  -> (artifact id: '817675952d113bd1cc946d641238b4e9') in 0.010700 seconds 
========================================================================
Received Import Request.
  Time since last request: 0.000025 seconds.
  path: Assets/Sprites/Scenes/电器街2/场景-室外-电器街2-白天_0000_地面.png
  artifactKey: Guid(58c6138607621054186ec0f66f431272) Importer(815301076,1909f56bfc062723c751e8b465ee728b)
Start importing Assets/Sprites/Scenes/电器街2/场景-室外-电器街2-白天_0000_地面.png using Guid(58c6138607621054186ec0f66f431272) Importer(815301076,1909f56bfc062723c751e8b465ee728b)  -> (artifact id: 'cb5839c56227b0b10b6e73f23b9fc232') in 0.019944 seconds 
========================================================================
Received Import Request.
  Time since last request: 0.526613 seconds.
  path: Assets/Sprites/Scenes/场景特效/场景动画-电影院-广告牌/场景动画-电影院-广告牌1_0006_7.png
  artifactKey: Guid(26560de077d801149be0c9c656079c32) Importer(815301076,1909f56bfc062723c751e8b465ee728b)
Start importing Assets/Sprites/Scenes/场景特效/场景动画-电影院-广告牌/场景动画-电影院-广告牌1_0006_7.png using Guid(26560de077d801149be0c9c656079c32) Importer(815301076,1909f56bfc062723c751e8b465ee728b)  -> (artifact id: '134470d4876ca530cabc4816bc79981f') in 0.016886 seconds 
========================================================================
Received Import Request.
  Time since last request: 0.000017 seconds.
  path: Assets/Sprites/Scenes/场景特效/场景动画-电影院-广告牌/场景动画-电影院-广告牌1_0010_11.png
  artifactKey: Guid(6998dfb305cc89a4e8f91c11f9c55672) Importer(815301076,1909f56bfc062723c751e8b465ee728b)
Start importing Assets/Sprites/Scenes/场景特效/场景动画-电影院-广告牌/场景动画-电影院-广告牌1_0010_11.png using Guid(6998dfb305cc89a4e8f91c11f9c55672) Importer(815301076,1909f56bfc062723c751e8b465ee728b)  -> (artifact id: '956d2c53c5a7d77330981ba67fce5275') in 0.012587 seconds 
========================================================================
Received Import Request.
  Time since last request: 0.000015 seconds.
  path: Assets/Sprites/Scenes/场景特效/场景动画-电影院-广告牌/场景动画-电影院-广告牌1_0014_15.png
  artifactKey: Guid(71de7aab438956c498f15f0552583148) Importer(815301076,1909f56bfc062723c751e8b465ee728b)
Start importing Assets/Sprites/Scenes/场景特效/场景动画-电影院-广告牌/场景动画-电影院-广告牌1_0014_15.png using Guid(71de7aab438956c498f15f0552583148) Importer(815301076,1909f56bfc062723c751e8b465ee728b)  -> (artifact id: 'd065183afccceeeda7a78e92410984e0') in 0.011039 seconds 
========================================================================
Received Import Request.
  Time since last request: 0.921141 seconds.
  path: Assets/Resources/Atlas/磁铁.png
  artifactKey: Guid(84466b343a4dd1e4cbf3bd39edd14624) Importer(815301076,1909f56bfc062723c751e8b465ee728b)
Start importing Assets/Resources/Atlas/磁铁.png using Guid(84466b343a4dd1e4cbf3bd39edd14624) Importer(815301076,1909f56bfc062723c751e8b465ee728b)  -> (artifact id: '7f395a0c854f74d99ea1f90752ce5fea') in 0.030165 seconds 
========================================================================
Received Import Request.
  Time since last request: 0.018057 seconds.
  path: Assets/Sprites/Scenes/电器街/街机室_0000_广告-1.png
  artifactKey: Guid(8ae23617445a0ab439bd455572ea86a7) Importer(815301076,1909f56bfc062723c751e8b465ee728b)
Start importing Assets/Sprites/Scenes/电器街/街机室_0000_广告-1.png using Guid(8ae23617445a0ab439bd455572ea86a7) Importer(815301076,1909f56bfc062723c751e8b465ee728b)  -> (artifact id: '0a84fe5eba4871e85c6be0bf171da0ba') in 0.026293 seconds 
========================================================================
Received Import Request.
  Time since last request: 0.000016 seconds.
  path: Assets/Sprites/Scenes/电器街/街机室_0006_广告-3.png
  artifactKey: Guid(4f015cbc00588a843bba0208aadd5c93) Importer(815301076,1909f56bfc062723c751e8b465ee728b)
Start importing Assets/Sprites/Scenes/电器街/街机室_0006_广告-3.png using Guid(4f015cbc00588a843bba0208aadd5c93) Importer(815301076,1909f56bfc062723c751e8b465ee728b)  -> (artifact id: '408d17c0edf1f832dac27fd6f6ef72fd') in 0.017240 seconds 
========================================================================
Received Import Request.
  Time since last request: 1.454802 seconds.
  path: Assets/Sprites/Scenes/电器街/街机室_0009_建筑主体.png
  artifactKey: Guid(9e97983e530e2ba478c539099aa6dc4e) Importer(815301076,1909f56bfc062723c751e8b465ee728b)
Start importing Assets/Sprites/Scenes/电器街/街机室_0009_建筑主体.png using Guid(9e97983e530e2ba478c539099aa6dc4e) Importer(815301076,1909f56bfc062723c751e8b465ee728b)  -> (artifact id: '87e5b803618fd38590cdf04f36f6bd96') in 0.017393 seconds 
========================================================================
Received Import Request.
  Time since last request: 0.902264 seconds.
  path: Assets/Sprites/Scenes/电器街2/西餐厅/西餐厅21_0001_户外椅.png
  artifactKey: Guid(97a052a5c63e3784cb9d9342ed0017b4) Importer(815301076,1909f56bfc062723c751e8b465ee728b)
Start importing Assets/Sprites/Scenes/电器街2/西餐厅/西餐厅21_0001_户外椅.png using Guid(97a052a5c63e3784cb9d9342ed0017b4) Importer(815301076,1909f56bfc062723c751e8b465ee728b)  -> (artifact id: '5a35092210ca58af7bd289e7a3499f52') in 0.022763 seconds 
========================================================================
Received Import Request.
  Time since last request: 2.467488 seconds.
  path: Assets/Sprites/Characters/NPC-水手服爷爷/角色动画-NPC-水手服爷爷-移动_0004_移动-5.png
  artifactKey: Guid(dcf88ee843628404786bddd6031cfd41) Importer(815301076,1909f56bfc062723c751e8b465ee728b)
Start importing Assets/Sprites/Characters/NPC-水手服爷爷/角色动画-NPC-水手服爷爷-移动_0004_移动-5.png using Guid(dcf88ee843628404786bddd6031cfd41) Importer(815301076,1909f56bfc062723c751e8b465ee728b)  -> (artifact id: '830fe946a043e34af49e7a8e89085a7d') in 0.022121 seconds 
========================================================================
Received Import Request.
  Time since last request: 0.000016 seconds.
  path: Assets/Sprites/Characters/NPC-电影院服务员1/角色动画-NPC-电影院服务员1-待机_0002_3.png
  artifactKey: Guid(fdb3b905c7ad5e64d9829cb27ed66267) Importer(815301076,1909f56bfc062723c751e8b465ee728b)
Start importing Assets/Sprites/Characters/NPC-电影院服务员1/角色动画-NPC-电影院服务员1-待机_0002_3.png using Guid(fdb3b905c7ad5e64d9829cb27ed66267) Importer(815301076,1909f56bfc062723c751e8b465ee728b)  -> (artifact id: 'f74490591506844cac6df39f8d6be256') in 0.029684 seconds 
========================================================================
Received Import Request.
  Time since last request: 0.780347 seconds.
  path: Assets/Sprites/Characters/上班族/角色动画-上班族-切图_0021_上班族-坐-喝4.png
  artifactKey: Guid(5f4c84b40aee0394c815ae065db60060) Importer(815301076,1909f56bfc062723c751e8b465ee728b)
Start importing Assets/Sprites/Characters/上班族/角色动画-上班族-切图_0021_上班族-坐-喝4.png using Guid(5f4c84b40aee0394c815ae065db60060) Importer(815301076,1909f56bfc062723c751e8b465ee728b)  -> (artifact id: 'a3ebcce09109800d4fcfe64998eeb213') in 0.019725 seconds 
========================================================================
Received Import Request.
  Time since last request: 0.814317 seconds.
  path: Assets/Sprites/Characters/女仆1/角色动画-女仆1-切图_0011_IrecorderP-艾尔-鞠躬2.png
  artifactKey: Guid(3779e97f4897c2445b01ccac3c8a4f1d) Importer(815301076,1909f56bfc062723c751e8b465ee728b)
Start importing Assets/Sprites/Characters/女仆1/角色动画-女仆1-切图_0011_IrecorderP-艾尔-鞠躬2.png using Guid(3779e97f4897c2445b01ccac3c8a4f1d) Importer(815301076,1909f56bfc062723c751e8b465ee728b)  -> (artifact id: '0a6118ee33fc6ddec4a767635a93e0db') in 0.017163 seconds 
========================================================================
Received Import Request.
  Time since last request: 0.000016 seconds.
  path: Assets/Sprites/Characters/女仆1/角色动画-女仆1-切图_0014_IrecorderP-艾尔-鞠躬5.png
  artifactKey: Guid(38ec2953703373b4d8965a268f4473e5) Importer(815301076,1909f56bfc062723c751e8b465ee728b)
Start importing Assets/Sprites/Characters/女仆1/角色动画-女仆1-切图_0014_IrecorderP-艾尔-鞠躬5.png using Guid(38ec2953703373b4d8965a268f4473e5) Importer(815301076,1909f56bfc062723c751e8b465ee728b)  -> (artifact id: '0fa0d1f42fe14cee81518566309775d4') in 0.012434 seconds 
========================================================================
Received Prepare
Registering precompiled user dll's ...
Registered in 0.004489 seconds.
Begin MonoManager ReloadAssembly
Native extension for WindowsStandalone target not found
Refreshing native plugins compatible for Editor in 0.77 ms, found 3 plugins.
Preloading 0 native plugins for Editor in 0.00 ms.
[Package Manager] Server::EnsureServerProcessIsRunning -- launch failed, reason: Unity was launched with the -noUpm command-line argument
[Package Manager] UpmClient::Send -- Unable to send message (not connected to UPM process).
[Package Manager] Cannot connect to Unity Package Manager local server
Mono: successfully reloaded assembly
- Completed reload, in  1.085 seconds
Domain Reload Profiling:
	ReloadAssembly (1085ms)
		BeginReloadAssembly (86ms)
			ExecutionOrderSort (0ms)
			DisableScriptedObjects (3ms)
			BackupInstance (0ms)
			ReleaseScriptingObjects (0ms)
			CreateAndSetChildDomain (33ms)
		EndReloadAssembly (948ms)
			LoadAssemblies (42ms)
			RebuildTransferFunctionScriptingTraits (0ms)
			SetupTypeCache (114ms)
				TypeCache.Initialize (107ms)
					TypeCache.ScanAssembly (105ms)
				ResolveRequiredComponents (6ms)
			ReleaseScriptCaches (2ms)
			RebuildScriptCaches (48ms)
			SetupLoadedEditorAssemblies (709ms)
				LogAssemblyErrors (0ms)
				InitializePlatformSupportModulesInManaged (8ms)
				SetLoadedEditorAssemblies (4ms)
				RefreshPlugins (1ms)
				BeforeProcessingInitializeOnLoad (39ms)
				ProcessInitializeOnLoadAttributes (616ms)
				ProcessInitializeOnLoadMethodAttributes (38ms)
				AfterProcessingInitializeOnLoad (4ms)
				EditorAssembliesLoaded (0ms)
			ExecutionOrderSort2 (0ms)
			AwakeInstancesAfterBackupRestoration (4ms)
Platform modules already initialized, skipping
Refreshing native plugins compatible for Editor in 2.61 ms, found 3 plugins.
Preloading 0 native plugins for Editor in 0.00 ms.
Unloading 3558 Unused Serialized files (Serialized files now loaded: 0)
Unloading 47 unused Assets / (33.7 KB). Loaded Objects now: 4076.
Memory consumption went from 0.54 GB to 0.54 GB.
Total: 3.853200 ms (FindLiveObjects: 0.151400 ms CreateObjectMapping: 0.044100 ms MarkObjects: 3.629900 ms  DeleteObjects: 0.027200 ms)

AssetImportParameters requested are different than current active one (requested -> active):
  custom:video-decoder-ogg-theora: a1e56fd34408186e4bbccfd4996cb3dc -> 
  custom:container-muxer-webm: aa71ff27fc2769a1b78a27578f13a17b -> 
  custom:container-demuxer-webm: 4f35f7cbe854078d1ac9338744f61a02 -> 
  custom:video-encoder-webm-vp8: eb34c28f22e8b96e1ab97ce403110664 -> 
  custom:video-codec-MediaFoundation-h265: 746d11721c4dcdbdad8f713fa42b33f4 -> 
  custom:audio-encoder-webm-vorbis: bf7c407c2cedff20999df2af8eb42d56 -> 
  custom:framework-win-MediaFoundation: 216162199b28c13a410421893ffa2e32 -> 
  custom:container-demuxer-ogg: 62fdf1f143b41e24485cea50d1cbac27 -> 
  custom:video-decoder-webm-vp8: 9c59270c3fd7afecdb556c50c9e8de78 -> 
  custom:audio-decoder-ogg-vorbis: bf7c407c2cedff20999df2af8eb42d56 -> 
========================================================================
Received Prepare
Registering precompiled user dll's ...
Registered in 0.004334 seconds.
Begin MonoManager ReloadAssembly
Native extension for WindowsStandalone target not found
Refreshing native plugins compatible for Editor in 0.62 ms, found 3 plugins.
Preloading 0 native plugins for Editor in 0.00 ms.
[Package Manager] Server::EnsureServerProcessIsRunning -- launch failed, reason: Unity was launched with the -noUpm command-line argument
[Package Manager] UpmClient::Send -- Unable to send message (not connected to UPM process).
[Package Manager] Cannot connect to Unity Package Manager local server
Mono: successfully reloaded assembly
- Completed reload, in  1.126 seconds
Domain Reload Profiling:
	ReloadAssembly (1126ms)
		BeginReloadAssembly (87ms)
			ExecutionOrderSort (0ms)
			DisableScriptedObjects (4ms)
			BackupInstance (0ms)
			ReleaseScriptingObjects (0ms)
			CreateAndSetChildDomain (32ms)
		EndReloadAssembly (990ms)
			LoadAssemblies (44ms)
			RebuildTransferFunctionScriptingTraits (0ms)
			SetupTypeCache (124ms)
				TypeCache.Initialize (106ms)
					TypeCache.ScanAssembly (103ms)
				ResolveRequiredComponents (19ms)
			ReleaseScriptCaches (2ms)
			RebuildScriptCaches (48ms)
			SetupLoadedEditorAssemblies (720ms)
				LogAssemblyErrors (0ms)
				InitializePlatformSupportModulesInManaged (7ms)
				SetLoadedEditorAssemblies (3ms)
				RefreshPlugins (1ms)
				BeforeProcessingInitializeOnLoad (39ms)
				ProcessInitializeOnLoadAttributes (627ms)
				ProcessInitializeOnLoadMethodAttributes (39ms)
				AfterProcessingInitializeOnLoad (4ms)
				EditorAssembliesLoaded (0ms)
			ExecutionOrderSort2 (0ms)
			AwakeInstancesAfterBackupRestoration (4ms)
Platform modules already initialized, skipping
Refreshing native plugins compatible for Editor in 2.48 ms, found 3 plugins.
Preloading 0 native plugins for Editor in 0.00 ms.
Unloading 3558 Unused Serialized files (Serialized files now loaded: 0)
Unloading 47 unused Assets / (33.7 KB). Loaded Objects now: 4079.
Memory consumption went from 0.54 GB to 0.54 GB.
Total: 3.741400 ms (FindLiveObjects: 0.135400 ms CreateObjectMapping: 0.041200 ms MarkObjects: 3.541900 ms  DeleteObjects: 0.022000 ms)

AssetImportParameters requested are different than current active one (requested -> active):
  custom:video-decoder-ogg-theora: a1e56fd34408186e4bbccfd4996cb3dc -> 
  custom:container-muxer-webm: aa71ff27fc2769a1b78a27578f13a17b -> 
  custom:container-demuxer-webm: 4f35f7cbe854078d1ac9338744f61a02 -> 
  custom:video-encoder-webm-vp8: eb34c28f22e8b96e1ab97ce403110664 -> 
  custom:video-codec-MediaFoundation-h265: 746d11721c4dcdbdad8f713fa42b33f4 -> 
  custom:audio-encoder-webm-vorbis: bf7c407c2cedff20999df2af8eb42d56 -> 
  custom:framework-win-MediaFoundation: 216162199b28c13a410421893ffa2e32 -> 
  custom:container-demuxer-ogg: 62fdf1f143b41e24485cea50d1cbac27 -> 
  custom:video-decoder-webm-vp8: 9c59270c3fd7afecdb556c50c9e8de78 -> 
  custom:audio-decoder-ogg-vorbis: bf7c407c2cedff20999df2af8eb42d56 -> 
========================================================================
Received Prepare
Registering precompiled user dll's ...
Registered in 0.004622 seconds.
Begin MonoManager ReloadAssembly
Native extension for WindowsStandalone target not found
Refreshing native plugins compatible for Editor in 0.63 ms, found 3 plugins.
Preloading 0 native plugins for Editor in 0.00 ms.
[Package Manager] Server::EnsureServerProcessIsRunning -- launch failed, reason: Unity was launched with the -noUpm command-line argument
[Package Manager] UpmClient::Send -- Unable to send message (not connected to UPM process).
[Package Manager] Cannot connect to Unity Package Manager local server
Mono: successfully reloaded assembly
- Completed reload, in  1.100 seconds
Domain Reload Profiling:
	ReloadAssembly (1100ms)
		BeginReloadAssembly (86ms)
			ExecutionOrderSort (0ms)
			DisableScriptedObjects (4ms)
			BackupInstance (0ms)
			ReleaseScriptingObjects (0ms)
			CreateAndSetChildDomain (31ms)
		EndReloadAssembly (964ms)
			LoadAssemblies (42ms)
			RebuildTransferFunctionScriptingTraits (0ms)
			SetupTypeCache (123ms)
				TypeCache.Initialize (104ms)
					TypeCache.ScanAssembly (101ms)
				ResolveRequiredComponents (19ms)
			ReleaseScriptCaches (2ms)
			RebuildScriptCaches (53ms)
			SetupLoadedEditorAssemblies (695ms)
				LogAssemblyErrors (0ms)
				InitializePlatformSupportModulesInManaged (7ms)
				SetLoadedEditorAssemblies (4ms)
				RefreshPlugins (1ms)
				BeforeProcessingInitializeOnLoad (37ms)
				ProcessInitializeOnLoadAttributes (607ms)
				ProcessInitializeOnLoadMethodAttributes (37ms)
				AfterProcessingInitializeOnLoad (3ms)
				EditorAssembliesLoaded (0ms)
			ExecutionOrderSort2 (0ms)
			AwakeInstancesAfterBackupRestoration (4ms)
Platform modules already initialized, skipping
Refreshing native plugins compatible for Editor in 2.35 ms, found 3 plugins.
Preloading 0 native plugins for Editor in 0.00 ms.
Unloading 3558 Unused Serialized files (Serialized files now loaded: 0)
Unloading 47 unused Assets / (33.7 KB). Loaded Objects now: 4082.
Memory consumption went from 0.54 GB to 0.54 GB.
Total: 3.674100 ms (FindLiveObjects: 0.130300 ms CreateObjectMapping: 0.040800 ms MarkObjects: 3.479000 ms  DeleteObjects: 0.023200 ms)

AssetImportParameters requested are different than current active one (requested -> active):
  custom:video-decoder-ogg-theora: a1e56fd34408186e4bbccfd4996cb3dc -> 
  custom:container-muxer-webm: aa71ff27fc2769a1b78a27578f13a17b -> 
  custom:container-demuxer-webm: 4f35f7cbe854078d1ac9338744f61a02 -> 
  custom:video-encoder-webm-vp8: eb34c28f22e8b96e1ab97ce403110664 -> 
  custom:video-codec-MediaFoundation-h265: 746d11721c4dcdbdad8f713fa42b33f4 -> 
  custom:audio-encoder-webm-vorbis: bf7c407c2cedff20999df2af8eb42d56 -> 
  custom:framework-win-MediaFoundation: 216162199b28c13a410421893ffa2e32 -> 
  custom:container-demuxer-ogg: 62fdf1f143b41e24485cea50d1cbac27 -> 
  custom:video-decoder-webm-vp8: 9c59270c3fd7afecdb556c50c9e8de78 -> 
  custom:audio-decoder-ogg-vorbis: bf7c407c2cedff20999df2af8eb42d56 -> 
========================================================================
Received Prepare
Registering precompiled user dll's ...
Registered in 0.005434 seconds.
Begin MonoManager ReloadAssembly
Native extension for WindowsStandalone target not found
Refreshing native plugins compatible for Editor in 0.63 ms, found 3 plugins.
Preloading 0 native plugins for Editor in 0.00 ms.
[Package Manager] Server::EnsureServerProcessIsRunning -- launch failed, reason: Unity was launched with the -noUpm command-line argument
[Package Manager] UpmClient::Send -- Unable to send message (not connected to UPM process).
[Package Manager] Cannot connect to Unity Package Manager local server
Mono: successfully reloaded assembly
- Completed reload, in  1.039 seconds
Domain Reload Profiling:
	ReloadAssembly (1039ms)
		BeginReloadAssembly (85ms)
			ExecutionOrderSort (0ms)
			DisableScriptedObjects (4ms)
			BackupInstance (0ms)
			ReleaseScriptingObjects (0ms)
			CreateAndSetChildDomain (31ms)
		EndReloadAssembly (904ms)
			LoadAssemblies (43ms)
			RebuildTransferFunctionScriptingTraits (0ms)
			SetupTypeCache (113ms)
				TypeCache.Initialize (107ms)
					TypeCache.ScanAssembly (104ms)
				ResolveRequiredComponents (6ms)
			ReleaseScriptCaches (5ms)
			RebuildScriptCaches (37ms)
			SetupLoadedEditorAssemblies (671ms)
				LogAssemblyErrors (0ms)
				InitializePlatformSupportModulesInManaged (10ms)
				SetLoadedEditorAssemblies (4ms)
				RefreshPlugins (1ms)
				BeforeProcessingInitializeOnLoad (38ms)
				ProcessInitializeOnLoadAttributes (580ms)
				ProcessInitializeOnLoadMethodAttributes (35ms)
				AfterProcessingInitializeOnLoad (4ms)
				EditorAssembliesLoaded (0ms)
			ExecutionOrderSort2 (0ms)
			AwakeInstancesAfterBackupRestoration (4ms)
Platform modules already initialized, skipping
Refreshing native plugins compatible for Editor in 2.27 ms, found 3 plugins.
Preloading 0 native plugins for Editor in 0.00 ms.
Unloading 3558 Unused Serialized files (Serialized files now loaded: 0)
Unloading 47 unused Assets / (33.7 KB). Loaded Objects now: 4085.
Memory consumption went from 0.54 GB to 0.54 GB.
Total: 3.727500 ms (FindLiveObjects: 0.152000 ms CreateObjectMapping: 0.043500 ms MarkObjects: 3.500200 ms  DeleteObjects: 0.031000 ms)

AssetImportParameters requested are different than current active one (requested -> active):
  custom:video-decoder-ogg-theora: a1e56fd34408186e4bbccfd4996cb3dc -> 
  custom:container-muxer-webm: aa71ff27fc2769a1b78a27578f13a17b -> 
  custom:container-demuxer-webm: 4f35f7cbe854078d1ac9338744f61a02 -> 
  custom:video-encoder-webm-vp8: eb34c28f22e8b96e1ab97ce403110664 -> 
  custom:video-codec-MediaFoundation-h265: 746d11721c4dcdbdad8f713fa42b33f4 -> 
  custom:audio-encoder-webm-vorbis: bf7c407c2cedff20999df2af8eb42d56 -> 
  custom:framework-win-MediaFoundation: 216162199b28c13a410421893ffa2e32 -> 
  custom:container-demuxer-ogg: 62fdf1f143b41e24485cea50d1cbac27 -> 
  custom:video-decoder-webm-vp8: 9c59270c3fd7afecdb556c50c9e8de78 -> 
  custom:audio-decoder-ogg-vorbis: bf7c407c2cedff20999df2af8eb42d56 -> 
