Using pre-set license
Built from 'HEAD' branch; Version is '2022.1.23f1c1 (46637c7592ee) revision 4612988'; Using compiler version '192829333'; Build Type 'Release'
OS: 'Windows 11  (10.0.22631) 64bit Enterprise' Language: 'zh' Physical Memory: 32581 MB
BatchMode: 1, IsHumanControllingUs: 0, StartBugReporterOnCrash: 0, Is64bit: 1, IsPro: 1

COMMAND LINE ARGUMENTS:
D:\Program Files\Unity3d Edition\Unity 2022.1.23f1c1\Editor\Unity.exe
-adb2
-batchMode
-noUpm
-name
AssetImportWorker2
-projectPath
E:/GitHub仓库/Cat/MaidcafeDemo
-logFile
Logs/AssetImportWorker2.log
-srvPort
9477
Successfully changed project path to: E:/GitHub仓库/Cat/MaidcafeDemo
E:/GitHub仓库/Cat/MaidcafeDemo
[UnityMemory] Configuration Parameters - Can be set up in boot.config
    "memorysetup-bucket-allocator-granularity=16"
    "memorysetup-bucket-allocator-bucket-count=8"
    "memorysetup-bucket-allocator-block-size=33554432"
    "memorysetup-bucket-allocator-block-count=8"
    "memorysetup-main-allocator-block-size=16777216"
    "memorysetup-thread-allocator-block-size=16777216"
    "memorysetup-gfx-main-allocator-block-size=16777216"
    "memorysetup-gfx-thread-allocator-block-size=16777216"
    "memorysetup-cache-allocator-block-size=4194304"
    "memorysetup-typetree-allocator-block-size=2097152"
    "memorysetup-profiler-bucket-allocator-granularity=16"
    "memorysetup-profiler-bucket-allocator-bucket-count=8"
    "memorysetup-profiler-bucket-allocator-block-size=33554432"
    "memorysetup-profiler-bucket-allocator-block-count=8"
    "memorysetup-profiler-allocator-block-size=16777216"
    "memorysetup-profiler-editor-allocator-block-size=1048576"
    "memorysetup-temp-allocator-size-main=16777216"
    "memorysetup-job-temp-allocator-block-size=2097152"
    "memorysetup-job-temp-allocator-block-size-background=1048576"
    "memorysetup-job-temp-allocator-reduction-small-platforms=262144"
    "memorysetup-temp-allocator-size-background-worker=32768"
    "memorysetup-temp-allocator-size-job-worker=262144"
    "memorysetup-temp-allocator-size-preload-manager=33554432"
    "memorysetup-temp-allocator-size-nav-mesh-worker=65536"
    "memorysetup-temp-allocator-size-audio-worker=65536"
    "memorysetup-temp-allocator-size-cloud-worker=32768"
    "memorysetup-temp-allocator-size-gi-baking-worker=262144"
    "memorysetup-temp-allocator-size-gfx=262144"
Refreshing native plugins compatible for Editor in 46.95 ms, found 3 plugins.
Preloading 0 native plugins for Editor in 0.00 ms.
Initialize engine version: 2022.1.23f1c1 (46637c7592ee)
[Subsystems] Discovering subsystems at path D:/Program Files/Unity3d Edition/Unity 2022.1.23f1c1/Editor/Data/Resources/UnitySubsystems
[Subsystems] Discovering subsystems at path E:/GitHub仓库/Cat/MaidcafeDemo/Assets
GfxDevice: creating device client; threaded=0; jobified=0
Direct3D:
    Version:  Direct3D 11.0 [level 11.1]
    Renderer: NVIDIA GeForce RTX 4070 Ti (ID=0x2782)
    Vendor:   NVIDIA
    VRAM:     11996 MB
    Driver:   32.0.15.5599
Initialize mono
Mono path[0] = 'D:/Program Files/Unity3d Edition/Unity 2022.1.23f1c1/Editor/Data/Managed'
Mono path[1] = 'D:/Program Files/Unity3d Edition/Unity 2022.1.23f1c1/Editor/Data/MonoBleedingEdge/lib/mono/unityjit-win32'
Mono config path = 'D:/Program Files/Unity3d Edition/Unity 2022.1.23f1c1/Editor/Data/MonoBleedingEdge/etc'
Using monoOptions --debugger-agent=transport=dt_socket,embedding=1,server=y,suspend=n,address=127.0.0.1:56512
Begin MonoManager ReloadAssembly
Registering precompiled unity dll's ...
Register platform support module: D:/Program Files/Unity3d Edition/Unity 2022.1.23f1c1/Editor/Data/PlaybackEngines/WindowsStandaloneSupport/UnityEditor.WindowsStandalone.Extensions.dll
Registered in 0.001270 seconds.
Native extension for WindowsStandalone target not found
Refreshing native plugins compatible for Editor in 43.18 ms, found 3 plugins.
Preloading 0 native plugins for Editor in 0.00 ms.
Mono: successfully reloaded assembly
- Completed reload, in  0.366 seconds
Domain Reload Profiling:
	ReloadAssembly (366ms)
		BeginReloadAssembly (51ms)
			ExecutionOrderSort (0ms)
			DisableScriptedObjects (0ms)
			BackupInstance (0ms)
			ReleaseScriptingObjects (0ms)
			CreateAndSetChildDomain (0ms)
		EndReloadAssembly (258ms)
			LoadAssemblies (50ms)
			RebuildTransferFunctionScriptingTraits (0ms)
			SetupTypeCache (64ms)
				TypeCache.Initialize (64ms)
					TypeCache.ScanAssembly (63ms)
				ResolveRequiredComponents (0ms)
			ReleaseScriptCaches (0ms)
			RebuildScriptCaches (15ms)
			SetupLoadedEditorAssemblies (150ms)
				LogAssemblyErrors (0ms)
				InitializePlatformSupportModulesInManaged (3ms)
				SetLoadedEditorAssemblies (4ms)
				RefreshPlugins (43ms)
				BeforeProcessingInitializeOnLoad (1ms)
				ProcessInitializeOnLoadAttributes (75ms)
				ProcessInitializeOnLoadMethodAttributes (23ms)
				AfterProcessingInitializeOnLoad (0ms)
				EditorAssembliesLoaded (0ms)
			ExecutionOrderSort2 (0ms)
			AwakeInstancesAfterBackupRestoration (0ms)
Platform modules already initialized, skipping
Registering precompiled user dll's ...
Registered in 0.004491 seconds.
Begin MonoManager ReloadAssembly
Native extension for WindowsStandalone target not found
Refreshing native plugins compatible for Editor in 41.60 ms, found 3 plugins.
Preloading 0 native plugins for Editor in 0.00 ms.
Package Manager log level set to [2]
[Package Manager] Server::EnsureServerProcessIsRunning -- launch failed, reason: Unity was launched with the -noUpm command-line argument
[Package Manager] UpmClient::Send -- Unable to send message (not connected to UPM process).
[Package Manager] Cannot connect to Unity Package Manager local server
Mono: successfully reloaded assembly
- Completed reload, in  1.161 seconds
Domain Reload Profiling:
	ReloadAssembly (1161ms)
		BeginReloadAssembly (57ms)
			ExecutionOrderSort (0ms)
			DisableScriptedObjects (3ms)
			BackupInstance (0ms)
			ReleaseScriptingObjects (0ms)
			CreateAndSetChildDomain (10ms)
		EndReloadAssembly (1030ms)
			LoadAssemblies (39ms)
			RebuildTransferFunctionScriptingTraits (0ms)
			SetupTypeCache (129ms)
				TypeCache.Initialize (123ms)
					TypeCache.ScanAssembly (121ms)
				ResolveRequiredComponents (6ms)
			ReleaseScriptCaches (0ms)
			RebuildScriptCaches (37ms)
			SetupLoadedEditorAssemblies (788ms)
				LogAssemblyErrors (0ms)
				InitializePlatformSupportModulesInManaged (2ms)
				SetLoadedEditorAssemblies (4ms)
				RefreshPlugins (42ms)
				BeforeProcessingInitializeOnLoad (41ms)
				ProcessInitializeOnLoadAttributes (664ms)
				ProcessInitializeOnLoadMethodAttributes (34ms)
				AfterProcessingInitializeOnLoad (2ms)
				EditorAssembliesLoaded (0ms)
			ExecutionOrderSort2 (0ms)
			AwakeInstancesAfterBackupRestoration (3ms)
Platform modules already initialized, skipping
========================================================================
Worker process is ready to serve import requests
Launched and connected shader compiler UnityShaderCompiler.exe after 0.03 seconds
Refreshing native plugins compatible for Editor in 0.87 ms, found 3 plugins.
Preloading 0 native plugins for Editor in 0.00 ms.
Unloading 3578 Unused Serialized files (Serialized files now loaded: 0)
Unloading 59 unused Assets / (60.0 KB). Loaded Objects now: 4024.
Memory consumption went from 0.54 GB to 0.54 GB.
Total: 4.364700 ms (FindLiveObjects: 0.162500 ms CreateObjectMapping: 0.045600 ms MarkObjects: 4.083900 ms  DeleteObjects: 0.072100 ms)

AssetImportParameters requested are different than current active one (requested -> active):
  custom:video-decoder-ogg-theora: a1e56fd34408186e4bbccfd4996cb3dc -> 
  custom:container-muxer-webm: aa71ff27fc2769a1b78a27578f13a17b -> 
  custom:container-demuxer-webm: 4f35f7cbe854078d1ac9338744f61a02 -> 
  custom:video-encoder-webm-vp8: eb34c28f22e8b96e1ab97ce403110664 -> 
  custom:video-codec-MediaFoundation-h265: 746d11721c4dcdbdad8f713fa42b33f4 -> 
  custom:audio-encoder-webm-vorbis: bf7c407c2cedff20999df2af8eb42d56 -> 
  custom:framework-win-MediaFoundation: 216162199b28c13a410421893ffa2e32 -> 
  custom:container-demuxer-ogg: 62fdf1f143b41e24485cea50d1cbac27 -> 
  custom:video-decoder-webm-vp8: 9c59270c3fd7afecdb556c50c9e8de78 -> 
  custom:audio-decoder-ogg-vorbis: bf7c407c2cedff20999df2af8eb42d56 -> 
========================================================================
Received Import Request.
  Time since last request: 210841.246541 seconds.
  path: Assets/Resources/Arts Resources/Bg Build/house63.png
  artifactKey: Guid(a6340117d4e3f58479024811c77c50d9) Importer(815301076,1909f56bfc062723c751e8b465ee728b)
Start importing Assets/Resources/Arts Resources/Bg Build/house63.png using Guid(a6340117d4e3f58479024811c77c50d9) Importer(815301076,1909f56bfc062723c751e8b465ee728b)  -> (artifact id: '92708afd05a4a276fa8d6650840e9e2a') in 0.065954 seconds 
========================================================================
Received Import Request.
  Time since last request: 48.337459 seconds.
  path: Assets/Resources/Arts Resources/Bg Build/house76.png
  artifactKey: Guid(b25bc34205805924bb6819286efbb37b) Importer(815301076,1909f56bfc062723c751e8b465ee728b)
Start importing Assets/Resources/Arts Resources/Bg Build/house76.png using Guid(b25bc34205805924bb6819286efbb37b) Importer(815301076,1909f56bfc062723c751e8b465ee728b)  -> (artifact id: '9386efbde5aa9236f651830b39e51a9f') in 0.018939 seconds 
========================================================================
Received Import Request.
  Time since last request: 1.589897 seconds.
  path: Assets/Resources/Arts Resources/Bg Build/house85.png
  artifactKey: Guid(932abc4c837428c469483d7456f5aac6) Importer(815301076,1909f56bfc062723c751e8b465ee728b)
Start importing Assets/Resources/Arts Resources/Bg Build/house85.png using Guid(932abc4c837428c469483d7456f5aac6) Importer(815301076,1909f56bfc062723c751e8b465ee728b)  -> (artifact id: '85476e2d22cff67dff67132750aa49fd') in 0.019182 seconds 
========================================================================
Received Import Request.
  Time since last request: 161.237231 seconds.
  path: Assets/Resources/Arts Resources/Bg Build/house93.png
  artifactKey: Guid(13496b4672eec2244aa48b8827ce909b) Importer(815301076,1909f56bfc062723c751e8b465ee728b)
Start importing Assets/Resources/Arts Resources/Bg Build/house93.png using Guid(13496b4672eec2244aa48b8827ce909b) Importer(815301076,1909f56bfc062723c751e8b465ee728b)  -> (artifact id: '4102315fd6ee79145579938db6112f1c') in 0.021178 seconds 
========================================================================
Received Import Request.
  Time since last request: 96.351347 seconds.
  path: Assets/Resources/Arts Resources/Bg Build/house91.png
  artifactKey: Guid(3e57a2f202d129448832d1288d32033f) Importer(815301076,1909f56bfc062723c751e8b465ee728b)
Start importing Assets/Resources/Arts Resources/Bg Build/house91.png using Guid(3e57a2f202d129448832d1288d32033f) Importer(815301076,1909f56bfc062723c751e8b465ee728b)  -> (artifact id: 'abbf2c22f1b8093076edf235e0e98de2') in 0.015108 seconds 
========================================================================
Received Import Request.
  Time since last request: 29.477573 seconds.
  path: Assets/Resources/Arts Resources/Bg Build/house90.png
  artifactKey: Guid(935b956a44426fe44bc86e956e3ef8be) Importer(815301076,1909f56bfc062723c751e8b465ee728b)
Start importing Assets/Resources/Arts Resources/Bg Build/house90.png using Guid(935b956a44426fe44bc86e956e3ef8be) Importer(815301076,1909f56bfc062723c751e8b465ee728b)  -> (artifact id: '524ed1b8fb1c9165b5aec06279165a48') in 0.015308 seconds 
========================================================================
Received Import Request.
  Time since last request: 36.032246 seconds.
  path: Assets/Resources/Arts Resources/Sprite Animation
  artifactKey: Guid(f6e650f7539b2274f8cedc54e9336784) Importer(815301076,1909f56bfc062723c751e8b465ee728b)
Start importing Assets/Resources/Arts Resources/Sprite Animation using Guid(f6e650f7539b2274f8cedc54e9336784) Importer(815301076,1909f56bfc062723c751e8b465ee728b)  -> (artifact id: '299fc7843a901445c862545e2f5d233f') in 0.010495 seconds 
========================================================================
Received Import Request.
  Time since last request: 326.263097 seconds.
  path: Assets/Resources/Arts Resources/Tilemap/New_bg/earth01_7.asset
  artifactKey: Guid(9dd69cf309930af4bb048629e70de1c8) Importer(815301076,1909f56bfc062723c751e8b465ee728b)
Start importing Assets/Resources/Arts Resources/Tilemap/New_bg/earth01_7.asset using Guid(9dd69cf309930af4bb048629e70de1c8) Importer(815301076,1909f56bfc062723c751e8b465ee728b)  -> (artifact id: '1ae5a6edacd4a226867cb44674dd12d0') in 0.030477 seconds 
========================================================================
Received Import Request.
  Time since last request: 0.016218 seconds.
  path: Assets/Resources/Arts Resources/Tilemap/New_bg/earth01_12.asset
  artifactKey: Guid(84899afeff9d6e34587bdecb3b48cd1f) Importer(815301076,1909f56bfc062723c751e8b465ee728b)
Start importing Assets/Resources/Arts Resources/Tilemap/New_bg/earth01_12.asset using Guid(84899afeff9d6e34587bdecb3b48cd1f) Importer(815301076,1909f56bfc062723c751e8b465ee728b)  -> (artifact id: '0868d36994c424ae22086d58a0ff6257') in 0.014418 seconds 
========================================================================
Received Import Request.
  Time since last request: 0.000014 seconds.
  path: Assets/Resources/Arts Resources/Tilemap/New_bg/earth01_38.asset
  artifactKey: Guid(ae6beab73fd155447b075114b268d3f7) Importer(815301076,1909f56bfc062723c751e8b465ee728b)
Start importing Assets/Resources/Arts Resources/Tilemap/New_bg/earth01_38.asset using Guid(ae6beab73fd155447b075114b268d3f7) Importer(815301076,1909f56bfc062723c751e8b465ee728b)  -> (artifact id: 'e4c3561675cf0f747744a0d968abb2be') in 0.016493 seconds 
========================================================================
Received Import Request.
  Time since last request: 0.000017 seconds.
  path: Assets/Resources/Arts Resources/Tilemap/New_bg/earth01_37.asset
  artifactKey: Guid(3858efd6d5fe202419cb2a4661121f80) Importer(815301076,1909f56bfc062723c751e8b465ee728b)
Start importing Assets/Resources/Arts Resources/Tilemap/New_bg/earth01_37.asset using Guid(3858efd6d5fe202419cb2a4661121f80) Importer(815301076,1909f56bfc062723c751e8b465ee728b)  -> (artifact id: '4dfc9e73bb5e9d15460964171bb551d8') in 0.012624 seconds 
Editor requested this worker to shutdown with reason: Scaling down because of idle timeout
AssetImportWorker is now disconnected from the server
Process exiting
Exiting without the bug reporter. Application will terminate with return code 0