Using pre-set license
Built from 'HEAD' branch; Version is '2022.1.23f1c1 (46637c7592ee) revision 4612988'; Using compiler version '192829333'; Build Type 'Release'
OS: 'Windows 11  (10.0.22631) 64bit Enterprise' Language: 'zh' Physical Memory: 32581 MB
BatchMode: 1, IsHumanControllingUs: 0, StartBugReporterOnCrash: 0, Is64bit: 1, IsPro: 1

COMMAND LINE ARGUMENTS:
D:\Program Files\Unity3d Edition\Unity 2022.1.23f1c1\Editor\Unity.exe
-adb2
-batchMode
-noUpm
-name
AssetImportWorker10
-projectPath
E:/GitHub仓库/Cat/MaidcafeDemo
-logFile
Logs/AssetImportWorker10.log
-srvPort
8348
Successfully changed project path to: E:/GitHub仓库/Cat/MaidcafeDemo
E:/GitHub仓库/Cat/MaidcafeDemo
[UnityMemory] Configuration Parameters - Can be set up in boot.config
    "memorysetup-bucket-allocator-granularity=16"
    "memorysetup-bucket-allocator-bucket-count=8"
    "memorysetup-bucket-allocator-block-size=33554432"
    "memorysetup-bucket-allocator-block-count=8"
    "memorysetup-main-allocator-block-size=16777216"
    "memorysetup-thread-allocator-block-size=16777216"
    "memorysetup-gfx-main-allocator-block-size=16777216"
    "memorysetup-gfx-thread-allocator-block-size=16777216"
    "memorysetup-cache-allocator-block-size=4194304"
    "memorysetup-typetree-allocator-block-size=2097152"
    "memorysetup-profiler-bucket-allocator-granularity=16"
    "memorysetup-profiler-bucket-allocator-bucket-count=8"
    "memorysetup-profiler-bucket-allocator-block-size=33554432"
    "memorysetup-profiler-bucket-allocator-block-count=8"
    "memorysetup-profiler-allocator-block-size=16777216"
    "memorysetup-profiler-editor-allocator-block-size=1048576"
    "memorysetup-temp-allocator-size-main=16777216"
    "memorysetup-job-temp-allocator-block-size=2097152"
    "memorysetup-job-temp-allocator-block-size-background=1048576"
    "memorysetup-job-temp-allocator-reduction-small-platforms=262144"
    "memorysetup-temp-allocator-size-background-worker=32768"
    "memorysetup-temp-allocator-size-job-worker=262144"
    "memorysetup-temp-allocator-size-preload-manager=33554432"
    "memorysetup-temp-allocator-size-nav-mesh-worker=65536"
    "memorysetup-temp-allocator-size-audio-worker=65536"
    "memorysetup-temp-allocator-size-cloud-worker=32768"
    "memorysetup-temp-allocator-size-gi-baking-worker=262144"
    "memorysetup-temp-allocator-size-gfx=262144"
Refreshing native plugins compatible for Editor in 48.66 ms, found 3 plugins.
Preloading 0 native plugins for Editor in 0.00 ms.
Initialize engine version: 2022.1.23f1c1 (46637c7592ee)
[Subsystems] Discovering subsystems at path D:/Program Files/Unity3d Edition/Unity 2022.1.23f1c1/Editor/Data/Resources/UnitySubsystems
[Subsystems] Discovering subsystems at path E:/GitHub仓库/Cat/MaidcafeDemo/Assets
GfxDevice: creating device client; threaded=0; jobified=0
Direct3D:
    Version:  Direct3D 11.0 [level 11.1]
    Renderer: NVIDIA GeForce RTX 4070 Ti (ID=0x2782)
    Vendor:   NVIDIA
    VRAM:     11996 MB
    Driver:   32.0.15.5599
Initialize mono
Mono path[0] = 'D:/Program Files/Unity3d Edition/Unity 2022.1.23f1c1/Editor/Data/Managed'
Mono path[1] = 'D:/Program Files/Unity3d Edition/Unity 2022.1.23f1c1/Editor/Data/MonoBleedingEdge/lib/mono/unityjit-win32'
Mono config path = 'D:/Program Files/Unity3d Edition/Unity 2022.1.23f1c1/Editor/Data/MonoBleedingEdge/etc'
Using monoOptions --debugger-agent=transport=dt_socket,embedding=1,server=y,suspend=n,address=127.0.0.1:56932
Begin MonoManager ReloadAssembly
Registering precompiled unity dll's ...
Register platform support module: D:/Program Files/Unity3d Edition/Unity 2022.1.23f1c1/Editor/Data/PlaybackEngines/WindowsStandaloneSupport/UnityEditor.WindowsStandalone.Extensions.dll
Registered in 0.001212 seconds.
Native extension for WindowsStandalone target not found
Refreshing native plugins compatible for Editor in 43.02 ms, found 3 plugins.
Preloading 0 native plugins for Editor in 0.00 ms.
Mono: successfully reloaded assembly
- Completed reload, in  0.348 seconds
Domain Reload Profiling:
	ReloadAssembly (348ms)
		BeginReloadAssembly (40ms)
			ExecutionOrderSort (0ms)
			DisableScriptedObjects (0ms)
			BackupInstance (0ms)
			ReleaseScriptingObjects (0ms)
			CreateAndSetChildDomain (0ms)
		EndReloadAssembly (251ms)
			LoadAssemblies (39ms)
			RebuildTransferFunctionScriptingTraits (0ms)
			SetupTypeCache (61ms)
				TypeCache.Initialize (61ms)
					TypeCache.ScanAssembly (60ms)
				ResolveRequiredComponents (0ms)
			ReleaseScriptCaches (0ms)
			RebuildScriptCaches (14ms)
			SetupLoadedEditorAssemblies (146ms)
				LogAssemblyErrors (0ms)
				InitializePlatformSupportModulesInManaged (4ms)
				SetLoadedEditorAssemblies (4ms)
				RefreshPlugins (43ms)
				BeforeProcessingInitializeOnLoad (1ms)
				ProcessInitializeOnLoadAttributes (70ms)
				ProcessInitializeOnLoadMethodAttributes (24ms)
				AfterProcessingInitializeOnLoad (0ms)
				EditorAssembliesLoaded (0ms)
			ExecutionOrderSort2 (0ms)
			AwakeInstancesAfterBackupRestoration (0ms)
Platform modules already initialized, skipping
Registering precompiled user dll's ...
Registered in 0.004234 seconds.
Begin MonoManager ReloadAssembly
Native extension for WindowsStandalone target not found
Refreshing native plugins compatible for Editor in 41.96 ms, found 3 plugins.
Preloading 0 native plugins for Editor in 0.00 ms.
Package Manager log level set to [2]
[Package Manager] Server::EnsureServerProcessIsRunning -- launch failed, reason: Unity was launched with the -noUpm command-line argument
[Package Manager] UpmClient::Send -- Unable to send message (not connected to UPM process).
[Package Manager] Cannot connect to Unity Package Manager local server
Mono: successfully reloaded assembly
- Completed reload, in  1.136 seconds
Domain Reload Profiling:
	ReloadAssembly (1137ms)
		BeginReloadAssembly (61ms)
			ExecutionOrderSort (0ms)
			DisableScriptedObjects (3ms)
			BackupInstance (0ms)
			ReleaseScriptingObjects (0ms)
			CreateAndSetChildDomain (11ms)
		EndReloadAssembly (1014ms)
			LoadAssemblies (43ms)
			RebuildTransferFunctionScriptingTraits (0ms)
			SetupTypeCache (115ms)
				TypeCache.Initialize (109ms)
					TypeCache.ScanAssembly (107ms)
				ResolveRequiredComponents (6ms)
			ReleaseScriptCaches (0ms)
			RebuildScriptCaches (43ms)
			SetupLoadedEditorAssemblies (780ms)
				LogAssemblyErrors (0ms)
				InitializePlatformSupportModulesInManaged (2ms)
				SetLoadedEditorAssemblies (4ms)
				RefreshPlugins (42ms)
				BeforeProcessingInitializeOnLoad (38ms)
				ProcessInitializeOnLoadAttributes (656ms)
				ProcessInitializeOnLoadMethodAttributes (36ms)
				AfterProcessingInitializeOnLoad (3ms)
				EditorAssembliesLoaded (0ms)
			ExecutionOrderSort2 (0ms)
			AwakeInstancesAfterBackupRestoration (3ms)
Platform modules already initialized, skipping
========================================================================
Worker process is ready to serve import requests
Launched and connected shader compiler UnityShaderCompiler.exe after 0.03 seconds
Refreshing native plugins compatible for Editor in 0.61 ms, found 3 plugins.
Preloading 0 native plugins for Editor in 0.00 ms.
Unloading 3578 Unused Serialized files (Serialized files now loaded: 0)
Unloading 59 unused Assets / (59.9 KB). Loaded Objects now: 4024.
Memory consumption went from 0.54 GB to 0.54 GB.
Total: 4.917700 ms (FindLiveObjects: 0.162600 ms CreateObjectMapping: 0.043200 ms MarkObjects: 4.612100 ms  DeleteObjects: 0.098800 ms)

AssetImportParameters requested are different than current active one (requested -> active):
  custom:video-decoder-ogg-theora: a1e56fd34408186e4bbccfd4996cb3dc -> 
  custom:container-muxer-webm: aa71ff27fc2769a1b78a27578f13a17b -> 
  custom:container-demuxer-webm: 4f35f7cbe854078d1ac9338744f61a02 -> 
  custom:video-encoder-webm-vp8: eb34c28f22e8b96e1ab97ce403110664 -> 
  custom:video-codec-MediaFoundation-h265: 746d11721c4dcdbdad8f713fa42b33f4 -> 
  custom:audio-encoder-webm-vorbis: bf7c407c2cedff20999df2af8eb42d56 -> 
  custom:framework-win-MediaFoundation: 216162199b28c13a410421893ffa2e32 -> 
  custom:container-demuxer-ogg: 62fdf1f143b41e24485cea50d1cbac27 -> 
  custom:video-decoder-webm-vp8: 9c59270c3fd7afecdb556c50c9e8de78 -> 
  custom:audio-decoder-ogg-vorbis: bf7c407c2cedff20999df2af8eb42d56 -> 
========================================================================
Received Import Request.
  Time since last request: 309917.681258 seconds.
  path: Assets/Sprites/Scenes/电器街/场景-室外-电器街-白天-切图_0001_电线杆.png
  artifactKey: Guid(1c139e5070d7ecf44b4cb6d595901b68) Importer(815301076,1909f56bfc062723c751e8b465ee728b)
Start importing Assets/Sprites/Scenes/电器街/场景-室外-电器街-白天-切图_0001_电线杆.png using Guid(1c139e5070d7ecf44b4cb6d595901b68) Importer(815301076,1909f56bfc062723c751e8b465ee728b)  -> (artifact id: '8203caf3c5bc4db536894f0f5e134935') in 0.079143 seconds 
========================================================================
Received Import Request.
  Time since last request: 0.482609 seconds.
  path: Assets/Sprites/Scenes/电器街/场景-室外-电器街-白天-切图_0012_邮筒.png
  artifactKey: Guid(23c4bc96020c9014aacf3aab78d73351) Importer(815301076,1909f56bfc062723c751e8b465ee728b)
Start importing Assets/Sprites/Scenes/电器街/场景-室外-电器街-白天-切图_0012_邮筒.png using Guid(23c4bc96020c9014aacf3aab78d73351) Importer(815301076,1909f56bfc062723c751e8b465ee728b)  -> (artifact id: '64559c11f42292b38098d0d5daacbde0') in 0.021983 seconds 
========================================================================
Received Import Request.
  Time since last request: 0.000020 seconds.
  path: Assets/Sprites/Scenes/电器街/场景-室外-电器街-白天-切图_0023_树2.png
  artifactKey: Guid(6fc5c96cadb234b49ad19fabc7c4faa2) Importer(815301076,1909f56bfc062723c751e8b465ee728b)
Start importing Assets/Sprites/Scenes/电器街/场景-室外-电器街-白天-切图_0023_树2.png using Guid(6fc5c96cadb234b49ad19fabc7c4faa2) Importer(815301076,1909f56bfc062723c751e8b465ee728b)  -> (artifact id: '20ed81b9134ca6c1df13e78d5e688d19') in 0.018749 seconds 
========================================================================
Received Import Request.
  Time since last request: 0.000025 seconds.
  path: Assets/Sprites/Scenes/电器街/场景-室外-电器街-白天-切图_0018_停车场.png
  artifactKey: Guid(262329874f6041b4b893d5240c29821d) Importer(815301076,1909f56bfc062723c751e8b465ee728b)
Start importing Assets/Sprites/Scenes/电器街/场景-室外-电器街-白天-切图_0018_停车场.png using Guid(262329874f6041b4b893d5240c29821d) Importer(815301076,1909f56bfc062723c751e8b465ee728b)  -> (artifact id: 'ebd8186693ecab130e2a09e955e2b256') in 0.023966 seconds 
========================================================================
Received Import Request.
  Time since last request: 0.000016 seconds.
  path: Assets/Sprites/Scenes/电器街/场景-室外-电器街-白天-切图_0022_树1.png
  artifactKey: Guid(a206a706c712b1543a7e933bf9c3bb20) Importer(815301076,1909f56bfc062723c751e8b465ee728b)
Start importing Assets/Sprites/Scenes/电器街/场景-室外-电器街-白天-切图_0022_树1.png using Guid(a206a706c712b1543a7e933bf9c3bb20) Importer(815301076,1909f56bfc062723c751e8b465ee728b)  -> (artifact id: '7e9480e3a57cf881145f234e8c4f5a3f') in 0.019712 seconds 
========================================================================
Received Import Request.
  Time since last request: 0.000017 seconds.
  path: Assets/Sprites/Scenes/场景特效/场景动画-爆米花机/场景动画-爆米花机_0002_3.png
  artifactKey: Guid(0419b85c259d92147a5992a7729623da) Importer(815301076,1909f56bfc062723c751e8b465ee728b)
Start importing Assets/Sprites/Scenes/场景特效/场景动画-爆米花机/场景动画-爆米花机_0002_3.png using Guid(0419b85c259d92147a5992a7729623da) Importer(815301076,1909f56bfc062723c751e8b465ee728b)  -> (artifact id: '0642cc6bb9a8f9093405c02ab0b622cd') in 0.013623 seconds 
========================================================================
Received Import Request.
  Time since last request: 0.000017 seconds.
  path: Assets/Sprites/Scenes/场景特效/场景动画-电影院-广告牌/场景动画-电影院-广告牌1_0001_2.png
  artifactKey: Guid(16bf2f092ff450440ba104f3de98d354) Importer(815301076,1909f56bfc062723c751e8b465ee728b)
Start importing Assets/Sprites/Scenes/场景特效/场景动画-电影院-广告牌/场景动画-电影院-广告牌1_0001_2.png using Guid(16bf2f092ff450440ba104f3de98d354) Importer(815301076,1909f56bfc062723c751e8b465ee728b)  -> (artifact id: 'f922f4e398398790a3ccb567c6f6e8e8') in 0.012104 seconds 
========================================================================
Received Import Request.
  Time since last request: 0.000017 seconds.
  path: Assets/Sprites/Scenes/电器街/场景-室外-电器街-白天-切图_0025_远景2.png
  artifactKey: Guid(a930ccd692e85964dbeec8d93e3f0d8f) Importer(815301076,1909f56bfc062723c751e8b465ee728b)
Start importing Assets/Sprites/Scenes/电器街/场景-室外-电器街-白天-切图_0025_远景2.png using Guid(a930ccd692e85964dbeec8d93e3f0d8f) Importer(815301076,1909f56bfc062723c751e8b465ee728b)  -> (artifact id: '80dabf0149e769a5377dddf30fe6e910') in 0.022347 seconds 
========================================================================
Received Import Request.
  Time since last request: 0.549290 seconds.
  path: Assets/Sprites/Scenes/场景特效/场景动画-电影院-广告牌/场景动画-电影院-广告牌1_0007_8.png
  artifactKey: Guid(e7cf17db4d572864c82376e2e73ab749) Importer(815301076,1909f56bfc062723c751e8b465ee728b)
Start importing Assets/Sprites/Scenes/场景特效/场景动画-电影院-广告牌/场景动画-电影院-广告牌1_0007_8.png using Guid(e7cf17db4d572864c82376e2e73ab749) Importer(815301076,1909f56bfc062723c751e8b465ee728b)  -> (artifact id: 'd050b70f9686fb06fe3ae05346c533f7') in 0.015770 seconds 
========================================================================
Received Import Request.
  Time since last request: 0.000018 seconds.
  path: Assets/Sprites/Scenes/场景特效/场景动画-电影院-广告牌/场景动画-电影院-广告牌1_0013_14.png
  artifactKey: Guid(8c5e37a4c75933144a41be896b58e48f) Importer(815301076,1909f56bfc062723c751e8b465ee728b)
Start importing Assets/Sprites/Scenes/场景特效/场景动画-电影院-广告牌/场景动画-电影院-广告牌1_0013_14.png using Guid(8c5e37a4c75933144a41be896b58e48f) Importer(815301076,1909f56bfc062723c751e8b465ee728b)  -> (artifact id: 'd2640c54f49f4f724741429245348dda') in 0.012422 seconds 
========================================================================
Received Import Request.
  Time since last request: 0.000017 seconds.
  path: Assets/Sprites/Scenes/场景特效/场景动画-电影院-广告牌/场景动画-电影院-广告牌1_0011_12.png
  artifactKey: Guid(578ddf5b78ca65a4c8a07b130bc7d84d) Importer(815301076,1909f56bfc062723c751e8b465ee728b)
Start importing Assets/Sprites/Scenes/场景特效/场景动画-电影院-广告牌/场景动画-电影院-广告牌1_0011_12.png using Guid(578ddf5b78ca65a4c8a07b130bc7d84d) Importer(815301076,1909f56bfc062723c751e8b465ee728b)  -> (artifact id: '4811a17ca3584f70a348a3149d94ae7f') in 0.011171 seconds 
========================================================================
Received Import Request.
  Time since last request: 0.921192 seconds.
  path: Assets/Sprites/Scenes/电器街/红绿灯-拷贝_0000_绿灯.png
  artifactKey: Guid(ea458a71acafda94ba96697c33c91e17) Importer(815301076,1909f56bfc062723c751e8b465ee728b)
Start importing Assets/Sprites/Scenes/电器街/红绿灯-拷贝_0000_绿灯.png using Guid(ea458a71acafda94ba96697c33c91e17) Importer(815301076,1909f56bfc062723c751e8b465ee728b)  -> (artifact id: '7ec68647ced6c463b99122d7f1852ee6') in 0.020892 seconds 
========================================================================
Received Import Request.
  Time since last request: 0.000016 seconds.
  path: Assets/Sprites/Scenes/电器街/红绿灯-拷贝_0002_红灯.png
  artifactKey: Guid(ad775a039a04645478489713c28c8cab) Importer(815301076,1909f56bfc062723c751e8b465ee728b)
Start importing Assets/Sprites/Scenes/电器街/红绿灯-拷贝_0002_红灯.png using Guid(ad775a039a04645478489713c28c8cab) Importer(815301076,1909f56bfc062723c751e8b465ee728b)  -> (artifact id: '2277901a2c5be7c3442a8278e784889c') in 0.010938 seconds 
========================================================================
Received Import Request.
  Time since last request: 0.011433 seconds.
  path: Assets/Sprites/Scenes/电器街/街机室_0001_广告-2.png
  artifactKey: Guid(53a1bc47514a94d4eb1879c00b27a57c) Importer(815301076,1909f56bfc062723c751e8b465ee728b)
Start importing Assets/Sprites/Scenes/电器街/街机室_0001_广告-2.png using Guid(53a1bc47514a94d4eb1879c00b27a57c) Importer(815301076,1909f56bfc062723c751e8b465ee728b)  -> (artifact id: '93eeebc84335e313c70c66d8ec6beab0') in 0.022572 seconds 
========================================================================
Received Import Request.
  Time since last request: 0.000017 seconds.
  path: Assets/Sprites/Scenes/电器街/街机室_0005_2楼招牌.png
  artifactKey: Guid(11308ad5963bfac43bb450e47197048f) Importer(815301076,1909f56bfc062723c751e8b465ee728b)
Start importing Assets/Sprites/Scenes/电器街/街机室_0005_2楼招牌.png using Guid(11308ad5963bfac43bb450e47197048f) Importer(815301076,1909f56bfc062723c751e8b465ee728b)  -> (artifact id: '92d204bd38fc48d709f0743ead4ea9fe') in 0.019735 seconds 
========================================================================
Received Import Request.
  Time since last request: 1.461575 seconds.
  path: Assets/Sprites/Scenes/电器街/街机室_0010_房间内部.png
  artifactKey: Guid(500cec86b3ad9bb46b7b963c14001b2b) Importer(815301076,1909f56bfc062723c751e8b465ee728b)
Start importing Assets/Sprites/Scenes/电器街/街机室_0010_房间内部.png using Guid(500cec86b3ad9bb46b7b963c14001b2b) Importer(815301076,1909f56bfc062723c751e8b465ee728b)  -> (artifact id: 'ffb57a50dded1b30424958b8fedb4f2e') in 0.020344 seconds 
========================================================================
Received Import Request.
  Time since last request: 0.900124 seconds.
  path: Assets/Sprites/Scenes/电器街2/西餐厅/西餐厅21_0002_门-右.png
  artifactKey: Guid(8e4c5c06755c3f64ab44136653b32ace) Importer(815301076,1909f56bfc062723c751e8b465ee728b)
Start importing Assets/Sprites/Scenes/电器街2/西餐厅/西餐厅21_0002_门-右.png using Guid(8e4c5c06755c3f64ab44136653b32ace) Importer(815301076,1909f56bfc062723c751e8b465ee728b)  -> (artifact id: 'a4839ab452b1b8e2354b8ea2b30630a4') in 0.020315 seconds 
========================================================================
Received Import Request.
  Time since last request: 2.469572 seconds.
  path: Assets/Sprites/Characters/NPC-水手服爷爷/角色动画-NPC-水手服爷爷-移动_0005_移动-6.png
  artifactKey: Guid(bf569583409e5404da43c845b8548bd0) Importer(815301076,1909f56bfc062723c751e8b465ee728b)
Start importing Assets/Sprites/Characters/NPC-水手服爷爷/角色动画-NPC-水手服爷爷-移动_0005_移动-6.png using Guid(bf569583409e5404da43c845b8548bd0) Importer(815301076,1909f56bfc062723c751e8b465ee728b)  -> (artifact id: '31e82772783299104214fd0c58b33496') in 0.021511 seconds 
========================================================================
Received Import Request.
  Time since last request: 0.000016 seconds.
  path: Assets/Sprites/Characters/NPC-电影院服务员1/角色动画-NPC-电影院服务员1-待机_0003_4.png
  artifactKey: Guid(6840f37c93bf12c429ee2e63f475f078) Importer(815301076,1909f56bfc062723c751e8b465ee728b)
Start importing Assets/Sprites/Characters/NPC-电影院服务员1/角色动画-NPC-电影院服务员1-待机_0003_4.png using Guid(6840f37c93bf12c429ee2e63f475f078) Importer(815301076,1909f56bfc062723c751e8b465ee728b)  -> (artifact id: '95a0f97b010ab391f4e1e5d2985f693d') in 0.034226 seconds 
========================================================================
Received Import Request.
  Time since last request: 0.782105 seconds.
  path: Assets/Sprites/Characters/上班族/角色动画-上班族-切图_0022_上班族-坐-喝5.png
  artifactKey: Guid(7c08c7c40c5e35647adfc9a8f085867e) Importer(815301076,1909f56bfc062723c751e8b465ee728b)
Start importing Assets/Sprites/Characters/上班族/角色动画-上班族-切图_0022_上班族-坐-喝5.png using Guid(7c08c7c40c5e35647adfc9a8f085867e) Importer(815301076,1909f56bfc062723c751e8b465ee728b)  -> (artifact id: 'b1c0876e4b4cdbf05b97c3a0deea029d') in 0.017521 seconds 
========================================================================
Received Import Request.
  Time since last request: 0.811954 seconds.
  path: Assets/Sprites/Characters/女仆1/角色动画-女仆1-切图_0012_IrecorderP-艾尔-鞠躬3.png
  artifactKey: Guid(daed178f29bbac74cae136e9e9e1bbd7) Importer(815301076,1909f56bfc062723c751e8b465ee728b)
Start importing Assets/Sprites/Characters/女仆1/角色动画-女仆1-切图_0012_IrecorderP-艾尔-鞠躬3.png using Guid(daed178f29bbac74cae136e9e9e1bbd7) Importer(815301076,1909f56bfc062723c751e8b465ee728b)  -> (artifact id: '0a63716b4cb602e1975a1d0ffb564c63') in 0.017058 seconds 
Editor requested this worker to shutdown with reason: Scaling down because of idle timeout
AssetImportWorkerClient::OnTransportError - code=2 error=End of file
AssetImportWorker is now disconnected from the server
Process exiting
Exiting without the bug reporter. Application will terminate with return code 0