Using pre-set license
Built from 'HEAD' branch; Version is '2022.1.23f1c1 (46637c7592ee) revision 4612988'; Using compiler version '192829333'; Build Type 'Release'
OS: 'Windows 11  (10.0.22631) 64bit Enterprise' Language: 'zh' Physical Memory: 32581 MB
BatchMode: 1, IsHumanControllingUs: 0, StartBugReporterOnCrash: 0, Is64bit: 1, IsPro: 1

COMMAND LINE ARGUMENTS:
D:\Program Files\Unity3d Edition\Unity 2022.1.23f1c1\Editor\Unity.exe
-adb2
-batchMode
-noUpm
-name
AssetImportWorker5
-projectPath
E:/GitHub仓库/Cat/MaidcafeDemo
-logFile
Logs/AssetImportWorker5.log
-srvPort
5552
Successfully changed project path to: E:/GitHub仓库/Cat/MaidcafeDemo
E:/GitHub仓库/Cat/MaidcafeDemo
[UnityMemory] Configuration Parameters - Can be set up in boot.config
    "memorysetup-bucket-allocator-granularity=16"
    "memorysetup-bucket-allocator-bucket-count=8"
    "memorysetup-bucket-allocator-block-size=33554432"
    "memorysetup-bucket-allocator-block-count=8"
    "memorysetup-main-allocator-block-size=16777216"
    "memorysetup-thread-allocator-block-size=16777216"
    "memorysetup-gfx-main-allocator-block-size=16777216"
    "memorysetup-gfx-thread-allocator-block-size=16777216"
    "memorysetup-cache-allocator-block-size=4194304"
    "memorysetup-typetree-allocator-block-size=2097152"
    "memorysetup-profiler-bucket-allocator-granularity=16"
    "memorysetup-profiler-bucket-allocator-bucket-count=8"
    "memorysetup-profiler-bucket-allocator-block-size=33554432"
    "memorysetup-profiler-bucket-allocator-block-count=8"
    "memorysetup-profiler-allocator-block-size=16777216"
    "memorysetup-profiler-editor-allocator-block-size=1048576"
    "memorysetup-temp-allocator-size-main=16777216"
    "memorysetup-job-temp-allocator-block-size=2097152"
    "memorysetup-job-temp-allocator-block-size-background=1048576"
    "memorysetup-job-temp-allocator-reduction-small-platforms=262144"
    "memorysetup-temp-allocator-size-background-worker=32768"
    "memorysetup-temp-allocator-size-job-worker=262144"
    "memorysetup-temp-allocator-size-preload-manager=33554432"
    "memorysetup-temp-allocator-size-nav-mesh-worker=65536"
    "memorysetup-temp-allocator-size-audio-worker=65536"
    "memorysetup-temp-allocator-size-cloud-worker=32768"
    "memorysetup-temp-allocator-size-gi-baking-worker=262144"
    "memorysetup-temp-allocator-size-gfx=262144"
Refreshing native plugins compatible for Editor in 53.84 ms, found 3 plugins.
Preloading 0 native plugins for Editor in 0.00 ms.
Initialize engine version: 2022.1.23f1c1 (46637c7592ee)
[Subsystems] Discovering subsystems at path D:/Program Files/Unity3d Edition/Unity 2022.1.23f1c1/Editor/Data/Resources/UnitySubsystems
[Subsystems] Discovering subsystems at path E:/GitHub仓库/Cat/MaidcafeDemo/Assets
GfxDevice: creating device client; threaded=0; jobified=0
Direct3D:
    Version:  Direct3D 11.0 [level 11.1]
    Renderer: NVIDIA GeForce RTX 4070 Ti (ID=0x2782)
    Vendor:   NVIDIA
    VRAM:     11996 MB
    Driver:   32.0.15.5599
Initialize mono
Mono path[0] = 'D:/Program Files/Unity3d Edition/Unity 2022.1.23f1c1/Editor/Data/Managed'
Mono path[1] = 'D:/Program Files/Unity3d Edition/Unity 2022.1.23f1c1/Editor/Data/MonoBleedingEdge/lib/mono/unityjit-win32'
Mono config path = 'D:/Program Files/Unity3d Edition/Unity 2022.1.23f1c1/Editor/Data/MonoBleedingEdge/etc'
Using monoOptions --debugger-agent=transport=dt_socket,embedding=1,server=y,suspend=n,address=127.0.0.1:56184
Begin MonoManager ReloadAssembly
Registering precompiled unity dll's ...
Register platform support module: D:/Program Files/Unity3d Edition/Unity 2022.1.23f1c1/Editor/Data/PlaybackEngines/WindowsStandaloneSupport/UnityEditor.WindowsStandalone.Extensions.dll
Registered in 0.001294 seconds.
Native extension for WindowsStandalone target not found
Refreshing native plugins compatible for Editor in 45.41 ms, found 3 plugins.
Preloading 0 native plugins for Editor in 0.00 ms.
Mono: successfully reloaded assembly
- Completed reload, in  0.351 seconds
Domain Reload Profiling:
	ReloadAssembly (351ms)
		BeginReloadAssembly (37ms)
			ExecutionOrderSort (0ms)
			DisableScriptedObjects (0ms)
			BackupInstance (0ms)
			ReleaseScriptingObjects (0ms)
			CreateAndSetChildDomain (0ms)
		EndReloadAssembly (259ms)
			LoadAssemblies (36ms)
			RebuildTransferFunctionScriptingTraits (0ms)
			SetupTypeCache (60ms)
				TypeCache.Initialize (60ms)
					TypeCache.ScanAssembly (59ms)
				ResolveRequiredComponents (0ms)
			ReleaseScriptCaches (0ms)
			RebuildScriptCaches (15ms)
			SetupLoadedEditorAssemblies (153ms)
				LogAssemblyErrors (0ms)
				InitializePlatformSupportModulesInManaged (4ms)
				SetLoadedEditorAssemblies (4ms)
				RefreshPlugins (45ms)
				BeforeProcessingInitializeOnLoad (1ms)
				ProcessInitializeOnLoadAttributes (74ms)
				ProcessInitializeOnLoadMethodAttributes (25ms)
				AfterProcessingInitializeOnLoad (0ms)
				EditorAssembliesLoaded (0ms)
			ExecutionOrderSort2 (0ms)
			AwakeInstancesAfterBackupRestoration (0ms)
Platform modules already initialized, skipping
Registering precompiled user dll's ...
Registered in 0.005128 seconds.
Begin MonoManager ReloadAssembly
Native extension for WindowsStandalone target not found
Refreshing native plugins compatible for Editor in 44.73 ms, found 3 plugins.
Preloading 0 native plugins for Editor in 0.00 ms.
Package Manager log level set to [2]
[Package Manager] Server::EnsureServerProcessIsRunning -- launch failed, reason: Unity was launched with the -noUpm command-line argument
[Package Manager] UpmClient::Send -- Unable to send message (not connected to UPM process).
[Package Manager] Cannot connect to Unity Package Manager local server
Mono: successfully reloaded assembly
- Completed reload, in  1.183 seconds
Domain Reload Profiling:
	ReloadAssembly (1183ms)
		BeginReloadAssembly (63ms)
			ExecutionOrderSort (0ms)
			DisableScriptedObjects (3ms)
			BackupInstance (0ms)
			ReleaseScriptingObjects (0ms)
			CreateAndSetChildDomain (12ms)
		EndReloadAssembly (1055ms)
			LoadAssemblies (41ms)
			RebuildTransferFunctionScriptingTraits (0ms)
			SetupTypeCache (124ms)
				TypeCache.Initialize (118ms)
					TypeCache.ScanAssembly (115ms)
				ResolveRequiredComponents (6ms)
			ReleaseScriptCaches (0ms)
			RebuildScriptCaches (37ms)
			SetupLoadedEditorAssemblies (817ms)
				LogAssemblyErrors (0ms)
				InitializePlatformSupportModulesInManaged (2ms)
				SetLoadedEditorAssemblies (4ms)
				RefreshPlugins (45ms)
				BeforeProcessingInitializeOnLoad (39ms)
				ProcessInitializeOnLoadAttributes (688ms)
				ProcessInitializeOnLoadMethodAttributes (37ms)
				AfterProcessingInitializeOnLoad (3ms)
				EditorAssembliesLoaded (0ms)
			ExecutionOrderSort2 (0ms)
			AwakeInstancesAfterBackupRestoration (4ms)
Platform modules already initialized, skipping
========================================================================
Worker process is ready to serve import requests
Launched and connected shader compiler UnityShaderCompiler.exe after 0.02 seconds
Refreshing native plugins compatible for Editor in 0.60 ms, found 3 plugins.
Preloading 0 native plugins for Editor in 0.00 ms.
Unloading 3583 Unused Serialized files (Serialized files now loaded: 0)
Unloading 59 unused Assets / (60.0 KB). Loaded Objects now: 4029.
Memory consumption went from 0.54 GB to 0.54 GB.
Total: 3.914200 ms (FindLiveObjects: 0.177100 ms CreateObjectMapping: 0.057100 ms MarkObjects: 3.608200 ms  DeleteObjects: 0.070800 ms)

AssetImportParameters requested are different than current active one (requested -> active):
  custom:video-decoder-ogg-theora: a1e56fd34408186e4bbccfd4996cb3dc -> 
  custom:container-muxer-webm: aa71ff27fc2769a1b78a27578f13a17b -> 
  custom:container-demuxer-webm: 4f35f7cbe854078d1ac9338744f61a02 -> 
  custom:video-encoder-webm-vp8: eb34c28f22e8b96e1ab97ce403110664 -> 
  custom:video-codec-MediaFoundation-h265: 746d11721c4dcdbdad8f713fa42b33f4 -> 
  custom:audio-encoder-webm-vorbis: bf7c407c2cedff20999df2af8eb42d56 -> 
  custom:framework-win-MediaFoundation: 216162199b28c13a410421893ffa2e32 -> 
  custom:container-demuxer-ogg: 62fdf1f143b41e24485cea50d1cbac27 -> 
  custom:video-decoder-webm-vp8: 9c59270c3fd7afecdb556c50c9e8de78 -> 
  custom:audio-decoder-ogg-vorbis: bf7c407c2cedff20999df2af8eb42d56 -> 
========================================================================
Received Import Request.
  Time since last request: 12948.006026 seconds.
  path: Assets/Sprites/Characters/NPC-电影院服务员1/角色动画-NPC-电影院服务员1-待机_0003_4.png
  artifactKey: Guid(6840f37c93bf12c429ee2e63f475f078) Importer(815301076,1909f56bfc062723c751e8b465ee728b)
Start importing Assets/Sprites/Characters/NPC-电影院服务员1/角色动画-NPC-电影院服务员1-待机_0003_4.png using Guid(6840f37c93bf12c429ee2e63f475f078) Importer(815301076,1909f56bfc062723c751e8b465ee728b)  -> (artifact id: '95a0f97b010ab391f4e1e5d2985f693d') in 0.074996 seconds 
========================================================================
Received Import Request.
  Time since last request: 0.000016 seconds.
  path: Assets/Sprites/Characters/NPC-电影院服务员2/角色动画-NPC-电影院服务员2-待机_0003_4.png
  artifactKey: Guid(008dca5e1f6a53f4bb79ffe6bd66e4d8) Importer(815301076,1909f56bfc062723c751e8b465ee728b)
Start importing Assets/Sprites/Characters/NPC-电影院服务员2/角色动画-NPC-电影院服务员2-待机_0003_4.png using Guid(008dca5e1f6a53f4bb79ffe6bd66e4d8) Importer(815301076,1909f56bfc062723c751e8b465ee728b)  -> (artifact id: 'c7b9fede516cc8894d2a0d5f62b2fe9b') in 0.022727 seconds 
========================================================================
Received Import Request.
  Time since last request: 0.000017 seconds.
  path: Assets/Sprites/Characters/NPC-电影院服务员2/角色动画-NPC-电影院服务员2-待机_0001_2.png
  artifactKey: Guid(3244f01a6d23cff4c895800f976a70c9) Importer(815301076,1909f56bfc062723c751e8b465ee728b)
Start importing Assets/Sprites/Characters/NPC-电影院服务员2/角色动画-NPC-电影院服务员2-待机_0001_2.png using Guid(3244f01a6d23cff4c895800f976a70c9) Importer(815301076,1909f56bfc062723c751e8b465ee728b)  -> (artifact id: '46e8c93bcd9b012d65ecbf2c80c60785') in 0.019325 seconds 
========================================================================
Received Import Request.
  Time since last request: 0.000024 seconds.
  path: Assets/Sprites/Characters/上班族/角色动画-上班族-切图_0023_上班族-坐-喝6.png
  artifactKey: Guid(235b09701b6d5d84e85a59ae24102062) Importer(815301076,1909f56bfc062723c751e8b465ee728b)
Start importing Assets/Sprites/Characters/上班族/角色动画-上班族-切图_0023_上班族-坐-喝6.png using Guid(235b09701b6d5d84e85a59ae24102062) Importer(815301076,1909f56bfc062723c751e8b465ee728b)  -> (artifact id: '11c5c519a0acb4d508b3c934256dd096') in 0.020498 seconds 
========================================================================
Received Import Request.
  Time since last request: 0.000018 seconds.
  path: Assets/Sprites/Characters/女主1/角色动画-女主1-待机_0001_2.png
  artifactKey: Guid(2f033e9bc90e1c24696fa9dfb30e6594) Importer(815301076,1909f56bfc062723c751e8b465ee728b)
Start importing Assets/Sprites/Characters/女主1/角色动画-女主1-待机_0001_2.png using Guid(2f033e9bc90e1c24696fa9dfb30e6594) Importer(815301076,1909f56bfc062723c751e8b465ee728b)  -> (artifact id: '3f0945eea993cf65c72f2fdfadf569a3') in 0.019234 seconds 
========================================================================
Received Import Request.
  Time since last request: 0.000017 seconds.
  path: Assets/Sprites/Characters/NPC-水手服爷爷/角色动画-NPC-水手服爷爷-移动_0005_移动-6.png
  artifactKey: Guid(bf569583409e5404da43c845b8548bd0) Importer(815301076,1909f56bfc062723c751e8b465ee728b)
Start importing Assets/Sprites/Characters/NPC-水手服爷爷/角色动画-NPC-水手服爷爷-移动_0005_移动-6.png using Guid(bf569583409e5404da43c845b8548bd0) Importer(815301076,1909f56bfc062723c751e8b465ee728b)  -> (artifact id: '31e82772783299104214fd0c58b33496') in 0.020090 seconds 
========================================================================
Received Import Request.
  Time since last request: 0.340269 seconds.
  path: Assets/Sprites/Scenes/电器街2/西餐厅/西餐厅21_0003_门-左.png
  artifactKey: Guid(382769b279e48664eb134545f1e039a8) Importer(815301076,1909f56bfc062723c751e8b465ee728b)
Start importing Assets/Sprites/Scenes/电器街2/西餐厅/西餐厅21_0003_门-左.png using Guid(382769b279e48664eb134545f1e039a8) Importer(815301076,1909f56bfc062723c751e8b465ee728b)  -> (artifact id: 'a01fccc72205a23ff69cce08cf4cd404') in 0.024277 seconds 
========================================================================
Received Import Request.
  Time since last request: 0.000020 seconds.
  path: Assets/Sprites/Scenes/电器街2/西餐厅/西餐厅21_0006_门框.png
  artifactKey: Guid(ce39dc5d8411ab44d850f417d1f66dd4) Importer(815301076,1909f56bfc062723c751e8b465ee728b)
Start importing Assets/Sprites/Scenes/电器街2/西餐厅/西餐厅21_0006_门框.png using Guid(ce39dc5d8411ab44d850f417d1f66dd4) Importer(815301076,1909f56bfc062723c751e8b465ee728b)  -> (artifact id: '2be35cab90829d6f503e9e91b85999ef') in 0.020241 seconds 
========================================================================
Received Import Request.
  Time since last request: 0.000021 seconds.
  path: Assets/Sprites/Scenes/电器街/街机室_0004_3楼招牌-.png
  artifactKey: Guid(af0dfae05ecc1254fb8be142932a70e2) Importer(815301076,1909f56bfc062723c751e8b465ee728b)
Start importing Assets/Sprites/Scenes/电器街/街机室_0004_3楼招牌-.png using Guid(af0dfae05ecc1254fb8be142932a70e2) Importer(815301076,1909f56bfc062723c751e8b465ee728b)  -> (artifact id: 'adbcd9800c4414399cbbc891069189d2') in 0.020844 seconds 
========================================================================
Received Import Request.
  Time since last request: 0.000016 seconds.
  path: Assets/Sprites/Scenes/电器街/街机室_0006_广告-3.png
  artifactKey: Guid(4f015cbc00588a843bba0208aadd5c93) Importer(815301076,1909f56bfc062723c751e8b465ee728b)
Start importing Assets/Sprites/Scenes/电器街/街机室_0006_广告-3.png using Guid(4f015cbc00588a843bba0208aadd5c93) Importer(815301076,1909f56bfc062723c751e8b465ee728b)  -> (artifact id: '408d17c0edf1f832dac27fd6f6ef72fd') in 0.020375 seconds 
========================================================================
Received Import Request.
  Time since last request: 0.000017 seconds.
  path: Assets/Sprites/Scenes/电器街/街机室_0009_建筑主体.png
  artifactKey: Guid(9e97983e530e2ba478c539099aa6dc4e) Importer(815301076,1909f56bfc062723c751e8b465ee728b)
Start importing Assets/Sprites/Scenes/电器街/街机室_0009_建筑主体.png using Guid(9e97983e530e2ba478c539099aa6dc4e) Importer(815301076,1909f56bfc062723c751e8b465ee728b)  -> (artifact id: '87e5b803618fd38590cdf04f36f6bd96') in 0.023006 seconds 
========================================================================
Received Import Request.
  Time since last request: 0.000020 seconds.
  path: Assets/Sprites/Scenes/电器街/红绿灯-拷贝_0003_红灯-亮.png
  artifactKey: Guid(e51062d2650ca234bbbae3743469215b) Importer(815301076,1909f56bfc062723c751e8b465ee728b)
Start importing Assets/Sprites/Scenes/电器街/红绿灯-拷贝_0003_红灯-亮.png using Guid(e51062d2650ca234bbbae3743469215b) Importer(815301076,1909f56bfc062723c751e8b465ee728b)  -> (artifact id: '63a13c5baf7366e69c0d976f42561227') in 0.019953 seconds 
========================================================================
Received Import Request.
  Time since last request: 0.561146 seconds.
  path: Assets/Sprites/Scenes/电器街2/电影院/电影院_0002_建筑主体.png
  artifactKey: Guid(494b129207bbc8443a04aa2b50b9480f) Importer(815301076,1909f56bfc062723c751e8b465ee728b)
Start importing Assets/Sprites/Scenes/电器街2/电影院/电影院_0002_建筑主体.png using Guid(494b129207bbc8443a04aa2b50b9480f) Importer(815301076,1909f56bfc062723c751e8b465ee728b)  -> (artifact id: '4fd09934e0bd672d29e4bbaef185ceee') in 0.022344 seconds 
========================================================================
Received Import Request.
  Time since last request: 0.000017 seconds.
  path: Assets/Sprites/Scenes/电器街2/日木橋書店/日木橋書店_0000_门-左.png
  artifactKey: Guid(05db92be20dfd3c4fab6aa40b24bd268) Importer(815301076,1909f56bfc062723c751e8b465ee728b)
Start importing Assets/Sprites/Scenes/电器街2/日木橋書店/日木橋書店_0000_门-左.png using Guid(05db92be20dfd3c4fab6aa40b24bd268) Importer(815301076,1909f56bfc062723c751e8b465ee728b)  -> (artifact id: '28446dca06d48597c18bcec3ab1cdd05') in 0.020185 seconds 
========================================================================
Received Import Request.
  Time since last request: 0.000016 seconds.
  path: Assets/Resources/Atlas/炸弹.png
  artifactKey: Guid(9ffa2cc0766ed0c45a7bc1cc3f6d1fe5) Importer(815301076,1909f56bfc062723c751e8b465ee728b)
Start importing Assets/Resources/Atlas/炸弹.png using Guid(9ffa2cc0766ed0c45a7bc1cc3f6d1fe5) Importer(815301076,1909f56bfc062723c751e8b465ee728b)  -> (artifact id: 'c900f7e504fcd34dba66e388dc530913') in 0.022825 seconds 
========================================================================
Received Import Request.
  Time since last request: 0.000022 seconds.
  path: Assets/Resources/Atlas/水元素.png
  artifactKey: Guid(a1deabf848735de4e972b83536a4d67c) Importer(815301076,1909f56bfc062723c751e8b465ee728b)
Start importing Assets/Resources/Atlas/水元素.png using Guid(a1deabf848735de4e972b83536a4d67c) Importer(815301076,1909f56bfc062723c751e8b465ee728b)  -> (artifact id: 'e5692620c66505f410edecb7115ea38f') in 0.024014 seconds 
========================================================================
Received Import Request.
  Time since last request: 0.000016 seconds.
  path: Assets/Resources/Atlas/盾牌.png
  artifactKey: Guid(bc1e4f74b76f89b40b90e24ddb4c16d4) Importer(815301076,1909f56bfc062723c751e8b465ee728b)
Start importing Assets/Resources/Atlas/盾牌.png using Guid(bc1e4f74b76f89b40b90e24ddb4c16d4) Importer(815301076,1909f56bfc062723c751e8b465ee728b)  -> (artifact id: '9276a840b9f6a1a4ccf74d8709510850') in 0.022600 seconds 
========================================================================
Received Prepare
Registering precompiled user dll's ...
Registered in 0.004828 seconds.
Begin MonoManager ReloadAssembly
Native extension for WindowsStandalone target not found
Refreshing native plugins compatible for Editor in 0.61 ms, found 3 plugins.
Preloading 0 native plugins for Editor in 0.00 ms.
[Package Manager] Server::EnsureServerProcessIsRunning -- launch failed, reason: Unity was launched with the -noUpm command-line argument
[Package Manager] UpmClient::Send -- Unable to send message (not connected to UPM process).
[Package Manager] Cannot connect to Unity Package Manager local server
Mono: successfully reloaded assembly
- Completed reload, in  1.061 seconds
Domain Reload Profiling:
	ReloadAssembly (1061ms)
		BeginReloadAssembly (89ms)
			ExecutionOrderSort (0ms)
			DisableScriptedObjects (4ms)
			BackupInstance (0ms)
			ReleaseScriptingObjects (0ms)
			CreateAndSetChildDomain (33ms)
		EndReloadAssembly (921ms)
			LoadAssemblies (41ms)
			RebuildTransferFunctionScriptingTraits (0ms)
			SetupTypeCache (112ms)
				TypeCache.Initialize (106ms)
					TypeCache.ScanAssembly (103ms)
				ResolveRequiredComponents (6ms)
			ReleaseScriptCaches (2ms)
			RebuildScriptCaches (37ms)
			SetupLoadedEditorAssemblies (699ms)
				LogAssemblyErrors (0ms)
				InitializePlatformSupportModulesInManaged (6ms)
				SetLoadedEditorAssemblies (4ms)
				RefreshPlugins (1ms)
				BeforeProcessingInitializeOnLoad (36ms)
				ProcessInitializeOnLoadAttributes (613ms)
				ProcessInitializeOnLoadMethodAttributes (38ms)
				AfterProcessingInitializeOnLoad (3ms)
				EditorAssembliesLoaded (0ms)
			ExecutionOrderSort2 (0ms)
			AwakeInstancesAfterBackupRestoration (4ms)
Platform modules already initialized, skipping
Refreshing native plugins compatible for Editor in 2.70 ms, found 3 plugins.
Preloading 0 native plugins for Editor in 0.00 ms.
Unloading 3563 Unused Serialized files (Serialized files now loaded: 0)
Unloading 47 unused Assets / (33.6 KB). Loaded Objects now: 4058.
Memory consumption went from 0.54 GB to 0.54 GB.
Total: 3.593200 ms (FindLiveObjects: 0.155700 ms CreateObjectMapping: 0.044500 ms MarkObjects: 3.366100 ms  DeleteObjects: 0.025900 ms)

AssetImportParameters requested are different than current active one (requested -> active):
  custom:video-decoder-ogg-theora: a1e56fd34408186e4bbccfd4996cb3dc -> 
  custom:container-muxer-webm: aa71ff27fc2769a1b78a27578f13a17b -> 
  custom:container-demuxer-webm: 4f35f7cbe854078d1ac9338744f61a02 -> 
  custom:video-encoder-webm-vp8: eb34c28f22e8b96e1ab97ce403110664 -> 
  custom:video-codec-MediaFoundation-h265: 746d11721c4dcdbdad8f713fa42b33f4 -> 
  custom:audio-encoder-webm-vorbis: bf7c407c2cedff20999df2af8eb42d56 -> 
  custom:framework-win-MediaFoundation: 216162199b28c13a410421893ffa2e32 -> 
  custom:container-demuxer-ogg: 62fdf1f143b41e24485cea50d1cbac27 -> 
  custom:video-decoder-webm-vp8: 9c59270c3fd7afecdb556c50c9e8de78 -> 
  custom:audio-decoder-ogg-vorbis: bf7c407c2cedff20999df2af8eb42d56 -> 
