Using pre-set license
Built from 'HEAD' branch; Version is '2022.1.23f1c1 (46637c7592ee) revision 4612988'; Using compiler version '192829333'; Build Type 'Release'
OS: 'Windows 11  (10.0.22631) 64bit Enterprise' Language: 'zh' Physical Memory: 32581 MB
BatchMode: 1, IsHumanControllingUs: 0, StartBugReporterOnCrash: 0, Is64bit: 1, IsPro: 1

COMMAND LINE ARGUMENTS:
D:\Program Files\Unity3d Edition\Unity 2022.1.23f1c1\Editor\Unity.exe
-adb2
-batchMode
-noUpm
-name
AssetImportWorker9
-projectPath
E:/GitHub仓库/Cat/MaidcafeDemo
-logFile
Logs/AssetImportWorker9.log
-srvPort
8348
Successfully changed project path to: E:/GitHub仓库/Cat/MaidcafeDemo
E:/GitHub仓库/Cat/MaidcafeDemo
[UnityMemory] Configuration Parameters - Can be set up in boot.config
    "memorysetup-bucket-allocator-granularity=16"
    "memorysetup-bucket-allocator-bucket-count=8"
    "memorysetup-bucket-allocator-block-size=33554432"
    "memorysetup-bucket-allocator-block-count=8"
    "memorysetup-main-allocator-block-size=16777216"
    "memorysetup-thread-allocator-block-size=16777216"
    "memorysetup-gfx-main-allocator-block-size=16777216"
    "memorysetup-gfx-thread-allocator-block-size=16777216"
    "memorysetup-cache-allocator-block-size=4194304"
    "memorysetup-typetree-allocator-block-size=2097152"
    "memorysetup-profiler-bucket-allocator-granularity=16"
    "memorysetup-profiler-bucket-allocator-bucket-count=8"
    "memorysetup-profiler-bucket-allocator-block-size=33554432"
    "memorysetup-profiler-bucket-allocator-block-count=8"
    "memorysetup-profiler-allocator-block-size=16777216"
    "memorysetup-profiler-editor-allocator-block-size=1048576"
    "memorysetup-temp-allocator-size-main=16777216"
    "memorysetup-job-temp-allocator-block-size=2097152"
    "memorysetup-job-temp-allocator-block-size-background=1048576"
    "memorysetup-job-temp-allocator-reduction-small-platforms=262144"
    "memorysetup-temp-allocator-size-background-worker=32768"
    "memorysetup-temp-allocator-size-job-worker=262144"
    "memorysetup-temp-allocator-size-preload-manager=33554432"
    "memorysetup-temp-allocator-size-nav-mesh-worker=65536"
    "memorysetup-temp-allocator-size-audio-worker=65536"
    "memorysetup-temp-allocator-size-cloud-worker=32768"
    "memorysetup-temp-allocator-size-gi-baking-worker=262144"
    "memorysetup-temp-allocator-size-gfx=262144"
Refreshing native plugins compatible for Editor in 51.56 ms, found 3 plugins.
Preloading 0 native plugins for Editor in 0.00 ms.
Initialize engine version: 2022.1.23f1c1 (46637c7592ee)
[Subsystems] Discovering subsystems at path D:/Program Files/Unity3d Edition/Unity 2022.1.23f1c1/Editor/Data/Resources/UnitySubsystems
[Subsystems] Discovering subsystems at path E:/GitHub仓库/Cat/MaidcafeDemo/Assets
GfxDevice: creating device client; threaded=0; jobified=0
Direct3D:
    Version:  Direct3D 11.0 [level 11.1]
    Renderer: NVIDIA GeForce RTX 4070 Ti (ID=0x2782)
    Vendor:   NVIDIA
    VRAM:     11996 MB
    Driver:   32.0.15.5599
Initialize mono
Mono path[0] = 'D:/Program Files/Unity3d Edition/Unity 2022.1.23f1c1/Editor/Data/Managed'
Mono path[1] = 'D:/Program Files/Unity3d Edition/Unity 2022.1.23f1c1/Editor/Data/MonoBleedingEdge/lib/mono/unityjit-win32'
Mono config path = 'D:/Program Files/Unity3d Edition/Unity 2022.1.23f1c1/Editor/Data/MonoBleedingEdge/etc'
Using monoOptions --debugger-agent=transport=dt_socket,embedding=1,server=y,suspend=n,address=127.0.0.1:56072
Begin MonoManager ReloadAssembly
Registering precompiled unity dll's ...
Register platform support module: D:/Program Files/Unity3d Edition/Unity 2022.1.23f1c1/Editor/Data/PlaybackEngines/WindowsStandaloneSupport/UnityEditor.WindowsStandalone.Extensions.dll
Registered in 0.001210 seconds.
Native extension for WindowsStandalone target not found
Refreshing native plugins compatible for Editor in 46.86 ms, found 3 plugins.
Preloading 0 native plugins for Editor in 0.00 ms.
Mono: successfully reloaded assembly
- Completed reload, in  0.376 seconds
Domain Reload Profiling:
	ReloadAssembly (376ms)
		BeginReloadAssembly (40ms)
			ExecutionOrderSort (0ms)
			DisableScriptedObjects (0ms)
			BackupInstance (0ms)
			ReleaseScriptingObjects (0ms)
			CreateAndSetChildDomain (1ms)
		EndReloadAssembly (277ms)
			LoadAssemblies (38ms)
			RebuildTransferFunctionScriptingTraits (0ms)
			SetupTypeCache (65ms)
				TypeCache.Initialize (65ms)
					TypeCache.ScanAssembly (64ms)
				ResolveRequiredComponents (0ms)
			ReleaseScriptCaches (0ms)
			RebuildScriptCaches (16ms)
			SetupLoadedEditorAssemblies (163ms)
				LogAssemblyErrors (0ms)
				InitializePlatformSupportModulesInManaged (4ms)
				SetLoadedEditorAssemblies (4ms)
				RefreshPlugins (47ms)
				BeforeProcessingInitializeOnLoad (1ms)
				ProcessInitializeOnLoadAttributes (79ms)
				ProcessInitializeOnLoadMethodAttributes (28ms)
				AfterProcessingInitializeOnLoad (0ms)
				EditorAssembliesLoaded (0ms)
			ExecutionOrderSort2 (0ms)
			AwakeInstancesAfterBackupRestoration (0ms)
Platform modules already initialized, skipping
Registering precompiled user dll's ...
Registered in 0.005005 seconds.
Begin MonoManager ReloadAssembly
Native extension for WindowsStandalone target not found
Refreshing native plugins compatible for Editor in 45.07 ms, found 3 plugins.
Preloading 0 native plugins for Editor in 0.00 ms.
Package Manager log level set to [2]
[Package Manager] Server::EnsureServerProcessIsRunning -- launch failed, reason: Unity was launched with the -noUpm command-line argument
[Package Manager] UpmClient::Send -- Unable to send message (not connected to UPM process).
[Package Manager] Cannot connect to Unity Package Manager local server
Mono: successfully reloaded assembly
- Completed reload, in  1.178 seconds
Domain Reload Profiling:
	ReloadAssembly (1178ms)
		BeginReloadAssembly (64ms)
			ExecutionOrderSort (0ms)
			DisableScriptedObjects (3ms)
			BackupInstance (0ms)
			ReleaseScriptingObjects (0ms)
			CreateAndSetChildDomain (12ms)
		EndReloadAssembly (1047ms)
			LoadAssemblies (43ms)
			RebuildTransferFunctionScriptingTraits (0ms)
			SetupTypeCache (125ms)
				TypeCache.Initialize (118ms)
					TypeCache.ScanAssembly (116ms)
				ResolveRequiredComponents (7ms)
			ReleaseScriptCaches (0ms)
			RebuildScriptCaches (39ms)
			SetupLoadedEditorAssemblies (804ms)
				LogAssemblyErrors (0ms)
				InitializePlatformSupportModulesInManaged (2ms)
				SetLoadedEditorAssemblies (4ms)
				RefreshPlugins (45ms)
				BeforeProcessingInitializeOnLoad (44ms)
				ProcessInitializeOnLoadAttributes (669ms)
				ProcessInitializeOnLoadMethodAttributes (37ms)
				AfterProcessingInitializeOnLoad (3ms)
				EditorAssembliesLoaded (0ms)
			ExecutionOrderSort2 (0ms)
			AwakeInstancesAfterBackupRestoration (3ms)
Platform modules already initialized, skipping
========================================================================
Worker process is ready to serve import requests
Launched and connected shader compiler UnityShaderCompiler.exe after 0.02 seconds
Refreshing native plugins compatible for Editor in 0.54 ms, found 3 plugins.
Preloading 0 native plugins for Editor in 0.00 ms.
Unloading 3578 Unused Serialized files (Serialized files now loaded: 0)
Unloading 59 unused Assets / (59.9 KB). Loaded Objects now: 4024.
Memory consumption went from 0.54 GB to 0.54 GB.
Total: 3.905500 ms (FindLiveObjects: 0.148300 ms CreateObjectMapping: 0.041600 ms MarkObjects: 3.652900 ms  DeleteObjects: 0.061700 ms)

AssetImportParameters requested are different than current active one (requested -> active):
  custom:video-decoder-ogg-theora: a1e56fd34408186e4bbccfd4996cb3dc -> 
  custom:container-muxer-webm: aa71ff27fc2769a1b78a27578f13a17b -> 
  custom:container-demuxer-webm: 4f35f7cbe854078d1ac9338744f61a02 -> 
  custom:video-encoder-webm-vp8: eb34c28f22e8b96e1ab97ce403110664 -> 
  custom:video-codec-MediaFoundation-h265: 746d11721c4dcdbdad8f713fa42b33f4 -> 
  custom:audio-encoder-webm-vorbis: bf7c407c2cedff20999df2af8eb42d56 -> 
  custom:framework-win-MediaFoundation: 216162199b28c13a410421893ffa2e32 -> 
  custom:container-demuxer-ogg: 62fdf1f143b41e24485cea50d1cbac27 -> 
  custom:video-decoder-webm-vp8: 9c59270c3fd7afecdb556c50c9e8de78 -> 
  custom:audio-decoder-ogg-vorbis: bf7c407c2cedff20999df2af8eb42d56 -> 
========================================================================
Received Import Request.
  Time since last request: 308174.852996 seconds.
  path: Assets/Plugin/Fungus/Thirdparty/FungusLua/Resources/Prefabs/LuaBindings.prefab
  artifactKey: Guid(e0c2b90c058ff43f4a56a266d4fa721b) Importer(815301076,1909f56bfc062723c751e8b465ee728b)
Start importing Assets/Plugin/Fungus/Thirdparty/FungusLua/Resources/Prefabs/LuaBindings.prefab using Guid(e0c2b90c058ff43f4a56a266d4fa721b) Importer(815301076,1909f56bfc062723c751e8b465ee728b)  -> (artifact id: '1268817831f55e1da4c9dd768ad66697') in 0.029585 seconds 
========================================================================
Received Import Request.
  Time since last request: 35.262833 seconds.
  path: Assets/Resources/Prefabs/Characters/Customer3.prefab
  artifactKey: Guid(421c1700d49683440bd9d6797831e4f3) Importer(815301076,1909f56bfc062723c751e8b465ee728b)
Start importing Assets/Resources/Prefabs/Characters/Customer3.prefab using Guid(421c1700d49683440bd9d6797831e4f3) Importer(815301076,1909f56bfc062723c751e8b465ee728b)  -> (artifact id: '825a598b6d82ecd1055a5cefba69d452') in 0.054239 seconds 
========================================================================
Received Import Request.
  Time since last request: 0.000018 seconds.
  path: Assets/Resources/Prefabs/Characters/Player.prefab
  artifactKey: Guid(b5475b10a841e82438a43ca25ea04f5d) Importer(815301076,1909f56bfc062723c751e8b465ee728b)
Start importing Assets/Resources/Prefabs/Characters/Player.prefab using Guid(b5475b10a841e82438a43ca25ea04f5d) Importer(815301076,1909f56bfc062723c751e8b465ee728b)  -> (artifact id: 'baa6d36257d988ed50f687799eed61a1') in 0.014468 seconds 
========================================================================
Received Import Request.
  Time since last request: 0.861449 seconds.
  path: Assets/Resources/Prefabs/Events/HomeEvents.prefab
  artifactKey: Guid(e5846ce55839a5940b6ff8b27eb7bfa1) Importer(815301076,1909f56bfc062723c751e8b465ee728b)
Start importing Assets/Resources/Prefabs/Events/HomeEvents.prefab using Guid(e5846ce55839a5940b6ff8b27eb7bfa1) Importer(815301076,1909f56bfc062723c751e8b465ee728b)  -> (artifact id: '161d135d3aef6b0be1bca9eef7dd7261') in 0.009438 seconds 
========================================================================
Received Import Request.
  Time since last request: 1.292714 seconds.
  path: Assets/Resources/Prefabs/General/Delete.prefab
  artifactKey: Guid(be83679f29bb65744932b0463845f4b4) Importer(815301076,1909f56bfc062723c751e8b465ee728b)
Start importing Assets/Resources/Prefabs/General/Delete.prefab using Guid(be83679f29bb65744932b0463845f4b4) Importer(815301076,1909f56bfc062723c751e8b465ee728b)  -> (artifact id: '15ba0dd542eb56b2894ff749fe72353b') in 0.011490 seconds 
========================================================================
Received Import Request.
  Time since last request: 0.000017 seconds.
  path: Assets/Resources/Prefabs/General/Slider.prefab
  artifactKey: Guid(892c003b5ebca8447a5b307770c07094) Importer(815301076,1909f56bfc062723c751e8b465ee728b)
Start importing Assets/Resources/Prefabs/General/Slider.prefab using Guid(892c003b5ebca8447a5b307770c07094) Importer(815301076,1909f56bfc062723c751e8b465ee728b)  -> (artifact id: '74c0ce007a06f824132f64f0fe38b549') in 0.008404 seconds 
========================================================================
Received Import Request.
  Time since last request: 0.420451 seconds.
  path: Assets/Resources/Prefabs/Items/cat.prefab
  artifactKey: Guid(2850971dae0e48e43ba492de052970d8) Importer(815301076,1909f56bfc062723c751e8b465ee728b)
Start importing Assets/Resources/Prefabs/Items/cat.prefab using Guid(2850971dae0e48e43ba492de052970d8) Importer(815301076,1909f56bfc062723c751e8b465ee728b)  -> (artifact id: '7a24cc857040ddee8bd5b26344728a91') in 0.008998 seconds 
========================================================================
Received Import Request.
  Time since last request: 0.000018 seconds.
  path: Assets/Resources/Prefabs/Items/StoreItems.prefab
  artifactKey: Guid(83bb011a4174e6b4c96886801f65b409) Importer(815301076,1909f56bfc062723c751e8b465ee728b)
Start importing Assets/Resources/Prefabs/Items/StoreItems.prefab using Guid(83bb011a4174e6b4c96886801f65b409) Importer(815301076,1909f56bfc062723c751e8b465ee728b)  -> (artifact id: '1db192ad222ea4b9411cce8ab650d295') in 0.008025 seconds 
========================================================================
Received Import Request.
  Time since last request: 0.000017 seconds.
  path: Assets/Resources/Prefabs/Items/Events.prefab
  artifactKey: Guid(e7408dd5a9bba5e4ab68f158d021f53a) Importer(815301076,1909f56bfc062723c751e8b465ee728b)
Start importing Assets/Resources/Prefabs/Items/Events.prefab using Guid(e7408dd5a9bba5e4ab68f158d021f53a) Importer(815301076,1909f56bfc062723c751e8b465ee728b)  -> (artifact id: '6d69d09e95b9f2148e5fefbc96e2479d') in 0.008851 seconds 
========================================================================
Received Import Request.
  Time since last request: 0.000015 seconds.
  path: Assets/Resources/Prefabs/Items/Counter.prefab
  artifactKey: Guid(9f59ce6ce40c26f42892ae39ab551f81) Importer(815301076,1909f56bfc062723c751e8b465ee728b)
Start importing Assets/Resources/Prefabs/Items/Counter.prefab using Guid(9f59ce6ce40c26f42892ae39ab551f81) Importer(815301076,1909f56bfc062723c751e8b465ee728b)  -> (artifact id: 'cd644411cbf08945137fe893cf576c41') in 0.008525 seconds 
========================================================================
Received Import Request.
  Time since last request: 0.413824 seconds.
  path: Assets/Resources/Prefabs/Items/DIYItems/柜台.prefab
  artifactKey: Guid(c0c100fbab39b2d4e8ffee677580aea0) Importer(815301076,1909f56bfc062723c751e8b465ee728b)
Start importing Assets/Resources/Prefabs/Items/DIYItems/柜台.prefab using Guid(c0c100fbab39b2d4e8ffee677580aea0) Importer(815301076,1909f56bfc062723c751e8b465ee728b)  -> (artifact id: '18c6646ee836163a5c0e373fcc67b4f2') in 0.009492 seconds 
========================================================================
Received Import Request.
  Time since last request: 0.000017 seconds.
  path: Assets/Resources/Prefabs/Items/DIYItems/花瓶.prefab
  artifactKey: Guid(e0aa135fe03e0704b9b5a86abe2cd426) Importer(815301076,1909f56bfc062723c751e8b465ee728b)
Start importing Assets/Resources/Prefabs/Items/DIYItems/花瓶.prefab using Guid(e0aa135fe03e0704b9b5a86abe2cd426) Importer(815301076,1909f56bfc062723c751e8b465ee728b)  -> (artifact id: '63265de43861cf756f60def7064e0676') in 0.009827 seconds 
========================================================================
Received Import Request.
  Time since last request: 0.000017 seconds.
  path: Assets/Resources/Prefabs/Items/DIYItems/留言条.prefab
  artifactKey: Guid(7ab5b2d5a9f88fc44bc97e2863050e59) Importer(815301076,1909f56bfc062723c751e8b465ee728b)
Start importing Assets/Resources/Prefabs/Items/DIYItems/留言条.prefab using Guid(7ab5b2d5a9f88fc44bc97e2863050e59) Importer(815301076,1909f56bfc062723c751e8b465ee728b)  -> (artifact id: '4cb7acebc96c2ba5ad04d73653eca794') in 0.011560 seconds 
========================================================================
Received Import Request.
  Time since last request: 0.000016 seconds.
  path: Assets/Resources/Prefabs/Items/DIYItems/装饰图3.prefab
  artifactKey: Guid(64e190cb5df226a498f9f5b37b5ecfd5) Importer(815301076,1909f56bfc062723c751e8b465ee728b)
Start importing Assets/Resources/Prefabs/Items/DIYItems/装饰图3.prefab using Guid(64e190cb5df226a498f9f5b37b5ecfd5) Importer(815301076,1909f56bfc062723c751e8b465ee728b)  -> (artifact id: '19a441e0ac68a748ce630ab6db3e8192') in 0.009815 seconds 
========================================================================
Received Import Request.
  Time since last request: 0.710705 seconds.
  path: Assets/Resources/Prefabs/Scene/SecondFloorItems.prefab
  artifactKey: Guid(ebe98cd03b1b8864c8d8e747e78c7940) Importer(815301076,1909f56bfc062723c751e8b465ee728b)
Start importing Assets/Resources/Prefabs/Scene/SecondFloorItems.prefab using Guid(ebe98cd03b1b8864c8d8e747e78c7940) Importer(815301076,1909f56bfc062723c751e8b465ee728b)  -> (artifact id: '4d3c8499466ca3a7688c75d4aba26a4c') in 0.009585 seconds 
========================================================================
Received Import Request.
  Time since last request: 0.488876 seconds.
  path: Assets/Resources/Prefabs/UIWnd/BackGround.prefab
  artifactKey: Guid(bd0bbd54f933cc0439c407c0a2dbfeb1) Importer(815301076,1909f56bfc062723c751e8b465ee728b)
Start importing Assets/Resources/Prefabs/UIWnd/BackGround.prefab using Guid(bd0bbd54f933cc0439c407c0a2dbfeb1) Importer(815301076,1909f56bfc062723c751e8b465ee728b)  -> (artifact id: '2d1c5469e28bcf69c7a7d1bf8ceb2e7b') in 0.003455 seconds 
========================================================================
Received Import Request.
  Time since last request: 0.000015 seconds.
  path: Assets/Resources/Prefabs/UIWnd/CoffeeDecWnd.prefab
  artifactKey: Guid(26205bfce38ace04399b0f9e2e41d2fa) Importer(815301076,1909f56bfc062723c751e8b465ee728b)
Start importing Assets/Resources/Prefabs/UIWnd/CoffeeDecWnd.prefab using Guid(26205bfce38ace04399b0f9e2e41d2fa) Importer(815301076,1909f56bfc062723c751e8b465ee728b)  -> (artifact id: 'e96edf20cc4f76bf64c1aa14458e1055') in 0.012550 seconds 
========================================================================
Received Import Request.
  Time since last request: 0.000017 seconds.
  path: Assets/Resources/Prefabs/UIWnd/CoffeeComWnd.prefab
  artifactKey: Guid(4f2acfdbff95cca48868019c458baa52) Importer(815301076,1909f56bfc062723c751e8b465ee728b)
Start importing Assets/Resources/Prefabs/UIWnd/CoffeeComWnd.prefab using Guid(4f2acfdbff95cca48868019c458baa52) Importer(815301076,1909f56bfc062723c751e8b465ee728b)  -> (artifact id: 'bff959262b7ac19d62a3684541b28d83') in 0.009112 seconds 
========================================================================
Received Import Request.
  Time since last request: 0.000025 seconds.
  path: Assets/Resources/Prefabs/UIWnd/ChangeWaiterWnd.prefab
  artifactKey: Guid(67fb270da1a694e4ba9e861dd9dd7c4d) Importer(815301076,1909f56bfc062723c751e8b465ee728b)
Start importing Assets/Resources/Prefabs/UIWnd/ChangeWaiterWnd.prefab using Guid(67fb270da1a694e4ba9e861dd9dd7c4d) Importer(815301076,1909f56bfc062723c751e8b465ee728b)  -> (artifact id: 'daff98445b1ad37fa28e78d1bfde5ef8') in 0.011712 seconds 
Editor requested this worker to shutdown with reason: Scaling down because of idle timeout
AssetImportWorkerClient::OnTransportError - code=2 error=End of file
AssetImportWorker is now disconnected from the server
Process exiting
Exiting without the bug reporter. Application will terminate with return code 0