Using pre-set license
Built from 'HEAD' branch; Version is '2022.1.23f1c1 (46637c7592ee) revision 4612988'; Using compiler version '192829333'; Build Type 'Release'
OS: 'Windows 11  (10.0.22631) 64bit Enterprise' Language: 'zh' Physical Memory: 32581 MB
BatchMode: 1, IsHumanControllingUs: 0, StartBugReporterOnCrash: 0, Is64bit: 1, IsPro: 1

COMMAND LINE ARGUMENTS:
D:\Program Files\Unity3d Edition\Unity 2022.1.23f1c1\Editor\Unity.exe
-adb2
-batchMode
-noUpm
-name
AssetImportWorker11
-projectPath
E:/GitHub仓库/Cat/MaidcafeDemo
-logFile
Logs/AssetImportWorker11.log
-srvPort
8348
Successfully changed project path to: E:/GitHub仓库/Cat/MaidcafeDemo
E:/GitHub仓库/Cat/MaidcafeDemo
[UnityMemory] Configuration Parameters - Can be set up in boot.config
    "memorysetup-bucket-allocator-granularity=16"
    "memorysetup-bucket-allocator-bucket-count=8"
    "memorysetup-bucket-allocator-block-size=33554432"
    "memorysetup-bucket-allocator-block-count=8"
    "memorysetup-main-allocator-block-size=16777216"
    "memorysetup-thread-allocator-block-size=16777216"
    "memorysetup-gfx-main-allocator-block-size=16777216"
    "memorysetup-gfx-thread-allocator-block-size=16777216"
    "memorysetup-cache-allocator-block-size=4194304"
    "memorysetup-typetree-allocator-block-size=2097152"
    "memorysetup-profiler-bucket-allocator-granularity=16"
    "memorysetup-profiler-bucket-allocator-bucket-count=8"
    "memorysetup-profiler-bucket-allocator-block-size=33554432"
    "memorysetup-profiler-bucket-allocator-block-count=8"
    "memorysetup-profiler-allocator-block-size=16777216"
    "memorysetup-profiler-editor-allocator-block-size=1048576"
    "memorysetup-temp-allocator-size-main=16777216"
    "memorysetup-job-temp-allocator-block-size=2097152"
    "memorysetup-job-temp-allocator-block-size-background=1048576"
    "memorysetup-job-temp-allocator-reduction-small-platforms=262144"
    "memorysetup-temp-allocator-size-background-worker=32768"
    "memorysetup-temp-allocator-size-job-worker=262144"
    "memorysetup-temp-allocator-size-preload-manager=33554432"
    "memorysetup-temp-allocator-size-nav-mesh-worker=65536"
    "memorysetup-temp-allocator-size-audio-worker=65536"
    "memorysetup-temp-allocator-size-cloud-worker=32768"
    "memorysetup-temp-allocator-size-gi-baking-worker=262144"
    "memorysetup-temp-allocator-size-gfx=262144"
Refreshing native plugins compatible for Editor in 47.59 ms, found 3 plugins.
Preloading 0 native plugins for Editor in 0.00 ms.
Initialize engine version: 2022.1.23f1c1 (46637c7592ee)
[Subsystems] Discovering subsystems at path D:/Program Files/Unity3d Edition/Unity 2022.1.23f1c1/Editor/Data/Resources/UnitySubsystems
[Subsystems] Discovering subsystems at path E:/GitHub仓库/Cat/MaidcafeDemo/Assets
GfxDevice: creating device client; threaded=0; jobified=0
Direct3D:
    Version:  Direct3D 11.0 [level 11.1]
    Renderer: NVIDIA GeForce RTX 4070 Ti (ID=0x2782)
    Vendor:   NVIDIA
    VRAM:     11996 MB
    Driver:   32.0.15.5599
Initialize mono
Mono path[0] = 'D:/Program Files/Unity3d Edition/Unity 2022.1.23f1c1/Editor/Data/Managed'
Mono path[1] = 'D:/Program Files/Unity3d Edition/Unity 2022.1.23f1c1/Editor/Data/MonoBleedingEdge/lib/mono/unityjit-win32'
Mono config path = 'D:/Program Files/Unity3d Edition/Unity 2022.1.23f1c1/Editor/Data/MonoBleedingEdge/etc'
Using monoOptions --debugger-agent=transport=dt_socket,embedding=1,server=y,suspend=n,address=127.0.0.1:56216
Begin MonoManager ReloadAssembly
Registering precompiled unity dll's ...
Register platform support module: D:/Program Files/Unity3d Edition/Unity 2022.1.23f1c1/Editor/Data/PlaybackEngines/WindowsStandaloneSupport/UnityEditor.WindowsStandalone.Extensions.dll
Registered in 0.001354 seconds.
Native extension for WindowsStandalone target not found
Refreshing native plugins compatible for Editor in 42.99 ms, found 3 plugins.
Preloading 0 native plugins for Editor in 0.00 ms.
Mono: successfully reloaded assembly
- Completed reload, in  0.343 seconds
Domain Reload Profiling:
	ReloadAssembly (344ms)
		BeginReloadAssembly (37ms)
			ExecutionOrderSort (0ms)
			DisableScriptedObjects (0ms)
			BackupInstance (0ms)
			ReleaseScriptingObjects (0ms)
			CreateAndSetChildDomain (0ms)
		EndReloadAssembly (248ms)
			LoadAssemblies (36ms)
			RebuildTransferFunctionScriptingTraits (0ms)
			SetupTypeCache (59ms)
				TypeCache.Initialize (58ms)
					TypeCache.ScanAssembly (57ms)
				ResolveRequiredComponents (0ms)
			ReleaseScriptCaches (0ms)
			RebuildScriptCaches (15ms)
			SetupLoadedEditorAssemblies (145ms)
				LogAssemblyErrors (0ms)
				InitializePlatformSupportModulesInManaged (4ms)
				SetLoadedEditorAssemblies (4ms)
				RefreshPlugins (43ms)
				BeforeProcessingInitializeOnLoad (1ms)
				ProcessInitializeOnLoadAttributes (70ms)
				ProcessInitializeOnLoadMethodAttributes (24ms)
				AfterProcessingInitializeOnLoad (0ms)
				EditorAssembliesLoaded (0ms)
			ExecutionOrderSort2 (0ms)
			AwakeInstancesAfterBackupRestoration (0ms)
Platform modules already initialized, skipping
Registering precompiled user dll's ...
Registered in 0.004373 seconds.
Begin MonoManager ReloadAssembly
Native extension for WindowsStandalone target not found
Refreshing native plugins compatible for Editor in 41.09 ms, found 3 plugins.
Preloading 0 native plugins for Editor in 0.00 ms.
Package Manager log level set to [2]
[Package Manager] Server::EnsureServerProcessIsRunning -- launch failed, reason: Unity was launched with the -noUpm command-line argument
[Package Manager] UpmClient::Send -- Unable to send message (not connected to UPM process).
[Package Manager] Cannot connect to Unity Package Manager local server
Mono: successfully reloaded assembly
- Completed reload, in  1.149 seconds
Domain Reload Profiling:
	ReloadAssembly (1150ms)
		BeginReloadAssembly (61ms)
			ExecutionOrderSort (0ms)
			DisableScriptedObjects (3ms)
			BackupInstance (0ms)
			ReleaseScriptingObjects (0ms)
			CreateAndSetChildDomain (12ms)
		EndReloadAssembly (1025ms)
			LoadAssemblies (41ms)
			RebuildTransferFunctionScriptingTraits (0ms)
			SetupTypeCache (117ms)
				TypeCache.Initialize (111ms)
					TypeCache.ScanAssembly (109ms)
				ResolveRequiredComponents (6ms)
			ReleaseScriptCaches (0ms)
			RebuildScriptCaches (43ms)
			SetupLoadedEditorAssemblies (791ms)
				LogAssemblyErrors (0ms)
				InitializePlatformSupportModulesInManaged (2ms)
				SetLoadedEditorAssemblies (4ms)
				RefreshPlugins (41ms)
				BeforeProcessingInitializeOnLoad (38ms)
				ProcessInitializeOnLoadAttributes (667ms)
				ProcessInitializeOnLoadMethodAttributes (35ms)
				AfterProcessingInitializeOnLoad (3ms)
				EditorAssembliesLoaded (0ms)
			ExecutionOrderSort2 (0ms)
			AwakeInstancesAfterBackupRestoration (3ms)
Platform modules already initialized, skipping
========================================================================
Worker process is ready to serve import requests
Launched and connected shader compiler UnityShaderCompiler.exe after 0.03 seconds
Refreshing native plugins compatible for Editor in 0.53 ms, found 3 plugins.
Preloading 0 native plugins for Editor in 0.00 ms.
Unloading 3578 Unused Serialized files (Serialized files now loaded: 0)
Unloading 59 unused Assets / (59.9 KB). Loaded Objects now: 4024.
Memory consumption went from 0.54 GB to 0.54 GB.
Total: 3.780300 ms (FindLiveObjects: 0.154400 ms CreateObjectMapping: 0.043700 ms MarkObjects: 3.498200 ms  DeleteObjects: 0.083300 ms)

AssetImportParameters requested are different than current active one (requested -> active):
  custom:video-decoder-ogg-theora: a1e56fd34408186e4bbccfd4996cb3dc -> 
  custom:container-muxer-webm: aa71ff27fc2769a1b78a27578f13a17b -> 
  custom:container-demuxer-webm: 4f35f7cbe854078d1ac9338744f61a02 -> 
  custom:video-encoder-webm-vp8: eb34c28f22e8b96e1ab97ce403110664 -> 
  custom:video-codec-MediaFoundation-h265: 746d11721c4dcdbdad8f713fa42b33f4 -> 
  custom:audio-encoder-webm-vorbis: bf7c407c2cedff20999df2af8eb42d56 -> 
  custom:framework-win-MediaFoundation: 216162199b28c13a410421893ffa2e32 -> 
  custom:container-demuxer-ogg: 62fdf1f143b41e24485cea50d1cbac27 -> 
  custom:video-decoder-webm-vp8: 9c59270c3fd7afecdb556c50c9e8de78 -> 
  custom:audio-decoder-ogg-vorbis: bf7c407c2cedff20999df2af8eb42d56 -> 
========================================================================
Received Import Request.
  Time since last request: 309917.680545 seconds.
  path: Assets/Sprites/Scenes/场景-室内-麦当劳/场景-室内-麦当劳-切图_0018_窗外-远景.png
  artifactKey: Guid(307e6c036deea0f45b3c54ac8eeaf672) Importer(815301076,1909f56bfc062723c751e8b465ee728b)
Start importing Assets/Sprites/Scenes/场景-室内-麦当劳/场景-室内-麦当劳-切图_0018_窗外-远景.png using Guid(307e6c036deea0f45b3c54ac8eeaf672) Importer(815301076,1909f56bfc062723c751e8b465ee728b)  -> (artifact id: '88a6c537c33bb995a5ccfe664dbb742c') in 0.075417 seconds 
========================================================================
Received Import Request.
  Time since last request: 0.475849 seconds.
  path: Assets/Sprites/Scenes/电器街/场景-室外-电器街-白天-切图_0010_猫.png
  artifactKey: Guid(58020af12e71a074ab3bad472fd00556) Importer(815301076,1909f56bfc062723c751e8b465ee728b)
Start importing Assets/Sprites/Scenes/电器街/场景-室外-电器街-白天-切图_0010_猫.png using Guid(58020af12e71a074ab3bad472fd00556) Importer(815301076,1909f56bfc062723c751e8b465ee728b)  -> (artifact id: 'eacdd82be952df6de9684c436713ed88') in 0.030816 seconds 
========================================================================
Received Import Request.
  Time since last request: 0.000018 seconds.
  path: Assets/Sprites/Scenes/电器街2/场景-室外-电器街2-白天_0004_风车.png
  artifactKey: Guid(919ab2c89a5743d47babd0a503458c1f) Importer(815301076,1909f56bfc062723c751e8b465ee728b)
Start importing Assets/Sprites/Scenes/电器街2/场景-室外-电器街2-白天_0004_风车.png using Guid(919ab2c89a5743d47babd0a503458c1f) Importer(815301076,1909f56bfc062723c751e8b465ee728b)  -> (artifact id: '4aec21d5924fbb5a21d7627c98023b48') in 0.016906 seconds 
========================================================================
Received Import Request.
  Time since last request: 0.000017 seconds.
  path: Assets/Sprites/Scenes/电器街/场景-室外-电器街-白天-切图_0020_居酒屋.png
  artifactKey: Guid(a7273ce8037444048b009631a396589b) Importer(815301076,1909f56bfc062723c751e8b465ee728b)
Start importing Assets/Sprites/Scenes/电器街/场景-室外-电器街-白天-切图_0020_居酒屋.png using Guid(a7273ce8037444048b009631a396589b) Importer(815301076,1909f56bfc062723c751e8b465ee728b)  -> (artifact id: '3a3a303823a08d80649c7bdba547c875') in 0.024350 seconds 
========================================================================
Received Import Request.
  Time since last request: 0.000021 seconds.
  path: Assets/Sprites/Scenes/电器街2/场景-室外-电器街2-白天_0001_地面标识.png
  artifactKey: Guid(9b5a232b4170eef4b86481d421b66c29) Importer(815301076,1909f56bfc062723c751e8b465ee728b)
Start importing Assets/Sprites/Scenes/电器街2/场景-室外-电器街2-白天_0001_地面标识.png using Guid(9b5a232b4170eef4b86481d421b66c29) Importer(815301076,1909f56bfc062723c751e8b465ee728b)  -> (artifact id: 'dea8ed325303ac47cb36394cdb4d2613') in 0.026358 seconds 
========================================================================
Received Import Request.
  Time since last request: 0.000018 seconds.
  path: Assets/Sprites/Scenes/电器街2/场景-室外-电器街2-白天_0007_电线杆.png
  artifactKey: Guid(ecc2401efb2ed334a89f3a7cafc9e5a4) Importer(815301076,1909f56bfc062723c751e8b465ee728b)
Start importing Assets/Sprites/Scenes/电器街2/场景-室外-电器街2-白天_0007_电线杆.png using Guid(ecc2401efb2ed334a89f3a7cafc9e5a4) Importer(815301076,1909f56bfc062723c751e8b465ee728b)  -> (artifact id: 'c2c8e783a3f00772fa0d312e35bf04d8') in 0.020580 seconds 
========================================================================
Received Import Request.
  Time since last request: 0.000017 seconds.
  path: Assets/Sprites/Scenes/电器街/场景-室外-电器街-白天-切图_0021_杂货铺.png
  artifactKey: Guid(de3ad7d092196b347990eba4b1f840d2) Importer(815301076,1909f56bfc062723c751e8b465ee728b)
Start importing Assets/Sprites/Scenes/电器街/场景-室外-电器街-白天-切图_0021_杂货铺.png using Guid(de3ad7d092196b347990eba4b1f840d2) Importer(815301076,1909f56bfc062723c751e8b465ee728b)  -> (artifact id: '20e92991b1fdb22a79a5a31c35e3ef16') in 0.018296 seconds 
========================================================================
Received Import Request.
  Time since last request: 0.000017 seconds.
  path: Assets/Sprites/Scenes/电器街2/场景-室外-电器街2-白天_0006_天空.png
  artifactKey: Guid(00d30f42322fc774a9be1c2b2dc47fb8) Importer(815301076,1909f56bfc062723c751e8b465ee728b)
Start importing Assets/Sprites/Scenes/电器街2/场景-室外-电器街2-白天_0006_天空.png using Guid(00d30f42322fc774a9be1c2b2dc47fb8) Importer(815301076,1909f56bfc062723c751e8b465ee728b)  -> (artifact id: 'ea8c14e97b1d87b263a241ad284de803') in 0.018708 seconds 
========================================================================
Received Import Request.
  Time since last request: 0.532146 seconds.
  path: Assets/Sprites/Scenes/场景特效/场景动画-电影院-广告牌/场景动画-电影院-广告牌1_0005_6.png
  artifactKey: Guid(44b77eef4f472664aad0a664962ab5e5) Importer(815301076,1909f56bfc062723c751e8b465ee728b)
Start importing Assets/Sprites/Scenes/场景特效/场景动画-电影院-广告牌/场景动画-电影院-广告牌1_0005_6.png using Guid(44b77eef4f472664aad0a664962ab5e5) Importer(815301076,1909f56bfc062723c751e8b465ee728b)  -> (artifact id: '76bfd949aab9c58e5f1f02acf8b32246') in 0.019306 seconds 
========================================================================
Received Import Request.
  Time since last request: 0.000016 seconds.
  path: Assets/Sprites/Scenes/电器街2/日木橋書店/场景道具-扫把.png
  artifactKey: Guid(68734552a861dc6488635cfb2f1aad9c) Importer(815301076,1909f56bfc062723c751e8b465ee728b)
Start importing Assets/Sprites/Scenes/电器街2/日木橋書店/场景道具-扫把.png using Guid(68734552a861dc6488635cfb2f1aad9c) Importer(815301076,1909f56bfc062723c751e8b465ee728b)  -> (artifact id: 'a31f4f3da20060eae7fe55dac5be2eca') in 0.012165 seconds 
========================================================================
Received Import Request.
  Time since last request: 0.933606 seconds.
  path: Assets/Resources/Atlas/盾牌.png
  artifactKey: Guid(bc1e4f74b76f89b40b90e24ddb4c16d4) Importer(815301076,1909f56bfc062723c751e8b465ee728b)
Start importing Assets/Resources/Atlas/盾牌.png using Guid(bc1e4f74b76f89b40b90e24ddb4c16d4) Importer(815301076,1909f56bfc062723c751e8b465ee728b)  -> (artifact id: '9276a840b9f6a1a4ccf74d8709510850') in 0.021482 seconds 
========================================================================
Received Import Request.
  Time since last request: 0.000017 seconds.
  path: Assets/Sprites/Scenes/电器街/红绿灯-拷贝_0003_红灯-亮.png
  artifactKey: Guid(e51062d2650ca234bbbae3743469215b) Importer(815301076,1909f56bfc062723c751e8b465ee728b)
Start importing Assets/Sprites/Scenes/电器街/红绿灯-拷贝_0003_红灯-亮.png using Guid(e51062d2650ca234bbbae3743469215b) Importer(815301076,1909f56bfc062723c751e8b465ee728b)  -> (artifact id: '63a13c5baf7366e69c0d976f42561227') in 0.013405 seconds 
========================================================================
Received Import Request.
  Time since last request: 0.009544 seconds.
  path: Assets/Resources/Atlas/羽毛.png
  artifactKey: Guid(29260e1bccdbf5946b46583f3ca0f867) Importer(815301076,1909f56bfc062723c751e8b465ee728b)
Start importing Assets/Resources/Atlas/羽毛.png using Guid(29260e1bccdbf5946b46583f3ca0f867) Importer(815301076,1909f56bfc062723c751e8b465ee728b)  -> (artifact id: '345fb44e90ce579e6eb7fe83e6d34c46') in 0.022013 seconds 
========================================================================
Received Import Request.
  Time since last request: 0.000017 seconds.
  path: Assets/Sprites/Scenes/电器街/街机室_0007_广告牌.png
  artifactKey: Guid(a816ce6c277fd264eab9f4ac661d3f0a) Importer(815301076,1909f56bfc062723c751e8b465ee728b)
Start importing Assets/Sprites/Scenes/电器街/街机室_0007_广告牌.png using Guid(a816ce6c277fd264eab9f4ac661d3f0a) Importer(815301076,1909f56bfc062723c751e8b465ee728b)  -> (artifact id: 'e92d159c9a5e50fd459e2fdd4f4b5ac6') in 0.019993 seconds 
========================================================================
Received Import Request.
  Time since last request: 0.000016 seconds.
  path: Assets/Sprites/Scenes/电器街/街机室_0004_3楼招牌-.png
  artifactKey: Guid(af0dfae05ecc1254fb8be142932a70e2) Importer(815301076,1909f56bfc062723c751e8b465ee728b)
Start importing Assets/Sprites/Scenes/电器街/街机室_0004_3楼招牌-.png using Guid(af0dfae05ecc1254fb8be142932a70e2) Importer(815301076,1909f56bfc062723c751e8b465ee728b)  -> (artifact id: 'adbcd9800c4414399cbbc891069189d2') in 0.014308 seconds 
========================================================================
Received Import Request.
  Time since last request: 1.436557 seconds.
  path: Assets/Sprites/Scenes/电器街/街机室_0008_广告-4.png
  artifactKey: Guid(027b200c46a60e54984ff780f515e6e0) Importer(815301076,1909f56bfc062723c751e8b465ee728b)
Start importing Assets/Sprites/Scenes/电器街/街机室_0008_广告-4.png using Guid(027b200c46a60e54984ff780f515e6e0) Importer(815301076,1909f56bfc062723c751e8b465ee728b)  -> (artifact id: '8b7bb2eb6334f722a2496fc78ad3053e') in 0.023540 seconds 
========================================================================
Received Import Request.
  Time since last request: 0.902553 seconds.
  path: Assets/Sprites/Scenes/电器街2/西餐厅/西餐厅21_0000_户外座椅.png
  artifactKey: Guid(efffd9c18049d7c4190e15d608902df3) Importer(815301076,1909f56bfc062723c751e8b465ee728b)
Start importing Assets/Sprites/Scenes/电器街2/西餐厅/西餐厅21_0000_户外座椅.png using Guid(efffd9c18049d7c4190e15d608902df3) Importer(815301076,1909f56bfc062723c751e8b465ee728b)  -> (artifact id: '69ee7625b41b5d4cfb13aeb4832c7d42') in 0.025497 seconds 
========================================================================
Received Import Request.
  Time since last request: 2.465761 seconds.
  path: Assets/Sprites/Characters/NPC-水手服爷爷/角色动画-NPC-水手服爷爷-移动_0003_移动-4.png
  artifactKey: Guid(1a958b660d823404eaad1ea79282f472) Importer(815301076,1909f56bfc062723c751e8b465ee728b)
Start importing Assets/Sprites/Characters/NPC-水手服爷爷/角色动画-NPC-水手服爷爷-移动_0003_移动-4.png using Guid(1a958b660d823404eaad1ea79282f472) Importer(815301076,1909f56bfc062723c751e8b465ee728b)  -> (artifact id: '8d162b38ac37bd286beb01917a799257') in 0.017281 seconds 
========================================================================
Received Import Request.
  Time since last request: 0.000018 seconds.
  path: Assets/Sprites/Characters/NPC-电影院服务员1/角色动画-NPC-电影院服务员1-待机_0001_2.png
  artifactKey: Guid(f76b8bc0c6a8496418d5a75365aedddf) Importer(815301076,1909f56bfc062723c751e8b465ee728b)
Start importing Assets/Sprites/Characters/NPC-电影院服务员1/角色动画-NPC-电影院服务员1-待机_0001_2.png using Guid(f76b8bc0c6a8496418d5a75365aedddf) Importer(815301076,1909f56bfc062723c751e8b465ee728b)  -> (artifact id: '24c9ecc5e6d96b675d30034cf74c1bd8') in 0.029039 seconds 
========================================================================
Received Import Request.
  Time since last request: 0.786349 seconds.
  path: Assets/Sprites/Characters/上班族/角色动画-上班族-切图_0020_上班族-坐-喝3.png
  artifactKey: Guid(70891f1a7111a3740b52cec3869f9395) Importer(815301076,1909f56bfc062723c751e8b465ee728b)
Start importing Assets/Sprites/Characters/上班族/角色动画-上班族-切图_0020_上班族-坐-喝3.png using Guid(70891f1a7111a3740b52cec3869f9395) Importer(815301076,1909f56bfc062723c751e8b465ee728b)  -> (artifact id: '592f933cefc2409b1ace0f7c825a4202') in 0.021357 seconds 
========================================================================
Received Import Request.
  Time since last request: 0.803934 seconds.
  path: Assets/Sprites/Characters/女仆1/角色动画-女仆1-切图_0010_IrecorderP-艾尔-鞠躬1.png
  artifactKey: Guid(1f6de43ad55240a4daf2cebd10b7d7ef) Importer(815301076,1909f56bfc062723c751e8b465ee728b)
Start importing Assets/Sprites/Characters/女仆1/角色动画-女仆1-切图_0010_IrecorderP-艾尔-鞠躬1.png using Guid(1f6de43ad55240a4daf2cebd10b7d7ef) Importer(815301076,1909f56bfc062723c751e8b465ee728b)  -> (artifact id: '1aeb60b5385c6e2fb28d9b91d8f56347') in 0.021007 seconds 
========================================================================
Received Import Request.
  Time since last request: 0.000019 seconds.
  path: Assets/Sprites/Characters/女仆1/角色动画-女仆1-切图_0014_IrecorderP-艾尔-鞠躬6.png
  artifactKey: Guid(5f637cc40eb02fe41994815c6b4cf7c9) Importer(815301076,1909f56bfc062723c751e8b465ee728b)
Start importing Assets/Sprites/Characters/女仆1/角色动画-女仆1-切图_0014_IrecorderP-艾尔-鞠躬6.png using Guid(5f637cc40eb02fe41994815c6b4cf7c9) Importer(815301076,1909f56bfc062723c751e8b465ee728b)  -> (artifact id: '727ecd0702f20fb18ce3126f29cd7959') in 0.014906 seconds 
========================================================================
Received Import Request.
  Time since last request: 269.176594 seconds.
  path: Assets/Resources/Arts Resources
  artifactKey: Guid(9960f947aea32ce4fab9a764422c9ebe) Importer(815301076,1909f56bfc062723c751e8b465ee728b)
Start importing Assets/Resources/Arts Resources using Guid(9960f947aea32ce4fab9a764422c9ebe) Importer(815301076,1909f56bfc062723c751e8b465ee728b)  -> (artifact id: '80c96f192a42c23a5048c0a52187bad5') in 0.012659 seconds 
========================================================================
Received Import Request.
  Time since last request: 15.778957 seconds.
  path: Assets/Resources/Arts Resources/UI
  artifactKey: Guid(76e0b17ad86d9c847b27ca1b38673aa0) Importer(815301076,1909f56bfc062723c751e8b465ee728b)
Start importing Assets/Resources/Arts Resources/UI using Guid(76e0b17ad86d9c847b27ca1b38673aa0) Importer(815301076,1909f56bfc062723c751e8b465ee728b)  -> (artifact id: 'e6f610651372ca346aec83da471fcaf0') in 0.006255 seconds 
========================================================================
Received Prepare
Registering precompiled user dll's ...
Registered in 0.004350 seconds.
Begin MonoManager ReloadAssembly
Native extension for WindowsStandalone target not found
Refreshing native plugins compatible for Editor in 0.89 ms, found 3 plugins.
Preloading 0 native plugins for Editor in 0.00 ms.
[Package Manager] Server::EnsureServerProcessIsRunning -- launch failed, reason: Unity was launched with the -noUpm command-line argument
[Package Manager] UpmClient::Send -- Unable to send message (not connected to UPM process).
[Package Manager] Cannot connect to Unity Package Manager local server
Mono: successfully reloaded assembly
- Completed reload, in  1.089 seconds
Domain Reload Profiling:
	ReloadAssembly (1089ms)
		BeginReloadAssembly (88ms)
			ExecutionOrderSort (0ms)
			DisableScriptedObjects (3ms)
			BackupInstance (0ms)
			ReleaseScriptingObjects (0ms)
			CreateAndSetChildDomain (32ms)
		EndReloadAssembly (950ms)
			LoadAssemblies (43ms)
			RebuildTransferFunctionScriptingTraits (0ms)
			SetupTypeCache (115ms)
				TypeCache.Initialize (109ms)
					TypeCache.ScanAssembly (106ms)
				ResolveRequiredComponents (6ms)
			ReleaseScriptCaches (2ms)
			RebuildScriptCaches (48ms)
			SetupLoadedEditorAssemblies (712ms)
				LogAssemblyErrors (0ms)
				InitializePlatformSupportModulesInManaged (8ms)
				SetLoadedEditorAssemblies (4ms)
				RefreshPlugins (1ms)
				BeforeProcessingInitializeOnLoad (39ms)
				ProcessInitializeOnLoadAttributes (619ms)
				ProcessInitializeOnLoadMethodAttributes (38ms)
				AfterProcessingInitializeOnLoad (4ms)
				EditorAssembliesLoaded (0ms)
			ExecutionOrderSort2 (0ms)
			AwakeInstancesAfterBackupRestoration (4ms)
Platform modules already initialized, skipping
Refreshing native plugins compatible for Editor in 2.63 ms, found 3 plugins.
Preloading 0 native plugins for Editor in 0.00 ms.
Unloading 3558 Unused Serialized files (Serialized files now loaded: 0)
Unloading 47 unused Assets / (33.7 KB). Loaded Objects now: 4060.
Memory consumption went from 0.54 GB to 0.54 GB.
Total: 3.862300 ms (FindLiveObjects: 0.146200 ms CreateObjectMapping: 0.042300 ms MarkObjects: 3.647200 ms  DeleteObjects: 0.025800 ms)

AssetImportParameters requested are different than current active one (requested -> active):
  custom:video-decoder-ogg-theora: a1e56fd34408186e4bbccfd4996cb3dc -> 
  custom:container-muxer-webm: aa71ff27fc2769a1b78a27578f13a17b -> 
  custom:container-demuxer-webm: 4f35f7cbe854078d1ac9338744f61a02 -> 
  custom:video-encoder-webm-vp8: eb34c28f22e8b96e1ab97ce403110664 -> 
  custom:video-codec-MediaFoundation-h265: 746d11721c4dcdbdad8f713fa42b33f4 -> 
  custom:audio-encoder-webm-vorbis: bf7c407c2cedff20999df2af8eb42d56 -> 
  custom:framework-win-MediaFoundation: 216162199b28c13a410421893ffa2e32 -> 
  custom:container-demuxer-ogg: 62fdf1f143b41e24485cea50d1cbac27 -> 
  custom:video-decoder-webm-vp8: 9c59270c3fd7afecdb556c50c9e8de78 -> 
  custom:audio-decoder-ogg-vorbis: bf7c407c2cedff20999df2af8eb42d56 -> 
========================================================================
Received Prepare
Registering precompiled user dll's ...
Registered in 0.004306 seconds.
Begin MonoManager ReloadAssembly
Native extension for WindowsStandalone target not found
Refreshing native plugins compatible for Editor in 0.63 ms, found 3 plugins.
Preloading 0 native plugins for Editor in 0.00 ms.
[Package Manager] Server::EnsureServerProcessIsRunning -- launch failed, reason: Unity was launched with the -noUpm command-line argument
[Package Manager] UpmClient::Send -- Unable to send message (not connected to UPM process).
[Package Manager] Cannot connect to Unity Package Manager local server
Mono: successfully reloaded assembly
- Completed reload, in  1.095 seconds
Domain Reload Profiling:
	ReloadAssembly (1095ms)
		BeginReloadAssembly (85ms)
			ExecutionOrderSort (0ms)
			DisableScriptedObjects (4ms)
			BackupInstance (0ms)
			ReleaseScriptingObjects (0ms)
			CreateAndSetChildDomain (31ms)
		EndReloadAssembly (960ms)
			LoadAssemblies (43ms)
			RebuildTransferFunctionScriptingTraits (0ms)
			SetupTypeCache (112ms)
				TypeCache.Initialize (106ms)
					TypeCache.ScanAssembly (104ms)
				ResolveRequiredComponents (6ms)
			ReleaseScriptCaches (2ms)
			RebuildScriptCaches (39ms)
			SetupLoadedEditorAssemblies (734ms)
				LogAssemblyErrors (0ms)
				InitializePlatformSupportModulesInManaged (6ms)
				SetLoadedEditorAssemblies (10ms)
				RefreshPlugins (1ms)
				BeforeProcessingInitializeOnLoad (41ms)
				ProcessInitializeOnLoadAttributes (635ms)
				ProcessInitializeOnLoadMethodAttributes (38ms)
				AfterProcessingInitializeOnLoad (3ms)
				EditorAssembliesLoaded (0ms)
			ExecutionOrderSort2 (0ms)
			AwakeInstancesAfterBackupRestoration (4ms)
Platform modules already initialized, skipping
Refreshing native plugins compatible for Editor in 2.55 ms, found 3 plugins.
Preloading 0 native plugins for Editor in 0.00 ms.
Unloading 3558 Unused Serialized files (Serialized files now loaded: 0)
Unloading 47 unused Assets / (33.7 KB). Loaded Objects now: 4063.
Memory consumption went from 0.54 GB to 0.54 GB.
Total: 3.915500 ms (FindLiveObjects: 0.145000 ms CreateObjectMapping: 0.050100 ms MarkObjects: 3.695500 ms  DeleteObjects: 0.024100 ms)

AssetImportParameters requested are different than current active one (requested -> active):
  custom:video-decoder-ogg-theora: a1e56fd34408186e4bbccfd4996cb3dc -> 
  custom:container-muxer-webm: aa71ff27fc2769a1b78a27578f13a17b -> 
  custom:container-demuxer-webm: 4f35f7cbe854078d1ac9338744f61a02 -> 
  custom:video-encoder-webm-vp8: eb34c28f22e8b96e1ab97ce403110664 -> 
  custom:video-codec-MediaFoundation-h265: 746d11721c4dcdbdad8f713fa42b33f4 -> 
  custom:audio-encoder-webm-vorbis: bf7c407c2cedff20999df2af8eb42d56 -> 
  custom:framework-win-MediaFoundation: 216162199b28c13a410421893ffa2e32 -> 
  custom:container-demuxer-ogg: 62fdf1f143b41e24485cea50d1cbac27 -> 
  custom:video-decoder-webm-vp8: 9c59270c3fd7afecdb556c50c9e8de78 -> 
  custom:audio-decoder-ogg-vorbis: bf7c407c2cedff20999df2af8eb42d56 -> 
========================================================================
Received Import Request.
  Time since last request: 278.788588 seconds.
  path: Assets/Scenes/Village.unity
  artifactKey: Guid(b2421eceb42cf04458648fe8fab0904f) Importer(815301076,1909f56bfc062723c751e8b465ee728b)
Start importing Assets/Scenes/Village.unity using Guid(b2421eceb42cf04458648fe8fab0904f) Importer(815301076,1909f56bfc062723c751e8b465ee728b)  -> (artifact id: '934cde7bb265f39c8672fe9386f37779') in 0.002445 seconds 
========================================================================
Received Prepare
Registering precompiled user dll's ...
Registered in 0.004600 seconds.
Begin MonoManager ReloadAssembly
Native extension for WindowsStandalone target not found
Refreshing native plugins compatible for Editor in 0.57 ms, found 3 plugins.
Preloading 0 native plugins for Editor in 0.00 ms.
[Package Manager] Server::EnsureServerProcessIsRunning -- launch failed, reason: Unity was launched with the -noUpm command-line argument
[Package Manager] UpmClient::Send -- Unable to send message (not connected to UPM process).
[Package Manager] Cannot connect to Unity Package Manager local server
Mono: successfully reloaded assembly
- Completed reload, in  1.070 seconds
Domain Reload Profiling:
	ReloadAssembly (1070ms)
		BeginReloadAssembly (86ms)
			ExecutionOrderSort (0ms)
			DisableScriptedObjects (4ms)
			BackupInstance (0ms)
			ReleaseScriptingObjects (0ms)
			CreateAndSetChildDomain (32ms)
		EndReloadAssembly (935ms)
			LoadAssemblies (42ms)
			RebuildTransferFunctionScriptingTraits (0ms)
			SetupTypeCache (111ms)
				TypeCache.Initialize (104ms)
					TypeCache.ScanAssembly (101ms)
				ResolveRequiredComponents (6ms)
			ReleaseScriptCaches (1ms)
			RebuildScriptCaches (39ms)
			SetupLoadedEditorAssemblies (712ms)
				LogAssemblyErrors (0ms)
				InitializePlatformSupportModulesInManaged (6ms)
				SetLoadedEditorAssemblies (3ms)
				RefreshPlugins (1ms)
				BeforeProcessingInitializeOnLoad (47ms)
				ProcessInitializeOnLoadAttributes (615ms)
				ProcessInitializeOnLoadMethodAttributes (36ms)
				AfterProcessingInitializeOnLoad (3ms)
				EditorAssembliesLoaded (0ms)
			ExecutionOrderSort2 (0ms)
			AwakeInstancesAfterBackupRestoration (4ms)
Platform modules already initialized, skipping
Refreshing native plugins compatible for Editor in 2.45 ms, found 3 plugins.
Preloading 0 native plugins for Editor in 0.00 ms.
Unloading 3558 Unused Serialized files (Serialized files now loaded: 0)
Unloading 47 unused Assets / (33.7 KB). Loaded Objects now: 4066.
Memory consumption went from 0.54 GB to 0.54 GB.
Total: 3.785600 ms (FindLiveObjects: 0.149100 ms CreateObjectMapping: 0.044000 ms MarkObjects: 3.568300 ms  DeleteObjects: 0.023400 ms)

AssetImportParameters requested are different than current active one (requested -> active):
  custom:video-decoder-ogg-theora: a1e56fd34408186e4bbccfd4996cb3dc -> 
  custom:container-muxer-webm: aa71ff27fc2769a1b78a27578f13a17b -> 
  custom:container-demuxer-webm: 4f35f7cbe854078d1ac9338744f61a02 -> 
  custom:video-encoder-webm-vp8: eb34c28f22e8b96e1ab97ce403110664 -> 
  custom:video-codec-MediaFoundation-h265: 746d11721c4dcdbdad8f713fa42b33f4 -> 
  custom:audio-encoder-webm-vorbis: bf7c407c2cedff20999df2af8eb42d56 -> 
  custom:framework-win-MediaFoundation: 216162199b28c13a410421893ffa2e32 -> 
  custom:container-demuxer-ogg: 62fdf1f143b41e24485cea50d1cbac27 -> 
  custom:video-decoder-webm-vp8: 9c59270c3fd7afecdb556c50c9e8de78 -> 
  custom:audio-decoder-ogg-vorbis: bf7c407c2cedff20999df2af8eb42d56 -> 
========================================================================
Received Prepare
Registering precompiled user dll's ...
Registered in 0.005555 seconds.
Begin MonoManager ReloadAssembly
Native extension for WindowsStandalone target not found
Refreshing native plugins compatible for Editor in 0.66 ms, found 3 plugins.
Preloading 0 native plugins for Editor in 0.00 ms.
[Package Manager] Server::EnsureServerProcessIsRunning -- launch failed, reason: Unity was launched with the -noUpm command-line argument
[Package Manager] UpmClient::Send -- Unable to send message (not connected to UPM process).
[Package Manager] Cannot connect to Unity Package Manager local server
Mono: successfully reloaded assembly
- Completed reload, in  1.039 seconds
Domain Reload Profiling:
	ReloadAssembly (1040ms)
		BeginReloadAssembly (85ms)
			ExecutionOrderSort (0ms)
			DisableScriptedObjects (4ms)
			BackupInstance (0ms)
			ReleaseScriptingObjects (0ms)
			CreateAndSetChildDomain (32ms)
		EndReloadAssembly (904ms)
			LoadAssemblies (42ms)
			RebuildTransferFunctionScriptingTraits (0ms)
			SetupTypeCache (111ms)
				TypeCache.Initialize (105ms)
					TypeCache.ScanAssembly (102ms)
				ResolveRequiredComponents (6ms)
			ReleaseScriptCaches (2ms)
			RebuildScriptCaches (41ms)
			SetupLoadedEditorAssemblies (672ms)
				LogAssemblyErrors (0ms)
				InitializePlatformSupportModulesInManaged (11ms)
				SetLoadedEditorAssemblies (4ms)
				RefreshPlugins (1ms)
				BeforeProcessingInitializeOnLoad (38ms)
				ProcessInitializeOnLoadAttributes (582ms)
				ProcessInitializeOnLoadMethodAttributes (34ms)
				AfterProcessingInitializeOnLoad (3ms)
				EditorAssembliesLoaded (0ms)
			ExecutionOrderSort2 (0ms)
			AwakeInstancesAfterBackupRestoration (4ms)
Platform modules already initialized, skipping
Refreshing native plugins compatible for Editor in 2.37 ms, found 3 plugins.
Preloading 0 native plugins for Editor in 0.00 ms.
Unloading 3558 Unused Serialized files (Serialized files now loaded: 0)
Unloading 47 unused Assets / (33.7 KB). Loaded Objects now: 4069.
Memory consumption went from 0.54 GB to 0.54 GB.
Total: 3.719500 ms (FindLiveObjects: 0.145400 ms CreateObjectMapping: 0.044400 ms MarkObjects: 3.504700 ms  DeleteObjects: 0.023800 ms)

AssetImportParameters requested are different than current active one (requested -> active):
  custom:video-decoder-ogg-theora: a1e56fd34408186e4bbccfd4996cb3dc -> 
  custom:container-muxer-webm: aa71ff27fc2769a1b78a27578f13a17b -> 
  custom:container-demuxer-webm: 4f35f7cbe854078d1ac9338744f61a02 -> 
  custom:video-encoder-webm-vp8: eb34c28f22e8b96e1ab97ce403110664 -> 
  custom:video-codec-MediaFoundation-h265: 746d11721c4dcdbdad8f713fa42b33f4 -> 
  custom:audio-encoder-webm-vorbis: bf7c407c2cedff20999df2af8eb42d56 -> 
  custom:framework-win-MediaFoundation: 216162199b28c13a410421893ffa2e32 -> 
  custom:container-demuxer-ogg: 62fdf1f143b41e24485cea50d1cbac27 -> 
  custom:video-decoder-webm-vp8: 9c59270c3fd7afecdb556c50c9e8de78 -> 
  custom:audio-decoder-ogg-vorbis: bf7c407c2cedff20999df2af8eb42d56 -> 
========================================================================
Received Import Request.
  Time since last request: 180.102309 seconds.
  path: Assets/Scenes/StartHouse.unity
  artifactKey: Guid(7c7d909a33d293345b4bd69d0d31ffc5) Importer(815301076,1909f56bfc062723c751e8b465ee728b)
Start importing Assets/Scenes/StartHouse.unity using Guid(7c7d909a33d293345b4bd69d0d31ffc5) Importer(815301076,1909f56bfc062723c751e8b465ee728b)  -> (artifact id: '5691b85ba2eb84612ee1ff9998cf451e') in 0.007242 seconds 
